[0.143s] DEBUG:colcon:Command line arguments: ['/usr/bin/colcon', 'build']
[0.144s] DEBUG:colcon:Parsed command line arguments: Namespace(log_base=None, log_level=None, verb_name='build', build_base='build', install_base='install', merge_install=False, symlink_install=False, test_result_base=None, continue_on_error=False, executor='parallel', parallel_workers=12, event_handlers=None, ignore_user_meta=False, metas=['./colcon.meta'], base_paths=['.'], packages_ignore=None, packages_ignore_regex=None, paths=None, packages_up_to=None, packages_up_to_regex=None, packages_above=None, packages_above_and_dependencies=None, packages_above_depth=None, packages_select_by_dep=None, packages_skip_by_dep=None, packages_skip_up_to=None, packages_select_build_failed=False, packages_skip_build_finished=False, packages_select_test_failures=False, packages_skip_test_passed=False, packages_select=None, packages_skip=None, packages_select_regex=None, packages_skip_regex=None, packages_start=None, packages_end=None, allow_overriding=[], cmake_args=None, cmake_target=None, cmake_target_skip_unavailable=False, cmake_clean_cache=False, cmake_clean_first=False, cmake_force_configure=False, ament_cmake_args=None, catkin_cmake_args=None, catkin_skip_building_tests=False, mixin_files=None, mixin=None, verb_parser=<colcon_mixin.mixin.mixin_argument.MixinArgumentDecorator object at 0x7f62423b3010>, verb_extension=<colcon_core.verb.build.BuildVerb object at 0x7f62423b2b60>, main=<bound method BuildVerb.main of <colcon_core.verb.build.BuildVerb object at 0x7f62423b2b60>>, mixin_verb=('build',))
[0.367s] Level 1:colcon.colcon_core.package_discovery:discover_packages(colcon_meta) check parameters
[0.367s] Level 1:colcon.colcon_core.package_discovery:discover_packages(recursive) check parameters
[0.367s] Level 1:colcon.colcon_core.package_discovery:discover_packages(ignore) check parameters
[0.367s] Level 1:colcon.colcon_core.package_discovery:discover_packages(path) check parameters
[0.367s] Level 1:colcon.colcon_core.package_discovery:discover_packages(colcon_meta) discover
[0.368s] Level 1:colcon.colcon_core.package_discovery:discover_packages(recursive) discover
[0.368s] INFO:colcon.colcon_core.package_discovery:Crawling recursively for packages in '/home/ksm/ros2_study'
[0.368s] Level 1:colcon.colcon_core.package_identification:_identify(.) by extensions ['ignore', 'ignore_ament_install']
[0.368s] Level 1:colcon.colcon_core.package_identification:_identify(.) by extension 'ignore'
[0.368s] Level 1:colcon.colcon_core.package_identification:_identify(.) by extension 'ignore_ament_install'
[0.368s] Level 1:colcon.colcon_core.package_identification:_identify(.) by extensions ['colcon_pkg']
[0.368s] Level 1:colcon.colcon_core.package_identification:_identify(.) by extension 'colcon_pkg'
[0.368s] Level 1:colcon.colcon_core.package_identification:_identify(.) by extensions ['colcon_meta']
[0.368s] Level 1:colcon.colcon_core.package_identification:_identify(.) by extension 'colcon_meta'
[0.368s] Level 1:colcon.colcon_core.package_identification:_identify(.) by extensions ['ros']
[0.368s] Level 1:colcon.colcon_core.package_identification:_identify(.) by extension 'ros'
[0.380s] Level 1:colcon.colcon_core.package_identification:_identify(.) by extensions ['cmake', 'python']
[0.380s] Level 1:colcon.colcon_core.package_identification:_identify(.) by extension 'cmake'
[0.380s] Level 1:colcon.colcon_core.package_identification:_identify(.) by extension 'python'
[0.381s] Level 1:colcon.colcon_core.package_identification:_identify(.) by extensions ['python_setup_py']
[0.381s] Level 1:colcon.colcon_core.package_identification:_identify(.) by extension 'python_setup_py'
[0.381s] Level 1:colcon.colcon_core.package_identification:_identify(build) by extensions ['ignore', 'ignore_ament_install']
[0.381s] Level 1:colcon.colcon_core.package_identification:_identify(build) by extension 'ignore'
[0.381s] Level 1:colcon.colcon_core.package_identification:_identify(build) ignored
[0.381s] Level 1:colcon.colcon_core.package_identification:_identify(install) by extensions ['ignore', 'ignore_ament_install']
[0.381s] Level 1:colcon.colcon_core.package_identification:_identify(install) by extension 'ignore'
[0.381s] Level 1:colcon.colcon_core.package_identification:_identify(install) ignored
[0.381s] Level 1:colcon.colcon_core.package_identification:_identify(log) by extensions ['ignore', 'ignore_ament_install']
[0.381s] Level 1:colcon.colcon_core.package_identification:_identify(log) by extension 'ignore'
[0.381s] Level 1:colcon.colcon_core.package_identification:_identify(log) ignored
[0.382s] Level 1:colcon.colcon_core.package_identification:_identify(src) by extensions ['ignore', 'ignore_ament_install']
[0.382s] Level 1:colcon.colcon_core.package_identification:_identify(src) by extension 'ignore'
[0.382s] Level 1:colcon.colcon_core.package_identification:_identify(src) by extension 'ignore_ament_install'
[0.382s] Level 1:colcon.colcon_core.package_identification:_identify(src) by extensions ['colcon_pkg']
[0.382s] Level 1:colcon.colcon_core.package_identification:_identify(src) by extension 'colcon_pkg'
[0.382s] Level 1:colcon.colcon_core.package_identification:_identify(src) by extensions ['colcon_meta']
[0.382s] Level 1:colcon.colcon_core.package_identification:_identify(src) by extension 'colcon_meta'
[0.382s] Level 1:colcon.colcon_core.package_identification:_identify(src) by extensions ['ros']
[0.382s] Level 1:colcon.colcon_core.package_identification:_identify(src) by extension 'ros'
[0.382s] Level 1:colcon.colcon_core.package_identification:_identify(src) by extensions ['cmake', 'python']
[0.382s] Level 1:colcon.colcon_core.package_identification:_identify(src) by extension 'cmake'
[0.382s] Level 1:colcon.colcon_core.package_identification:_identify(src) by extension 'python'
[0.382s] Level 1:colcon.colcon_core.package_identification:_identify(src) by extensions ['python_setup_py']
[0.382s] Level 1:colcon.colcon_core.package_identification:_identify(src) by extension 'python_setup_py'
[0.382s] Level 1:colcon.colcon_core.package_identification:_identify(src/my_first_package) by extensions ['ignore', 'ignore_ament_install']
[0.382s] Level 1:colcon.colcon_core.package_identification:_identify(src/my_first_package) by extension 'ignore'
[0.383s] Level 1:colcon.colcon_core.package_identification:_identify(src/my_first_package) by extension 'ignore_ament_install'
[0.383s] Level 1:colcon.colcon_core.package_identification:_identify(src/my_first_package) by extensions ['colcon_pkg']
[0.383s] Level 1:colcon.colcon_core.package_identification:_identify(src/my_first_package) by extension 'colcon_pkg'
[0.383s] Level 1:colcon.colcon_core.package_identification:_identify(src/my_first_package) by extensions ['colcon_meta']
[0.383s] Level 1:colcon.colcon_core.package_identification:_identify(src/my_first_package) by extension 'colcon_meta'
[0.383s] Level 1:colcon.colcon_core.package_identification:_identify(src/my_first_package) by extensions ['ros']
[0.383s] Level 1:colcon.colcon_core.package_identification:_identify(src/my_first_package) by extension 'ros'
[0.386s] DEBUG:colcon.colcon_core.package_identification:Package 'src/my_first_package' with type 'ros.ament_python' and name 'my_first_package'
[0.386s] Level 1:colcon.colcon_core.package_identification:_identify(src/my_first_package_msgs) by extensions ['ignore', 'ignore_ament_install']
[0.386s] Level 1:colcon.colcon_core.package_identification:_identify(src/my_first_package_msgs) by extension 'ignore'
[0.386s] Level 1:colcon.colcon_core.package_identification:_identify(src/my_first_package_msgs) by extension 'ignore_ament_install'
[0.387s] Level 1:colcon.colcon_core.package_identification:_identify(src/my_first_package_msgs) by extensions ['colcon_pkg']
[0.387s] Level 1:colcon.colcon_core.package_identification:_identify(src/my_first_package_msgs) by extension 'colcon_pkg'
[0.387s] Level 1:colcon.colcon_core.package_identification:_identify(src/my_first_package_msgs) by extensions ['colcon_meta']
[0.387s] Level 1:colcon.colcon_core.package_identification:_identify(src/my_first_package_msgs) by extension 'colcon_meta'
[0.387s] Level 1:colcon.colcon_core.package_identification:_identify(src/my_first_package_msgs) by extensions ['ros']
[0.387s] Level 1:colcon.colcon_core.package_identification:_identify(src/my_first_package_msgs) by extension 'ros'
[0.387s] DEBUG:colcon.colcon_core.package_identification:Package 'src/my_first_package_msgs' with type 'ros.ament_cmake' and name 'my_first_package_msgs'
[0.387s] Level 1:colcon.colcon_core.package_discovery:discover_packages(recursive) using defaults
[0.388s] Level 1:colcon.colcon_core.package_discovery:discover_packages(ignore) discover
[0.388s] Level 1:colcon.colcon_core.package_discovery:discover_packages(ignore) using defaults
[0.388s] Level 1:colcon.colcon_core.package_discovery:discover_packages(path) discover
[0.388s] Level 1:colcon.colcon_core.package_discovery:discover_packages(path) using defaults
[0.407s] Level 1:colcon.colcon_core.package_discovery:discover_packages(prefix_path) check parameters
[0.407s] Level 1:colcon.colcon_core.package_discovery:discover_packages(prefix_path) discover
[0.409s] DEBUG:colcon.colcon_installed_package_information.package_discovery:Found 2 installed packages in /home/ksm/ros2_study/install
[0.410s] DEBUG:colcon.colcon_installed_package_information.package_discovery:Found 332 installed packages in /opt/ros/humble
[0.428s] Level 1:colcon.colcon_core.package_discovery:discover_packages(prefix_path) using defaults
[0.468s] Level 5:colcon.colcon_core.verb:set package 'my_first_package' build argument 'cmake_args' from command line to 'None'
[0.468s] Level 5:colcon.colcon_core.verb:set package 'my_first_package' build argument 'cmake_target' from command line to 'None'
[0.468s] Level 5:colcon.colcon_core.verb:set package 'my_first_package' build argument 'cmake_target_skip_unavailable' from command line to 'False'
[0.468s] Level 5:colcon.colcon_core.verb:set package 'my_first_package' build argument 'cmake_clean_cache' from command line to 'False'
[0.468s] Level 5:colcon.colcon_core.verb:set package 'my_first_package' build argument 'cmake_clean_first' from command line to 'False'
[0.468s] Level 5:colcon.colcon_core.verb:set package 'my_first_package' build argument 'cmake_force_configure' from command line to 'False'
[0.468s] Level 5:colcon.colcon_core.verb:set package 'my_first_package' build argument 'ament_cmake_args' from command line to 'None'
[0.468s] Level 5:colcon.colcon_core.verb:set package 'my_first_package' build argument 'catkin_cmake_args' from command line to 'None'
[0.468s] Level 5:colcon.colcon_core.verb:set package 'my_first_package' build argument 'catkin_skip_building_tests' from command line to 'False'
[0.468s] DEBUG:colcon.colcon_core.verb:Building package 'my_first_package' with the following arguments: {'ament_cmake_args': None, 'build_base': '/home/ksm/ros2_study/build/my_first_package', 'catkin_cmake_args': None, 'catkin_skip_building_tests': False, 'cmake_args': None, 'cmake_clean_cache': False, 'cmake_clean_first': False, 'cmake_force_configure': False, 'cmake_target': None, 'cmake_target_skip_unavailable': False, 'install_base': '/home/ksm/ros2_study/install/my_first_package', 'merge_install': False, 'path': '/home/ksm/ros2_study/src/my_first_package', 'symlink_install': False, 'test_result_base': None}
[0.468s] Level 5:colcon.colcon_core.verb:set package 'my_first_package_msgs' build argument 'cmake_args' from command line to 'None'
[0.468s] Level 5:colcon.colcon_core.verb:set package 'my_first_package_msgs' build argument 'cmake_target' from command line to 'None'
[0.468s] Level 5:colcon.colcon_core.verb:set package 'my_first_package_msgs' build argument 'cmake_target_skip_unavailable' from command line to 'False'
[0.468s] Level 5:colcon.colcon_core.verb:set package 'my_first_package_msgs' build argument 'cmake_clean_cache' from command line to 'False'
[0.468s] Level 5:colcon.colcon_core.verb:set package 'my_first_package_msgs' build argument 'cmake_clean_first' from command line to 'False'
[0.468s] Level 5:colcon.colcon_core.verb:set package 'my_first_package_msgs' build argument 'cmake_force_configure' from command line to 'False'
[0.468s] Level 5:colcon.colcon_core.verb:set package 'my_first_package_msgs' build argument 'ament_cmake_args' from command line to 'None'
[0.469s] Level 5:colcon.colcon_core.verb:set package 'my_first_package_msgs' build argument 'catkin_cmake_args' from command line to 'None'
[0.469s] Level 5:colcon.colcon_core.verb:set package 'my_first_package_msgs' build argument 'catkin_skip_building_tests' from command line to 'False'
[0.469s] DEBUG:colcon.colcon_core.verb:Building package 'my_first_package_msgs' with the following arguments: {'ament_cmake_args': None, 'build_base': '/home/ksm/ros2_study/build/my_first_package_msgs', 'catkin_cmake_args': None, 'catkin_skip_building_tests': False, 'cmake_args': None, 'cmake_clean_cache': False, 'cmake_clean_first': False, 'cmake_force_configure': False, 'cmake_target': None, 'cmake_target_skip_unavailable': False, 'install_base': '/home/ksm/ros2_study/install/my_first_package_msgs', 'merge_install': False, 'path': '/home/ksm/ros2_study/src/my_first_package_msgs', 'symlink_install': False, 'test_result_base': None}
[0.469s] INFO:colcon.colcon_core.executor:Executing jobs using 'parallel' executor
[0.470s] DEBUG:colcon.colcon_parallel_executor.executor.parallel:run_until_complete
[0.470s] INFO:colcon.colcon_ros.task.ament_python.build:Building ROS package in '/home/ksm/ros2_study/src/my_first_package' with build type 'ament_python'
[0.471s] Level 1:colcon.colcon_core.shell:create_environment_hook('my_first_package', 'ament_prefix_path')
[0.473s] INFO:colcon.colcon_core.plugin_system:Skipping extension 'colcon_core.shell.bat': Not used on non-Windows systems
[0.473s] INFO:colcon.colcon_core.shell:Creating environment hook '/home/ksm/ros2_study/install/my_first_package/share/my_first_package/hook/ament_prefix_path.ps1'
[0.474s] INFO:colcon.colcon_core.shell:Creating environment descriptor '/home/ksm/ros2_study/install/my_first_package/share/my_first_package/hook/ament_prefix_path.dsv'
[0.474s] INFO:colcon.colcon_core.shell:Creating environment hook '/home/ksm/ros2_study/install/my_first_package/share/my_first_package/hook/ament_prefix_path.sh'
[0.475s] INFO:colcon.colcon_core.shell:Skip shell extension 'powershell' for command environment: Not usable outside of PowerShell
[0.475s] DEBUG:colcon.colcon_core.shell:Skip shell extension 'dsv' for command environment
[0.478s] INFO:colcon.colcon_ros.task.ament_cmake.build:Building ROS package in '/home/ksm/ros2_study/src/my_first_package_msgs' with build type 'ament_cmake'
[0.478s] INFO:colcon.colcon_cmake.task.cmake.build:Building CMake package in '/home/ksm/ros2_study/src/my_first_package_msgs'
[0.479s] INFO:colcon.colcon_core.shell:Skip shell extension 'powershell' for command environment: Not usable outside of PowerShell
[0.479s] DEBUG:colcon.colcon_core.shell:Skip shell extension 'dsv' for command environment
[0.798s] INFO:colcon.colcon_core.task.python.build:Building Python package in '/home/ksm/ros2_study/src/my_first_package'
[0.799s] INFO:colcon.colcon_core.shell:Skip shell extension 'powershell' for command environment: Not usable outside of PowerShell
[0.799s] DEBUG:colcon.colcon_core.shell:Skip shell extension 'dsv' for command environment
[0.808s] DEBUG:colcon.colcon_core.event_handler.log_command:Invoking command in '/home/ksm/ros2_study/build/my_first_package_msgs': CMAKE_PREFIX_PATH=${CMAKE_PREFIX_PATH}:/home/ksm/ros2_study/install/my_first_package:/opt/ros/humble /usr/bin/cmake --build /home/ksm/ros2_study/build/my_first_package_msgs -- -j12 -l12
[1.242s] DEBUG:colcon.colcon_core.event_handler.log_command:Invoked command in '/home/ksm/ros2_study/build/my_first_package_msgs' returned '0': CMAKE_PREFIX_PATH=${CMAKE_PREFIX_PATH}:/home/ksm/ros2_study/install/my_first_package:/opt/ros/humble /usr/bin/cmake --build /home/ksm/ros2_study/build/my_first_package_msgs -- -j12 -l12
[1.282s] DEBUG:colcon.colcon_core.event_handler.log_command:Invoking command in '/home/ksm/ros2_study/src/my_first_package': PYTHONPATH=/home/ksm/ros2_study/build/my_first_package/prefix_override:/usr/lib/python3/dist-packages/colcon_core/task/python/colcon_distutils_commands:/home/ksm/ros2_study/install/my_first_package/lib/python3.10/site-packages:${PYTHONPATH} /usr/bin/python3 -W ignore:setup.py install is deprecated setup.py egg_info --egg-base ../../build/my_first_package build --build-base /home/ksm/ros2_study/build/my_first_package/build install --record /home/ksm/ros2_study/build/my_first_package/install.log --single-version-externally-managed install_data
[1.383s] DEBUG:colcon.colcon_core.event_handler.log_command:Invoking command in '/home/ksm/ros2_study/build/my_first_package_msgs': CMAKE_PREFIX_PATH=${CMAKE_PREFIX_PATH}:/home/ksm/ros2_study/install/my_first_package:/opt/ros/humble /usr/bin/cmake --install /home/ksm/ros2_study/build/my_first_package_msgs
[1.460s] Level 1:colcon.colcon_core.environment:create_environment_scripts_only(my_first_package_msgs)
[1.463s] DEBUG:colcon.colcon_core.event_handler.log_command:Invoked command in '/home/ksm/ros2_study/build/my_first_package_msgs' returned '0': CMAKE_PREFIX_PATH=${CMAKE_PREFIX_PATH}:/home/ksm/ros2_study/install/my_first_package:/opt/ros/humble /usr/bin/cmake --install /home/ksm/ros2_study/build/my_first_package_msgs
[1.466s] Level 1:colcon.colcon_core.environment:checking '/home/ksm/ros2_study/install/my_first_package_msgs' for CMake module files
[1.467s] Level 1:colcon.colcon_core.environment:checking '/home/ksm/ros2_study/install/my_first_package_msgs' for CMake config files
[1.467s] Level 1:colcon.colcon_core.shell:create_environment_hook('my_first_package_msgs', 'cmake_prefix_path')
[1.468s] INFO:colcon.colcon_core.shell:Creating environment hook '/home/ksm/ros2_study/install/my_first_package_msgs/share/my_first_package_msgs/hook/cmake_prefix_path.ps1'
[1.468s] INFO:colcon.colcon_core.shell:Creating environment descriptor '/home/ksm/ros2_study/install/my_first_package_msgs/share/my_first_package_msgs/hook/cmake_prefix_path.dsv'
[1.469s] INFO:colcon.colcon_core.shell:Creating environment hook '/home/ksm/ros2_study/install/my_first_package_msgs/share/my_first_package_msgs/hook/cmake_prefix_path.sh'
[1.470s] Level 1:colcon.colcon_core.environment:checking '/home/ksm/ros2_study/install/my_first_package_msgs/lib'
[1.470s] Level 1:colcon.colcon_core.shell:create_environment_hook('my_first_package_msgs', 'ld_library_path_lib')
[1.470s] INFO:colcon.colcon_core.shell:Creating environment hook '/home/ksm/ros2_study/install/my_first_package_msgs/share/my_first_package_msgs/hook/ld_library_path_lib.ps1'
[1.471s] INFO:colcon.colcon_core.shell:Creating environment descriptor '/home/ksm/ros2_study/install/my_first_package_msgs/share/my_first_package_msgs/hook/ld_library_path_lib.dsv'
[1.472s] INFO:colcon.colcon_core.shell:Creating environment hook '/home/ksm/ros2_study/install/my_first_package_msgs/share/my_first_package_msgs/hook/ld_library_path_lib.sh'
[1.473s] Level 1:colcon.colcon_core.environment:checking '/home/ksm/ros2_study/install/my_first_package_msgs/bin'
[1.473s] Level 1:colcon.colcon_core.environment:checking '/home/ksm/ros2_study/install/my_first_package_msgs/lib/pkgconfig/my_first_package_msgs.pc'
[1.473s] Level 1:colcon.colcon_core.environment:checking '/home/ksm/ros2_study/install/my_first_package_msgs/lib/python3.10/site-packages'
[1.473s] Level 1:colcon.colcon_core.environment:checking '/home/ksm/ros2_study/install/my_first_package_msgs/bin'
[1.474s] INFO:colcon.colcon_core.shell:Creating package script '/home/ksm/ros2_study/install/my_first_package_msgs/share/my_first_package_msgs/package.ps1'
[1.476s] INFO:colcon.colcon_core.shell:Creating package descriptor '/home/ksm/ros2_study/install/my_first_package_msgs/share/my_first_package_msgs/package.dsv'
[1.477s] INFO:colcon.colcon_core.shell:Creating package script '/home/ksm/ros2_study/install/my_first_package_msgs/share/my_first_package_msgs/package.sh'
[1.478s] INFO:colcon.colcon_core.shell:Creating package script '/home/ksm/ros2_study/install/my_first_package_msgs/share/my_first_package_msgs/package.bash'
[1.479s] INFO:colcon.colcon_core.shell:Creating package script '/home/ksm/ros2_study/install/my_first_package_msgs/share/my_first_package_msgs/package.zsh'
[1.480s] Level 1:colcon.colcon_core.environment:create_file_with_runtime_dependencies(/home/ksm/ros2_study/install/my_first_package_msgs/share/colcon-core/packages/my_first_package_msgs)
[1.566s] Level 1:colcon.colcon_core.environment:create_environment_scripts_only(my_first_package_msgs)
[1.566s] Level 1:colcon.colcon_core.environment:checking '/home/ksm/ros2_study/install/my_first_package_msgs' for CMake module files
[1.566s] Level 1:colcon.colcon_core.environment:checking '/home/ksm/ros2_study/install/my_first_package_msgs' for CMake config files
[1.567s] Level 1:colcon.colcon_core.shell:create_environment_hook('my_first_package_msgs', 'cmake_prefix_path')
[1.567s] INFO:colcon.colcon_core.shell:Creating environment hook '/home/ksm/ros2_study/install/my_first_package_msgs/share/my_first_package_msgs/hook/cmake_prefix_path.ps1'
[1.568s] INFO:colcon.colcon_core.shell:Creating environment descriptor '/home/ksm/ros2_study/install/my_first_package_msgs/share/my_first_package_msgs/hook/cmake_prefix_path.dsv'
[1.568s] INFO:colcon.colcon_core.shell:Creating environment hook '/home/ksm/ros2_study/install/my_first_package_msgs/share/my_first_package_msgs/hook/cmake_prefix_path.sh'
[1.569s] Level 1:colcon.colcon_core.environment:checking '/home/ksm/ros2_study/install/my_first_package_msgs/lib'
[1.569s] Level 1:colcon.colcon_core.shell:create_environment_hook('my_first_package_msgs', 'ld_library_path_lib')
[1.569s] INFO:colcon.colcon_core.shell:Creating environment hook '/home/ksm/ros2_study/install/my_first_package_msgs/share/my_first_package_msgs/hook/ld_library_path_lib.ps1'
[1.569s] INFO:colcon.colcon_core.shell:Creating environment descriptor '/home/ksm/ros2_study/install/my_first_package_msgs/share/my_first_package_msgs/hook/ld_library_path_lib.dsv'
[1.570s] INFO:colcon.colcon_core.shell:Creating environment hook '/home/ksm/ros2_study/install/my_first_package_msgs/share/my_first_package_msgs/hook/ld_library_path_lib.sh'
[1.570s] Level 1:colcon.colcon_core.environment:checking '/home/ksm/ros2_study/install/my_first_package_msgs/bin'
[1.570s] Level 1:colcon.colcon_core.environment:checking '/home/ksm/ros2_study/install/my_first_package_msgs/lib/pkgconfig/my_first_package_msgs.pc'
[1.570s] Level 1:colcon.colcon_core.environment:checking '/home/ksm/ros2_study/install/my_first_package_msgs/lib/python3.10/site-packages'
[1.571s] Level 1:colcon.colcon_core.environment:checking '/home/ksm/ros2_study/install/my_first_package_msgs/bin'
[1.571s] INFO:colcon.colcon_core.shell:Creating package script '/home/ksm/ros2_study/install/my_first_package_msgs/share/my_first_package_msgs/package.ps1'
[1.571s] INFO:colcon.colcon_core.shell:Creating package descriptor '/home/ksm/ros2_study/install/my_first_package_msgs/share/my_first_package_msgs/package.dsv'
[1.572s] INFO:colcon.colcon_core.shell:Creating package script '/home/ksm/ros2_study/install/my_first_package_msgs/share/my_first_package_msgs/package.sh'
[1.573s] INFO:colcon.colcon_core.shell:Creating package script '/home/ksm/ros2_study/install/my_first_package_msgs/share/my_first_package_msgs/package.bash'
[1.573s] INFO:colcon.colcon_core.shell:Creating package script '/home/ksm/ros2_study/install/my_first_package_msgs/share/my_first_package_msgs/package.zsh'
[1.573s] Level 1:colcon.colcon_core.environment:create_file_with_runtime_dependencies(/home/ksm/ros2_study/install/my_first_package_msgs/share/colcon-core/packages/my_first_package_msgs)
[1.665s] Level 1:colcon.colcon_core.environment:checking '/home/ksm/ros2_study/install/my_first_package' for CMake module files
[1.666s] DEBUG:colcon.colcon_core.event_handler.log_command:Invoked command in '/home/ksm/ros2_study/src/my_first_package' returned '0': PYTHONPATH=/home/ksm/ros2_study/build/my_first_package/prefix_override:/usr/lib/python3/dist-packages/colcon_core/task/python/colcon_distutils_commands:/home/ksm/ros2_study/install/my_first_package/lib/python3.10/site-packages:${PYTHONPATH} /usr/bin/python3 -W ignore:setup.py install is deprecated setup.py egg_info --egg-base ../../build/my_first_package build --build-base /home/ksm/ros2_study/build/my_first_package/build install --record /home/ksm/ros2_study/build/my_first_package/install.log --single-version-externally-managed install_data
[1.666s] Level 1:colcon.colcon_core.environment:checking '/home/ksm/ros2_study/install/my_first_package' for CMake config files
[1.667s] Level 1:colcon.colcon_core.environment:checking '/home/ksm/ros2_study/install/my_first_package/lib'
[1.667s] Level 1:colcon.colcon_core.environment:checking '/home/ksm/ros2_study/install/my_first_package/bin'
[1.667s] Level 1:colcon.colcon_core.environment:checking '/home/ksm/ros2_study/install/my_first_package/lib/pkgconfig/my_first_package.pc'
[1.667s] Level 1:colcon.colcon_core.environment:checking '/home/ksm/ros2_study/install/my_first_package/lib/python3.10/site-packages'
[1.667s] Level 1:colcon.colcon_core.shell:create_environment_hook('my_first_package', 'pythonpath')
[1.667s] INFO:colcon.colcon_core.shell:Creating environment hook '/home/ksm/ros2_study/install/my_first_package/share/my_first_package/hook/pythonpath.ps1'
[1.668s] INFO:colcon.colcon_core.shell:Creating environment descriptor '/home/ksm/ros2_study/install/my_first_package/share/my_first_package/hook/pythonpath.dsv'
[1.668s] INFO:colcon.colcon_core.shell:Creating environment hook '/home/ksm/ros2_study/install/my_first_package/share/my_first_package/hook/pythonpath.sh'
[1.669s] Level 1:colcon.colcon_core.environment:checking '/home/ksm/ros2_study/install/my_first_package/bin'
[1.669s] Level 1:colcon.colcon_core.environment:create_environment_scripts_only(my_first_package)
[1.669s] INFO:colcon.colcon_core.shell:Creating package script '/home/ksm/ros2_study/install/my_first_package/share/my_first_package/package.ps1'
[1.670s] INFO:colcon.colcon_core.shell:Creating package descriptor '/home/ksm/ros2_study/install/my_first_package/share/my_first_package/package.dsv'
[1.670s] INFO:colcon.colcon_core.shell:Creating package script '/home/ksm/ros2_study/install/my_first_package/share/my_first_package/package.sh'
[1.671s] INFO:colcon.colcon_core.shell:Creating package script '/home/ksm/ros2_study/install/my_first_package/share/my_first_package/package.bash'
[1.671s] INFO:colcon.colcon_core.shell:Creating package script '/home/ksm/ros2_study/install/my_first_package/share/my_first_package/package.zsh'
[1.671s] Level 1:colcon.colcon_core.environment:create_file_with_runtime_dependencies(/home/ksm/ros2_study/install/my_first_package/share/colcon-core/packages/my_first_package)
[1.672s] DEBUG:colcon.colcon_parallel_executor.executor.parallel:closing loop
[1.672s] DEBUG:colcon.colcon_parallel_executor.executor.parallel:loop closed
[1.672s] DEBUG:colcon.colcon_parallel_executor.executor.parallel:run_until_complete finished with '0'
[1.672s] DEBUG:colcon.colcon_core.event_reactor:joining thread
[1.698s] INFO:colcon.colcon_core.plugin_system:Skipping extension 'colcon_notification.desktop_notification.notify_send': Could not find 'notify-send'
[1.698s] INFO:colcon.colcon_core.plugin_system:Skipping extension 'colcon_notification.desktop_notification.terminal_notifier': Not used on non-Darwin systems
[1.698s] INFO:colcon.colcon_core.plugin_system:Skipping extension 'colcon_notification.desktop_notification.win32': Not used on non-Windows systems
[1.698s] INFO:colcon.colcon_notification.desktop_notification:Sending desktop notification using 'notify2'
[1.698s] DEBUG:colcon.colcon_notification.desktop_notification.notify2:Failed to initialize notify2: org.freedesktop.DBus.Error.FileNotFound: Failed to connect to socket /run/user/1000/bus: No such file or directory
[1.698s] DEBUG:colcon.colcon_core.event_reactor:joined thread
[1.699s] INFO:colcon.colcon_core.shell:Creating prefix script '/home/ksm/ros2_study/install/local_setup.ps1'
[1.700s] INFO:colcon.colcon_core.shell:Creating prefix util module '/home/ksm/ros2_study/install/_local_setup_util_ps1.py'
[1.701s] INFO:colcon.colcon_core.shell:Creating prefix chain script '/home/ksm/ros2_study/install/setup.ps1'
[1.702s] INFO:colcon.colcon_core.shell:Creating prefix script '/home/ksm/ros2_study/install/local_setup.sh'
[1.702s] INFO:colcon.colcon_core.shell:Creating prefix util module '/home/ksm/ros2_study/install/_local_setup_util_sh.py'
[1.702s] INFO:colcon.colcon_core.shell:Creating prefix chain script '/home/ksm/ros2_study/install/setup.sh'
[1.703s] INFO:colcon.colcon_core.shell:Creating prefix script '/home/ksm/ros2_study/install/local_setup.bash'
[1.704s] INFO:colcon.colcon_core.shell:Creating prefix chain script '/home/ksm/ros2_study/install/setup.bash'
[1.704s] INFO:colcon.colcon_core.shell:Creating prefix script '/home/ksm/ros2_study/install/local_setup.zsh'
[1.705s] INFO:colcon.colcon_core.shell:Creating prefix chain script '/home/ksm/ros2_study/install/setup.zsh'
