[0.530s] Invoking command in '/home/ksm/ros2_study/src/my_first_package': PYTHONPATH=/home/ksm/ros2_study/build/my_first_package/prefix_override:/usr/lib/python3/dist-packages/colcon_core/task/python/colcon_distutils_commands:/home/ksm/ros2_study/install/my_first_package/lib/python3.10/site-packages:${PYTHONPATH} /usr/bin/python3 -W ignore:setup.py install is deprecated setup.py egg_info --egg-base ../../build/my_first_package build --build-base /home/ksm/ros2_study/build/my_first_package/build install --record /home/ksm/ros2_study/build/my_first_package/install.log --single-version-externally-managed install_data
[0.734s] running egg_info
[0.734s] writing ../../build/my_first_package/my_first_package.egg-info/PKG-INFO
[0.734s] writing dependency_links to ../../build/my_first_package/my_first_package.egg-info/dependency_links.txt
[0.735s] writing entry points to ../../build/my_first_package/my_first_package.egg-info/entry_points.txt
[0.735s] writing requirements to ../../build/my_first_package/my_first_package.egg-info/requires.txt
[0.735s] writing top-level names to ../../build/my_first_package/my_first_package.egg-info/top_level.txt
[0.736s] reading manifest file '../../build/my_first_package/my_first_package.egg-info/SOURCES.txt'
[0.737s] writing manifest file '../../build/my_first_package/my_first_package.egg-info/SOURCES.txt'
[0.737s] running build
[0.737s] running build_py
[0.737s] copying my_first_package/turtle_cmd_and_pose.py -> /home/ksm/ros2_study/build/my_first_package/build/lib/my_first_package
[0.737s] running install
[0.738s] running install_lib
[0.738s] copying /home/ksm/ros2_study/build/my_first_package/build/lib/my_first_package/turtle_cmd_and_pose.py -> /home/ksm/ros2_study/install/my_first_package/lib/python3.10/site-packages/my_first_package
[0.739s] byte-compiling /home/ksm/ros2_study/install/my_first_package/lib/python3.10/site-packages/my_first_package/turtle_cmd_and_pose.py to turtle_cmd_and_pose.cpython-310.pyc
[0.739s] running install_data
[0.740s] running install_egg_info
[0.741s] removing '/home/ksm/ros2_study/install/my_first_package/lib/python3.10/site-packages/my_first_package-0.0.0-py3.10.egg-info' (and everything under it)
[0.741s] Copying ../../build/my_first_package/my_first_package.egg-info to /home/ksm/ros2_study/install/my_first_package/lib/python3.10/site-packages/my_first_package-0.0.0-py3.10.egg-info
[0.742s] running install_scripts
[0.759s] Installing my_first_node script to /home/ksm/ros2_study/install/my_first_package/lib/my_first_package
[0.759s] Installing my_publisher script to /home/ksm/ros2_study/install/my_first_package/lib/my_first_package
[0.759s] Installing my_subscriber script to /home/ksm/ros2_study/install/my_first_package/lib/my_first_package
[0.759s] Installing turtle_cmd_and_pose script to /home/ksm/ros2_study/install/my_first_package/lib/my_first_package
[0.759s] writing list of installed files to '/home/ksm/ros2_study/build/my_first_package/install.log'
[0.777s] Invoked command in '/home/ksm/ros2_study/src/my_first_package' returned '0': PYTHONPATH=/home/ksm/ros2_study/build/my_first_package/prefix_override:/usr/lib/python3/dist-packages/colcon_core/task/python/colcon_distutils_commands:/home/ksm/ros2_study/install/my_first_package/lib/python3.10/site-packages:${PYTHONPATH} /usr/bin/python3 -W ignore:setup.py install is deprecated setup.py egg_info --egg-base ../../build/my_first_package build --build-base /home/ksm/ros2_study/build/my_first_package/build install --record /home/ksm/ros2_study/build/my_first_package/install.log --single-version-externally-managed install_data
