[0.550s] Invoking command in '/home/ksm/ros2_study/src/my_first_package': PYTHONPATH=/home/ksm/ros2_study/build/my_first_package/prefix_override:/usr/lib/python3/dist-packages/colcon_core/task/python/colcon_distutils_commands:/home/ksm/ros2_study/install/my_first_package/lib/python3.10/site-packages:${PYTHONPATH} /usr/bin/python3 -W ignore:setup.py install is deprecated setup.py egg_info --egg-base ../../build/my_first_package build --build-base /home/ksm/ros2_study/build/my_first_package/build install --record /home/ksm/ros2_study/build/my_first_package/install.log --single-version-externally-managed install_data
[0.760s] running egg_info
[0.760s] writing ../../build/my_first_package/my_first_package.egg-info/PKG-INFO
[0.760s] writing dependency_links to ../../build/my_first_package/my_first_package.egg-info/dependency_links.txt
[0.760s] writing entry points to ../../build/my_first_package/my_first_package.egg-info/entry_points.txt
[0.761s] writing requirements to ../../build/my_first_package/my_first_package.egg-info/requires.txt
[0.761s] writing top-level names to ../../build/my_first_package/my_first_package.egg-info/top_level.txt
[0.762s] reading manifest file '../../build/my_first_package/my_first_package.egg-info/SOURCES.txt'
[0.763s] writing manifest file '../../build/my_first_package/my_first_package.egg-info/SOURCES.txt'
[0.763s] running build
[0.763s] running build_py
[0.763s] copying my_first_package/my_subscriber.py -> /home/ksm/ros2_study/build/my_first_package/build/lib/my_first_package
[0.763s] running install
[0.764s] running install_lib
[0.764s] copying /home/ksm/ros2_study/build/my_first_package/build/lib/my_first_package/my_subscriber.py -> /home/ksm/ros2_study/install/my_first_package/lib/python3.10/site-packages/my_first_package
[0.765s] byte-compiling /home/ksm/ros2_study/install/my_first_package/lib/python3.10/site-packages/my_first_package/my_subscriber.py to my_subscriber.cpython-310.pyc
[0.765s] running install_data
[0.765s] running install_egg_info
[0.767s] removing '/home/ksm/ros2_study/install/my_first_package/lib/python3.10/site-packages/my_first_package-0.0.0-py3.10.egg-info' (and everything under it)
[0.767s] Copying ../../build/my_first_package/my_first_package.egg-info to /home/ksm/ros2_study/install/my_first_package/lib/python3.10/site-packages/my_first_package-0.0.0-py3.10.egg-info
[0.768s] running install_scripts
[0.785s] Installing my_first_node script to /home/ksm/ros2_study/install/my_first_package/lib/my_first_package
[0.786s] Installing my_subscriber script to /home/ksm/ros2_study/install/my_first_package/lib/my_first_package
[0.786s] writing list of installed files to '/home/ksm/ros2_study/build/my_first_package/install.log'
[0.806s] Invoked command in '/home/ksm/ros2_study/src/my_first_package' returned '0': PYTHONPATH=/home/ksm/ros2_study/build/my_first_package/prefix_override:/usr/lib/python3/dist-packages/colcon_core/task/python/colcon_distutils_commands:/home/ksm/ros2_study/install/my_first_package/lib/python3.10/site-packages:${PYTHONPATH} /usr/bin/python3 -W ignore:setup.py install is deprecated setup.py egg_info --egg-base ../../build/my_first_package build --build-base /home/ksm/ros2_study/build/my_first_package/build install --record /home/ksm/ros2_study/build/my_first_package/install.log --single-version-externally-managed install_data
