[0.744s] Invoking command in '/home/ksm/ros2_study/src/my_first_package': PYTHONPATH=/home/ksm/ros2_study/build/my_first_package/prefix_override:/usr/lib/python3/dist-packages/colcon_core/task/python/colcon_distutils_commands:/home/ksm/ros2_study/install/my_first_package/lib/python3.10/site-packages:${PYTHONPATH} /usr/bin/python3 -W ignore:setup.py install is deprecated setup.py egg_info --egg-base ../../build/my_first_package build --build-base /home/ksm/ros2_study/build/my_first_package/build install --record /home/ksm/ros2_study/build/my_first_package/install.log --single-version-externally-managed install_data
[0.959s] running egg_info
[0.960s] writing ../../build/my_first_package/my_first_package.egg-info/PKG-INFO
[0.960s] writing dependency_links to ../../build/my_first_package/my_first_package.egg-info/dependency_links.txt
[0.960s] writing entry points to ../../build/my_first_package/my_first_package.egg-info/entry_points.txt
[0.960s] writing requirements to ../../build/my_first_package/my_first_package.egg-info/requires.txt
[0.960s] writing top-level names to ../../build/my_first_package/my_first_package.egg-info/top_level.txt
[0.962s] reading manifest file '../../build/my_first_package/my_first_package.egg-info/SOURCES.txt'
[0.963s] writing manifest file '../../build/my_first_package/my_first_package.egg-info/SOURCES.txt'
[0.963s] running build
[0.963s] running build_py
[0.963s] copying my_first_package/my_service_server.py -> /home/ksm/ros2_study/build/my_first_package/build/lib/my_first_package
[0.963s] copying my_first_package/n_spawn.py -> /home/ksm/ros2_study/build/my_first_package/build/lib/my_first_package
[0.963s] running install
[0.964s] running install_lib
[0.965s] copying /home/ksm/ros2_study/build/my_first_package/build/lib/my_first_package/my_service_server.py -> /home/ksm/ros2_study/install/my_first_package/lib/python3.10/site-packages/my_first_package
[0.965s] copying /home/ksm/ros2_study/build/my_first_package/build/lib/my_first_package/n_spawn.py -> /home/ksm/ros2_study/install/my_first_package/lib/python3.10/site-packages/my_first_package
[0.965s] byte-compiling /home/ksm/ros2_study/install/my_first_package/lib/python3.10/site-packages/my_first_package/my_service_server.py to my_service_server.cpython-310.pyc
[0.966s] byte-compiling /home/ksm/ros2_study/install/my_first_package/lib/python3.10/site-packages/my_first_package/n_spawn.py to n_spawn.cpython-310.pyc
[0.966s] running install_data
[0.966s] running install_egg_info
[0.968s] removing '/home/ksm/ros2_study/install/my_first_package/lib/python3.10/site-packages/my_first_package-0.0.0-py3.10.egg-info' (and everything under it)
[0.968s] Copying ../../build/my_first_package/my_first_package.egg-info to /home/ksm/ros2_study/install/my_first_package/lib/python3.10/site-packages/my_first_package-0.0.0-py3.10.egg-info
[0.969s] running install_scripts
[0.988s] Installing my_first_node script to /home/ksm/ros2_study/install/my_first_package/lib/my_first_package
[0.988s] Installing my_publisher script to /home/ksm/ros2_study/install/my_first_package/lib/my_first_package
[0.988s] Installing my_service_server script to /home/ksm/ros2_study/install/my_first_package/lib/my_first_package
[0.988s] Installing my_subscriber script to /home/ksm/ros2_study/install/my_first_package/lib/my_first_package
[0.988s] Installing turtle_cmd_and_pose script to /home/ksm/ros2_study/install/my_first_package/lib/my_first_package
[0.989s] writing list of installed files to '/home/ksm/ros2_study/build/my_first_package/install.log'
[1.010s] Invoked command in '/home/ksm/ros2_study/src/my_first_package' returned '0': PYTHONPATH=/home/ksm/ros2_study/build/my_first_package/prefix_override:/usr/lib/python3/dist-packages/colcon_core/task/python/colcon_distutils_commands:/home/ksm/ros2_study/install/my_first_package/lib/python3.10/site-packages:${PYTHONPATH} /usr/bin/python3 -W ignore:setup.py install is deprecated setup.py egg_info --egg-base ../../build/my_first_package build --build-base /home/ksm/ros2_study/build/my_first_package/build install --record /home/ksm/ros2_study/build/my_first_package/install.log --single-version-externally-managed install_data
