[0.786s] Invoking command in '/home/ksm/ros2_study/src/my_first_package': PYTHONPATH=/home/ksm/ros2_study/build/my_first_package/prefix_override:/usr/lib/python3/dist-packages/colcon_core/task/python/colcon_distutils_commands:/home/ksm/ros2_study/install/my_first_package/lib/python3.10/site-packages:${PYTHONPATH} /usr/bin/python3 -W ignore:setup.py install is deprecated setup.py egg_info --egg-base ../../build/my_first_package build --build-base /home/ksm/ros2_study/build/my_first_package/build install --record /home/ksm/ros2_study/build/my_first_package/install.log --single-version-externally-managed install_data
[1.000s] running egg_info
[1.000s] writing ../../build/my_first_package/my_first_package.egg-info/PKG-INFO
[1.001s] writing dependency_links to ../../build/my_first_package/my_first_package.egg-info/dependency_links.txt
[1.001s] writing entry points to ../../build/my_first_package/my_first_package.egg-info/entry_points.txt
[1.001s] writing requirements to ../../build/my_first_package/my_first_package.egg-info/requires.txt
[1.001s] writing top-level names to ../../build/my_first_package/my_first_package.egg-info/top_level.txt
[1.003s] reading manifest file '../../build/my_first_package/my_first_package.egg-info/SOURCES.txt'
[1.004s] writing manifest file '../../build/my_first_package/my_first_package.egg-info/SOURCES.txt'
[1.005s] running build
[1.005s] running build_py
[1.005s] copying my_first_package/my_action_server.py -> /home/ksm/ros2_study/build/my_first_package/build/lib/my_first_package
[1.005s] running install
[1.006s] running install_lib
[1.007s] copying /home/ksm/ros2_study/build/my_first_package/build/lib/my_first_package/my_action_server.py -> /home/ksm/ros2_study/install/my_first_package/lib/python3.10/site-packages/my_first_package
[1.007s] byte-compiling /home/ksm/ros2_study/install/my_first_package/lib/python3.10/site-packages/my_first_package/my_action_server.py to my_action_server.cpython-310.pyc
[1.008s] running install_data
[1.009s] running install_egg_info
[1.010s] removing '/home/ksm/ros2_study/install/my_first_package/lib/python3.10/site-packages/my_first_package-0.0.0-py3.10.egg-info' (and everything under it)
[1.011s] Copying ../../build/my_first_package/my_first_package.egg-info to /home/ksm/ros2_study/install/my_first_package/lib/python3.10/site-packages/my_first_package-0.0.0-py3.10.egg-info
[1.012s] running install_scripts
[1.031s] Installing dist_turtle_action_serverr script to /home/ksm/ros2_study/install/my_first_package/lib/my_first_package
[1.031s] Installing my_first_node script to /home/ksm/ros2_study/install/my_first_package/lib/my_first_package
[1.031s] Installing my_publisher script to /home/ksm/ros2_study/install/my_first_package/lib/my_first_package
[1.031s] Installing my_service_server script to /home/ksm/ros2_study/install/my_first_package/lib/my_first_package
[1.031s] Installing my_subscriber script to /home/ksm/ros2_study/install/my_first_package/lib/my_first_package
[1.032s] Installing n_spawn_server script to /home/ksm/ros2_study/install/my_first_package/lib/my_first_package
[1.032s] Installing turtle_cmd_and_pose script to /home/ksm/ros2_study/install/my_first_package/lib/my_first_package
[1.032s] writing list of installed files to '/home/ksm/ros2_study/build/my_first_package/install.log'
[1.054s] Invoked command in '/home/ksm/ros2_study/src/my_first_package' returned '0': PYTHONPATH=/home/ksm/ros2_study/build/my_first_package/prefix_override:/usr/lib/python3/dist-packages/colcon_core/task/python/colcon_distutils_commands:/home/ksm/ros2_study/install/my_first_package/lib/python3.10/site-packages:${PYTHONPATH} /usr/bin/python3 -W ignore:setup.py install is deprecated setup.py egg_info --egg-base ../../build/my_first_package build --build-base /home/ksm/ros2_study/build/my_first_package/build install --record /home/ksm/ros2_study/build/my_first_package/install.log --single-version-externally-managed install_data
