[0.678s] Invoking command in '/home/ksm/ros2_study/src/my_first_package': PYTHONPATH=/home/ksm/ros2_study/build/my_first_package/prefix_override:/usr/lib/python3/dist-packages/colcon_core/task/python/colcon_distutils_commands:/home/ksm/ros2_study/install/my_first_package/lib/python3.10/site-packages:${PYTHONPATH} /usr/bin/python3 -W ignore:setup.py install is deprecated setup.py egg_info --egg-base ../../build/my_first_package build --build-base /home/ksm/ros2_study/build/my_first_package/build install --record /home/ksm/ros2_study/build/my_first_package/install.log --single-version-externally-managed install_data
[0.876s] running egg_info
[0.876s] creating ../../build/my_first_package/my_first_package.egg-info
[0.877s] writing ../../build/my_first_package/my_first_package.egg-info/PKG-INFO
[0.877s] writing dependency_links to ../../build/my_first_package/my_first_package.egg-info/dependency_links.txt
[0.877s] writing entry points to ../../build/my_first_package/my_first_package.egg-info/entry_points.txt
[0.877s] writing requirements to ../../build/my_first_package/my_first_package.egg-info/requires.txt
[0.877s] writing top-level names to ../../build/my_first_package/my_first_package.egg-info/top_level.txt
[0.878s] writing manifest file '../../build/my_first_package/my_first_package.egg-info/SOURCES.txt'
[0.879s] reading manifest file '../../build/my_first_package/my_first_package.egg-info/SOURCES.txt'
[0.879s] writing manifest file '../../build/my_first_package/my_first_package.egg-info/SOURCES.txt'
[0.880s] running build
[0.880s] running build_py
[0.880s] creating /home/ksm/ros2_study/build/my_first_package/build
[0.881s] creating /home/ksm/ros2_study/build/my_first_package/build/lib
[0.881s] creating /home/ksm/ros2_study/build/my_first_package/build/lib/my_first_package
[0.881s] copying my_first_package/__init__.py -> /home/ksm/ros2_study/build/my_first_package/build/lib/my_first_package
[0.881s] copying my_first_package/my_first_node.py -> /home/ksm/ros2_study/build/my_first_package/build/lib/my_first_package
[0.881s] running install
[0.882s] running install_lib
[0.882s] creating /home/ksm/ros2_study/install/my_first_package/lib/python3.10/site-packages/my_first_package
[0.883s] copying /home/ksm/ros2_study/build/my_first_package/build/lib/my_first_package/__init__.py -> /home/ksm/ros2_study/install/my_first_package/lib/python3.10/site-packages/my_first_package
[0.883s] copying /home/ksm/ros2_study/build/my_first_package/build/lib/my_first_package/my_first_node.py -> /home/ksm/ros2_study/install/my_first_package/lib/python3.10/site-packages/my_first_package
[0.883s] byte-compiling /home/ksm/ros2_study/install/my_first_package/lib/python3.10/site-packages/my_first_package/__init__.py to __init__.cpython-310.pyc
[0.883s] byte-compiling /home/ksm/ros2_study/install/my_first_package/lib/python3.10/site-packages/my_first_package/my_first_node.py to my_first_node.cpython-310.pyc
[0.884s] running install_data
[0.884s] creating /home/ksm/ros2_study/install/my_first_package/share/ament_index
[0.884s] creating /home/ksm/ros2_study/install/my_first_package/share/ament_index/resource_index
[0.884s] creating /home/ksm/ros2_study/install/my_first_package/share/ament_index/resource_index/packages
[0.885s] copying resource/my_first_package -> /home/ksm/ros2_study/install/my_first_package/share/ament_index/resource_index/packages
[0.885s] copying package.xml -> /home/ksm/ros2_study/install/my_first_package/share/my_first_package
[0.885s] running install_egg_info
[0.886s] Copying ../../build/my_first_package/my_first_package.egg-info to /home/ksm/ros2_study/install/my_first_package/lib/python3.10/site-packages/my_first_package-0.0.0-py3.10.egg-info
[0.888s] running install_scripts
[0.905s] Installing my_first_node script to /home/ksm/ros2_study/install/my_first_package/lib/my_first_package
[0.906s] writing list of installed files to '/home/ksm/ros2_study/build/my_first_package/install.log'
[0.926s] Invoked command in '/home/ksm/ros2_study/src/my_first_package' returned '0': PYTHONPATH=/home/ksm/ros2_study/build/my_first_package/prefix_override:/usr/lib/python3/dist-packages/colcon_core/task/python/colcon_distutils_commands:/home/ksm/ros2_study/install/my_first_package/lib/python3.10/site-packages:${PYTHONPATH} /usr/bin/python3 -W ignore:setup.py install is deprecated setup.py egg_info --egg-base ../../build/my_first_package build --build-base /home/ksm/ros2_study/build/my_first_package/build install --record /home/ksm/ros2_study/build/my_first_package/install.log --single-version-externally-managed install_data
