[0.337s] Invoking command in '/home/ksm/ros2_study/build/my_first_package_msgs': CMAKE_PREFIX_PATH=${CMAKE_PREFIX_PATH}:/home/ksm/ros2_study/install/my_first_package:/opt/ros/humble /usr/bin/cmake --build /home/ksm/ros2_study/build/my_first_package_msgs -- -j12 -l12
[0.477s] [  4%] Built target my_first_package_msgs__cpp
[0.478s] [ 12%] Built target my_first_package_msgs__rosidl_generator_c
[0.504s] [ 51%] Built target my_first_package_msgs__rosidl_typesupport_fastrtps_c
[0.504s] [ 53%] Built target my_first_package_msgs__rosidl_typesupport_c
[0.505s] [ 53%] Built target my_first_package_msgs__rosidl_typesupport_introspection_cpp
[0.505s] [ 55%] Built target my_first_package_msgs__rosidl_typesupport_cpp
[0.506s] [ 65%] Built target my_first_package_msgs__rosidl_typesupport_introspection_c
[0.513s] [ 76%] Built target my_first_package_msgs__rosidl_typesupport_fastrtps_cpp
[0.518s] [ 76%] Built target ament_cmake_python_copy_my_first_package_msgs
[0.531s] [ 76%] Built target my_first_package_msgs
[0.552s] [ 78%] Built target my_first_package_msgs__py
[0.573s] [ 87%] Built target my_first_package_msgs__rosidl_generator_py
[0.596s] [ 97%] Built target my_first_package_msgs__rosidl_typesupport_introspection_c__pyext
[0.597s] [ 97%] Built target my_first_package_msgs__rosidl_typesupport_c__pyext
[0.597s] [100%] Built target my_first_package_msgs__rosidl_typesupport_fastrtps_c__pyext
[0.845s] running egg_info
[0.846s] writing my_first_package_msgs.egg-info/PKG-INFO
[0.846s] writing dependency_links to my_first_package_msgs.egg-info/dependency_links.txt
[0.846s] writing top-level names to my_first_package_msgs.egg-info/top_level.txt
[0.849s] reading manifest file 'my_first_package_msgs.egg-info/SOURCES.txt'
[0.850s] writing manifest file 'my_first_package_msgs.egg-info/SOURCES.txt'
[0.878s] [100%] Built target ament_cmake_python_build_my_first_package_msgs_egg
[0.889s] Invoked command in '/home/ksm/ros2_study/build/my_first_package_msgs' returned '0': CMAKE_PREFIX_PATH=${CMAKE_PREFIX_PATH}:/home/ksm/ros2_study/install/my_first_package:/opt/ros/humble /usr/bin/cmake --build /home/ksm/ros2_study/build/my_first_package_msgs -- -j12 -l12
[0.970s] Invoking command in '/home/ksm/ros2_study/build/my_first_package_msgs': CMAKE_PREFIX_PATH=${CMAKE_PREFIX_PATH}:/home/ksm/ros2_study/install/my_first_package:/opt/ros/humble /usr/bin/cmake --install /home/ksm/ros2_study/build/my_first_package_msgs
[0.977s] -- Install configuration: ""
[0.978s] -- Up-to-date: /home/ksm/ros2_study/install/my_first_package_msgs/share/ament_index/resource_index/rosidl_interfaces/my_first_package_msgs
[0.978s] -- Up-to-date: /home/ksm/ros2_study/install/my_first_package_msgs/include/my_first_package_msgs/my_first_package_msgs
[0.978s] -- Up-to-date: /home/ksm/ros2_study/install/my_first_package_msgs/include/my_first_package_msgs/my_first_package_msgs/msg
[0.978s] -- Up-to-date: /home/ksm/ros2_study/install/my_first_package_msgs/include/my_first_package_msgs/my_first_package_msgs/msg/detail
[0.979s] -- Up-to-date: /home/ksm/ros2_study/install/my_first_package_msgs/include/my_first_package_msgs/my_first_package_msgs/msg/detail/cmd_and_pose_vel__functions.c
[0.979s] -- Up-to-date: /home/ksm/ros2_study/install/my_first_package_msgs/include/my_first_package_msgs/my_first_package_msgs/msg/detail/cmd_and_pose_vel__functions.h
[0.979s] -- Up-to-date: /home/ksm/ros2_study/install/my_first_package_msgs/include/my_first_package_msgs/my_first_package_msgs/msg/detail/cmd_and_pose_vel__struct.h
[0.979s] -- Up-to-date: /home/ksm/ros2_study/install/my_first_package_msgs/include/my_first_package_msgs/my_first_package_msgs/msg/detail/cmd_and_pose_vel__type_support.h
[0.980s] -- Up-to-date: /home/ksm/ros2_study/install/my_first_package_msgs/include/my_first_package_msgs/my_first_package_msgs/msg/rosidl_generator_c__visibility_control.h
[0.980s] -- Up-to-date: /home/ksm/ros2_study/install/my_first_package_msgs/include/my_first_package_msgs/my_first_package_msgs/msg/cmd_and_pose_vel.h
[0.980s] -- Up-to-date: /home/ksm/ros2_study/install/my_first_package_msgs/include/my_first_package_msgs/my_first_package_msgs/srv
[0.981s] -- Up-to-date: /home/ksm/ros2_study/install/my_first_package_msgs/include/my_first_package_msgs/my_first_package_msgs/srv/detail
[0.981s] -- Up-to-date: /home/ksm/ros2_study/install/my_first_package_msgs/include/my_first_package_msgs/my_first_package_msgs/srv/detail/multi_spawn__type_support.h
[0.981s] -- Up-to-date: /home/ksm/ros2_study/install/my_first_package_msgs/include/my_first_package_msgs/my_first_package_msgs/srv/detail/multi_spawn__functions.c
[0.981s] -- Up-to-date: /home/ksm/ros2_study/install/my_first_package_msgs/include/my_first_package_msgs/my_first_package_msgs/srv/detail/multi_spawn__functions.h
[0.981s] -- Up-to-date: /home/ksm/ros2_study/install/my_first_package_msgs/include/my_first_package_msgs/my_first_package_msgs/srv/detail/multi_spawn__struct.h
[0.981s] -- Up-to-date: /home/ksm/ros2_study/install/my_first_package_msgs/include/my_first_package_msgs/my_first_package_msgs/srv/multi_spawn.h
[0.981s] -- Up-to-date: /home/ksm/ros2_study/install/my_first_package_msgs/include/my_first_package_msgs/my_first_package_msgs/action
[0.982s] -- Up-to-date: /home/ksm/ros2_study/install/my_first_package_msgs/include/my_first_package_msgs/my_first_package_msgs/action/detail
[0.982s] -- Up-to-date: /home/ksm/ros2_study/install/my_first_package_msgs/include/my_first_package_msgs/my_first_package_msgs/action/detail/dis_turtle__functions.h
[0.982s] -- Up-to-date: /home/ksm/ros2_study/install/my_first_package_msgs/include/my_first_package_msgs/my_first_package_msgs/action/detail/dis_turtle__struct.h
[0.982s] -- Up-to-date: /home/ksm/ros2_study/install/my_first_package_msgs/include/my_first_package_msgs/my_first_package_msgs/action/detail/dis_turtle__type_support.h
[0.982s] -- Up-to-date: /home/ksm/ros2_study/install/my_first_package_msgs/include/my_first_package_msgs/my_first_package_msgs/action/detail/dis_turtle__functions.c
[0.982s] -- Up-to-date: /home/ksm/ros2_study/install/my_first_package_msgs/include/my_first_package_msgs/my_first_package_msgs/action/dis_turtle.h
[0.982s] -- Up-to-date: /home/ksm/ros2_study/install/my_first_package_msgs/share/my_first_package_msgs/environment/library_path.sh
[0.983s] -- Up-to-date: /home/ksm/ros2_study/install/my_first_package_msgs/share/my_first_package_msgs/environment/library_path.dsv
[0.983s] -- Up-to-date: /home/ksm/ros2_study/install/my_first_package_msgs/lib/libmy_first_package_msgs__rosidl_generator_c.so
[0.983s] -- Up-to-date: /home/ksm/ros2_study/install/my_first_package_msgs/include/my_first_package_msgs/my_first_package_msgs
[0.983s] -- Up-to-date: /home/ksm/ros2_study/install/my_first_package_msgs/include/my_first_package_msgs/my_first_package_msgs/msg
[0.984s] -- Up-to-date: /home/ksm/ros2_study/install/my_first_package_msgs/include/my_first_package_msgs/my_first_package_msgs/msg/detail
[0.984s] -- Up-to-date: /home/ksm/ros2_study/install/my_first_package_msgs/include/my_first_package_msgs/my_first_package_msgs/msg/detail/cmd_and_pose_vel__rosidl_typesupport_fastrtps_c.h
[0.984s] -- Up-to-date: /home/ksm/ros2_study/install/my_first_package_msgs/include/my_first_package_msgs/my_first_package_msgs/msg/rosidl_typesupport_fastrtps_c__visibility_control.h
[0.984s] -- Up-to-date: /home/ksm/ros2_study/install/my_first_package_msgs/include/my_first_package_msgs/my_first_package_msgs/srv
[0.984s] -- Up-to-date: /home/ksm/ros2_study/install/my_first_package_msgs/include/my_first_package_msgs/my_first_package_msgs/srv/detail
[0.984s] -- Up-to-date: /home/ksm/ros2_study/install/my_first_package_msgs/include/my_first_package_msgs/my_first_package_msgs/srv/detail/multi_spawn__rosidl_typesupport_fastrtps_c.h
[0.985s] -- Up-to-date: /home/ksm/ros2_study/install/my_first_package_msgs/include/my_first_package_msgs/my_first_package_msgs/action
[0.985s] -- Up-to-date: /home/ksm/ros2_study/install/my_first_package_msgs/include/my_first_package_msgs/my_first_package_msgs/action/detail
[0.985s] -- Up-to-date: /home/ksm/ros2_study/install/my_first_package_msgs/include/my_first_package_msgs/my_first_package_msgs/action/detail/dis_turtle__rosidl_typesupport_fastrtps_c.h
[0.985s] -- Up-to-date: /home/ksm/ros2_study/install/my_first_package_msgs/lib/libmy_first_package_msgs__rosidl_typesupport_fastrtps_c.so
[0.985s] -- Up-to-date: /home/ksm/ros2_study/install/my_first_package_msgs/include/my_first_package_msgs/my_first_package_msgs
[0.985s] -- Up-to-date: /home/ksm/ros2_study/install/my_first_package_msgs/include/my_first_package_msgs/my_first_package_msgs/msg
[0.985s] -- Up-to-date: /home/ksm/ros2_study/install/my_first_package_msgs/include/my_first_package_msgs/my_first_package_msgs/msg/detail
[0.986s] -- Up-to-date: /home/ksm/ros2_study/install/my_first_package_msgs/include/my_first_package_msgs/my_first_package_msgs/msg/detail/cmd_and_pose_vel__type_support.c
[0.986s] -- Up-to-date: /home/ksm/ros2_study/install/my_first_package_msgs/include/my_first_package_msgs/my_first_package_msgs/msg/detail/cmd_and_pose_vel__rosidl_typesupport_introspection_c.h
[0.986s] -- Up-to-date: /home/ksm/ros2_study/install/my_first_package_msgs/include/my_first_package_msgs/my_first_package_msgs/msg/rosidl_typesupport_introspection_c__visibility_control.h
[0.986s] -- Up-to-date: /home/ksm/ros2_study/install/my_first_package_msgs/include/my_first_package_msgs/my_first_package_msgs/srv
[0.987s] -- Up-to-date: /home/ksm/ros2_study/install/my_first_package_msgs/include/my_first_package_msgs/my_first_package_msgs/srv/detail
[0.987s] -- Up-to-date: /home/ksm/ros2_study/install/my_first_package_msgs/include/my_first_package_msgs/my_first_package_msgs/srv/detail/multi_spawn__rosidl_typesupport_introspection_c.h
[0.987s] -- Up-to-date: /home/ksm/ros2_study/install/my_first_package_msgs/include/my_first_package_msgs/my_first_package_msgs/srv/detail/multi_spawn__type_support.c
[0.987s] -- Up-to-date: /home/ksm/ros2_study/install/my_first_package_msgs/include/my_first_package_msgs/my_first_package_msgs/action
[0.987s] -- Up-to-date: /home/ksm/ros2_study/install/my_first_package_msgs/include/my_first_package_msgs/my_first_package_msgs/action/detail
[0.987s] -- Up-to-date: /home/ksm/ros2_study/install/my_first_package_msgs/include/my_first_package_msgs/my_first_package_msgs/action/detail/dis_turtle__rosidl_typesupport_introspection_c.h
[0.987s] -- Up-to-date: /home/ksm/ros2_study/install/my_first_package_msgs/include/my_first_package_msgs/my_first_package_msgs/action/detail/dis_turtle__type_support.c
[0.988s] -- Up-to-date: /home/ksm/ros2_study/install/my_first_package_msgs/lib/libmy_first_package_msgs__rosidl_typesupport_introspection_c.so
[0.994s] -- Up-to-date: /home/ksm/ros2_study/install/my_first_package_msgs/lib/libmy_first_package_msgs__rosidl_typesupport_c.so
[0.994s] -- Up-to-date: /home/ksm/ros2_study/install/my_first_package_msgs/include/my_first_package_msgs/my_first_package_msgs
[0.995s] -- Up-to-date: /home/ksm/ros2_study/install/my_first_package_msgs/include/my_first_package_msgs/my_first_package_msgs/msg
[0.995s] -- Up-to-date: /home/ksm/ros2_study/install/my_first_package_msgs/include/my_first_package_msgs/my_first_package_msgs/msg/detail
[0.995s] -- Up-to-date: /home/ksm/ros2_study/install/my_first_package_msgs/include/my_first_package_msgs/my_first_package_msgs/msg/detail/cmd_and_pose_vel__builder.hpp
[0.995s] -- Up-to-date: /home/ksm/ros2_study/install/my_first_package_msgs/include/my_first_package_msgs/my_first_package_msgs/msg/detail/cmd_and_pose_vel__struct.hpp
[0.996s] -- Up-to-date: /home/ksm/ros2_study/install/my_first_package_msgs/include/my_first_package_msgs/my_first_package_msgs/msg/detail/cmd_and_pose_vel__traits.hpp
[0.996s] -- Up-to-date: /home/ksm/ros2_study/install/my_first_package_msgs/include/my_first_package_msgs/my_first_package_msgs/msg/cmd_and_pose_vel.hpp
[0.996s] -- Up-to-date: /home/ksm/ros2_study/install/my_first_package_msgs/include/my_first_package_msgs/my_first_package_msgs/srv
[0.996s] -- Up-to-date: /home/ksm/ros2_study/install/my_first_package_msgs/include/my_first_package_msgs/my_first_package_msgs/srv/detail
[0.997s] -- Up-to-date: /home/ksm/ros2_study/install/my_first_package_msgs/include/my_first_package_msgs/my_first_package_msgs/srv/detail/multi_spawn__struct.hpp
[0.997s] -- Up-to-date: /home/ksm/ros2_study/install/my_first_package_msgs/include/my_first_package_msgs/my_first_package_msgs/srv/detail/multi_spawn__traits.hpp
[0.997s] -- Up-to-date: /home/ksm/ros2_study/install/my_first_package_msgs/include/my_first_package_msgs/my_first_package_msgs/srv/detail/multi_spawn__builder.hpp
[0.997s] -- Up-to-date: /home/ksm/ros2_study/install/my_first_package_msgs/include/my_first_package_msgs/my_first_package_msgs/srv/multi_spawn.hpp
[0.997s] -- Up-to-date: /home/ksm/ros2_study/install/my_first_package_msgs/include/my_first_package_msgs/my_first_package_msgs/action
[0.998s] -- Up-to-date: /home/ksm/ros2_study/install/my_first_package_msgs/include/my_first_package_msgs/my_first_package_msgs/action/detail
[0.998s] -- Up-to-date: /home/ksm/ros2_study/install/my_first_package_msgs/include/my_first_package_msgs/my_first_package_msgs/action/detail/dis_turtle__struct.hpp
[0.998s] -- Up-to-date: /home/ksm/ros2_study/install/my_first_package_msgs/include/my_first_package_msgs/my_first_package_msgs/action/detail/dis_turtle__builder.hpp
[0.998s] -- Up-to-date: /home/ksm/ros2_study/install/my_first_package_msgs/include/my_first_package_msgs/my_first_package_msgs/action/detail/dis_turtle__traits.hpp
[0.998s] -- Up-to-date: /home/ksm/ros2_study/install/my_first_package_msgs/include/my_first_package_msgs/my_first_package_msgs/action/dis_turtle.hpp
[0.999s] -- Up-to-date: /home/ksm/ros2_study/install/my_first_package_msgs/include/my_first_package_msgs/my_first_package_msgs
[0.999s] -- Up-to-date: /home/ksm/ros2_study/install/my_first_package_msgs/include/my_first_package_msgs/my_first_package_msgs/msg
[0.999s] -- Up-to-date: /home/ksm/ros2_study/install/my_first_package_msgs/include/my_first_package_msgs/my_first_package_msgs/msg/detail
[0.999s] -- Up-to-date: /home/ksm/ros2_study/install/my_first_package_msgs/include/my_first_package_msgs/my_first_package_msgs/msg/detail/dds_fastrtps
[1.000s] -- Up-to-date: /home/ksm/ros2_study/install/my_first_package_msgs/include/my_first_package_msgs/my_first_package_msgs/msg/detail/cmd_and_pose_vel__rosidl_typesupport_fastrtps_cpp.hpp
[1.000s] -- Up-to-date: /home/ksm/ros2_study/install/my_first_package_msgs/include/my_first_package_msgs/my_first_package_msgs/msg/rosidl_typesupport_fastrtps_cpp__visibility_control.h
[1.000s] -- Up-to-date: /home/ksm/ros2_study/install/my_first_package_msgs/include/my_first_package_msgs/my_first_package_msgs/srv
[1.000s] -- Up-to-date: /home/ksm/ros2_study/install/my_first_package_msgs/include/my_first_package_msgs/my_first_package_msgs/srv/detail
[1.000s] -- Up-to-date: /home/ksm/ros2_study/install/my_first_package_msgs/include/my_first_package_msgs/my_first_package_msgs/srv/detail/dds_fastrtps
[1.000s] -- Up-to-date: /home/ksm/ros2_study/install/my_first_package_msgs/include/my_first_package_msgs/my_first_package_msgs/srv/detail/multi_spawn__rosidl_typesupport_fastrtps_cpp.hpp
[1.000s] -- Up-to-date: /home/ksm/ros2_study/install/my_first_package_msgs/include/my_first_package_msgs/my_first_package_msgs/action
[1.012s] -- Up-to-date: /home/ksm/ros2_study/install/my_first_package_msgs/include/my_first_package_msgs/my_first_package_msgs/action/detail
[1.014s] -- Up-to-date: /home/ksm/ros2_study/install/my_first_package_msgs/include/my_first_package_msgs/my_first_package_msgs/action/detail/dds_fastrtps
[1.022s] -- Up-to-date: /home/ksm/ros2_study/install/my_first_package_msgs/include/my_first_package_msgs/my_first_package_msgs/action/detail/dis_turtle__rosidl_typesupport_fastrtps_cpp.hpp
[1.048s] -- Up-to-date: /home/ksm/ros2_study/install/my_first_package_msgs/lib/libmy_first_package_msgs__rosidl_typesupport_fastrtps_cpp.so
[1.048s] -- Up-to-date: /home/ksm/ros2_study/install/my_first_package_msgs/include/my_first_package_msgs/my_first_package_msgs
[1.065s] -- Up-to-date: /home/ksm/ros2_study/install/my_first_package_msgs/include/my_first_package_msgs/my_first_package_msgs/msg
[1.065s] -- Up-to-date: /home/ksm/ros2_study/install/my_first_package_msgs/include/my_first_package_msgs/my_first_package_msgs/msg/detail
[1.065s] -- Up-to-date: /home/ksm/ros2_study/install/my_first_package_msgs/include/my_first_package_msgs/my_first_package_msgs/msg/detail/cmd_and_pose_vel__type_support.cpp
[1.066s] -- Up-to-date: /home/ksm/ros2_study/install/my_first_package_msgs/include/my_first_package_msgs/my_first_package_msgs/msg/detail/cmd_and_pose_vel__rosidl_typesupport_introspection_cpp.hpp
[1.066s] -- Up-to-date: /home/ksm/ros2_study/install/my_first_package_msgs/include/my_first_package_msgs/my_first_package_msgs/srv
[1.067s] -- Up-to-date: /home/ksm/ros2_study/install/my_first_package_msgs/include/my_first_package_msgs/my_first_package_msgs/srv/detail
[1.067s] -- Up-to-date: /home/ksm/ros2_study/install/my_first_package_msgs/include/my_first_package_msgs/my_first_package_msgs/srv/detail/multi_spawn__type_support.cpp
[1.067s] -- Up-to-date: /home/ksm/ros2_study/install/my_first_package_msgs/include/my_first_package_msgs/my_first_package_msgs/srv/detail/multi_spawn__rosidl_typesupport_introspection_cpp.hpp
[1.067s] -- Up-to-date: /home/ksm/ros2_study/install/my_first_package_msgs/include/my_first_package_msgs/my_first_package_msgs/action
[1.067s] -- Up-to-date: /home/ksm/ros2_study/install/my_first_package_msgs/include/my_first_package_msgs/my_first_package_msgs/action/detail
[1.067s] -- Up-to-date: /home/ksm/ros2_study/install/my_first_package_msgs/include/my_first_package_msgs/my_first_package_msgs/action/detail/dis_turtle__type_support.cpp
[1.067s] -- Up-to-date: /home/ksm/ros2_study/install/my_first_package_msgs/include/my_first_package_msgs/my_first_package_msgs/action/detail/dis_turtle__rosidl_typesupport_introspection_cpp.hpp
[1.072s] -- Up-to-date: /home/ksm/ros2_study/install/my_first_package_msgs/lib/libmy_first_package_msgs__rosidl_typesupport_introspection_cpp.so
[1.093s] -- Up-to-date: /home/ksm/ros2_study/install/my_first_package_msgs/lib/libmy_first_package_msgs__rosidl_typesupport_cpp.so
[1.093s] -- Up-to-date: /home/ksm/ros2_study/install/my_first_package_msgs/share/my_first_package_msgs/environment/pythonpath.sh
[1.093s] -- Up-to-date: /home/ksm/ros2_study/install/my_first_package_msgs/share/my_first_package_msgs/environment/pythonpath.dsv
[1.093s] -- Up-to-date: /home/ksm/ros2_study/install/my_first_package_msgs/local/lib/python3.10/dist-packages/my_first_package_msgs-0.0.0-py3.10.egg-info
[1.093s] -- Installing: /home/ksm/ros2_study/install/my_first_package_msgs/local/lib/python3.10/dist-packages/my_first_package_msgs-0.0.0-py3.10.egg-info/SOURCES.txt
[1.094s] -- Installing: /home/ksm/ros2_study/install/my_first_package_msgs/local/lib/python3.10/dist-packages/my_first_package_msgs-0.0.0-py3.10.egg-info/dependency_links.txt
[1.094s] -- Installing: /home/ksm/ros2_study/install/my_first_package_msgs/local/lib/python3.10/dist-packages/my_first_package_msgs-0.0.0-py3.10.egg-info/top_level.txt
[1.094s] -- Installing: /home/ksm/ros2_study/install/my_first_package_msgs/local/lib/python3.10/dist-packages/my_first_package_msgs-0.0.0-py3.10.egg-info/PKG-INFO
[1.095s] -- Up-to-date: /home/ksm/ros2_study/install/my_first_package_msgs/local/lib/python3.10/dist-packages/my_first_package_msgs
[1.095s] -- Up-to-date: /home/ksm/ros2_study/install/my_first_package_msgs/local/lib/python3.10/dist-packages/my_first_package_msgs/msg
[1.095s] -- Up-to-date: /home/ksm/ros2_study/install/my_first_package_msgs/local/lib/python3.10/dist-packages/my_first_package_msgs/msg/_cmd_and_pose_vel_s.c
[1.095s] -- Up-to-date: /home/ksm/ros2_study/install/my_first_package_msgs/local/lib/python3.10/dist-packages/my_first_package_msgs/msg/__init__.py
[1.095s] -- Up-to-date: /home/ksm/ros2_study/install/my_first_package_msgs/local/lib/python3.10/dist-packages/my_first_package_msgs/msg/_cmd_and_pose_vel.py
[1.095s] -- Up-to-date: /home/ksm/ros2_study/install/my_first_package_msgs/local/lib/python3.10/dist-packages/my_first_package_msgs/_my_first_package_msgs_s.ep.rosidl_typesupport_c.c
[1.096s] -- Up-to-date: /home/ksm/ros2_study/install/my_first_package_msgs/local/lib/python3.10/dist-packages/my_first_package_msgs/libmy_first_package_msgs__rosidl_generator_py.so
[1.096s] -- Up-to-date: /home/ksm/ros2_study/install/my_first_package_msgs/local/lib/python3.10/dist-packages/my_first_package_msgs/__init__.py
[1.096s] -- Up-to-date: /home/ksm/ros2_study/install/my_first_package_msgs/local/lib/python3.10/dist-packages/my_first_package_msgs/srv
[1.096s] -- Up-to-date: /home/ksm/ros2_study/install/my_first_package_msgs/local/lib/python3.10/dist-packages/my_first_package_msgs/srv/_multi_spawn.py
[1.096s] -- Up-to-date: /home/ksm/ros2_study/install/my_first_package_msgs/local/lib/python3.10/dist-packages/my_first_package_msgs/srv/__init__.py
[1.096s] -- Up-to-date: /home/ksm/ros2_study/install/my_first_package_msgs/local/lib/python3.10/dist-packages/my_first_package_msgs/srv/_multi_spawn_s.c
[1.096s] -- Up-to-date: /home/ksm/ros2_study/install/my_first_package_msgs/local/lib/python3.10/dist-packages/my_first_package_msgs/my_first_package_msgs_s__rosidl_typesupport_introspection_c.cpython-310-x86_64-linux-gnu.so
[1.096s] -- Up-to-date: /home/ksm/ros2_study/install/my_first_package_msgs/local/lib/python3.10/dist-packages/my_first_package_msgs/_my_first_package_msgs_s.ep.rosidl_typesupport_fastrtps_c.c
[1.096s] -- Up-to-date: /home/ksm/ros2_study/install/my_first_package_msgs/local/lib/python3.10/dist-packages/my_first_package_msgs/_my_first_package_msgs_s.ep.rosidl_typesupport_introspection_c.c
[1.096s] -- Up-to-date: /home/ksm/ros2_study/install/my_first_package_msgs/local/lib/python3.10/dist-packages/my_first_package_msgs/my_first_package_msgs_s__rosidl_typesupport_c.cpython-310-x86_64-linux-gnu.so
[1.096s] -- Up-to-date: /home/ksm/ros2_study/install/my_first_package_msgs/local/lib/python3.10/dist-packages/my_first_package_msgs/action
[1.097s] -- Up-to-date: /home/ksm/ros2_study/install/my_first_package_msgs/local/lib/python3.10/dist-packages/my_first_package_msgs/action/__init__.py
[1.097s] -- Up-to-date: /home/ksm/ros2_study/install/my_first_package_msgs/local/lib/python3.10/dist-packages/my_first_package_msgs/action/_dis_turtle_s.c
[1.097s] -- Up-to-date: /home/ksm/ros2_study/install/my_first_package_msgs/local/lib/python3.10/dist-packages/my_first_package_msgs/action/_dis_turtle.py
[1.097s] -- Up-to-date: /home/ksm/ros2_study/install/my_first_package_msgs/local/lib/python3.10/dist-packages/my_first_package_msgs/my_first_package_msgs_s__rosidl_typesupport_fastrtps_c.cpython-310-x86_64-linux-gnu.so
[1.140s] Listing '/home/ksm/ros2_study/install/my_first_package_msgs/local/lib/python3.10/dist-packages/my_first_package_msgs'...
[1.140s] Listing '/home/ksm/ros2_study/install/my_first_package_msgs/local/lib/python3.10/dist-packages/my_first_package_msgs/action'...
[1.140s] Listing '/home/ksm/ros2_study/install/my_first_package_msgs/local/lib/python3.10/dist-packages/my_first_package_msgs/msg'...
[1.140s] Listing '/home/ksm/ros2_study/install/my_first_package_msgs/local/lib/python3.10/dist-packages/my_first_package_msgs/srv'...
[1.146s] -- Up-to-date: /home/ksm/ros2_study/install/my_first_package_msgs/local/lib/python3.10/dist-packages/my_first_package_msgs/my_first_package_msgs_s__rosidl_typesupport_fastrtps_c.cpython-310-x86_64-linux-gnu.so
[1.147s] -- Up-to-date: /home/ksm/ros2_study/install/my_first_package_msgs/local/lib/python3.10/dist-packages/my_first_package_msgs/my_first_package_msgs_s__rosidl_typesupport_introspection_c.cpython-310-x86_64-linux-gnu.so
[1.148s] -- Up-to-date: /home/ksm/ros2_study/install/my_first_package_msgs/local/lib/python3.10/dist-packages/my_first_package_msgs/my_first_package_msgs_s__rosidl_typesupport_c.cpython-310-x86_64-linux-gnu.so
[1.149s] -- Up-to-date: /home/ksm/ros2_study/install/my_first_package_msgs/lib/libmy_first_package_msgs__rosidl_generator_py.so
[1.149s] -- Up-to-date: /home/ksm/ros2_study/install/my_first_package_msgs/share/my_first_package_msgs/msg/CmdAndPoseVel.idl
[1.149s] -- Up-to-date: /home/ksm/ros2_study/install/my_first_package_msgs/share/my_first_package_msgs/srv/MultiSpawn.idl
[1.149s] -- Up-to-date: /home/ksm/ros2_study/install/my_first_package_msgs/share/my_first_package_msgs/action/DisTurtle.idl
[1.149s] -- Up-to-date: /home/ksm/ros2_study/install/my_first_package_msgs/share/my_first_package_msgs/msg/CmdAndPoseVel.msg
[1.150s] -- Up-to-date: /home/ksm/ros2_study/install/my_first_package_msgs/share/my_first_package_msgs/srv/MultiSpawn.srv
[1.150s] -- Up-to-date: /home/ksm/ros2_study/install/my_first_package_msgs/share/my_first_package_msgs/srv/MultiSpawn_Request.msg
[1.150s] -- Up-to-date: /home/ksm/ros2_study/install/my_first_package_msgs/share/my_first_package_msgs/srv/MultiSpawn_Response.msg
[1.150s] -- Up-to-date: /home/ksm/ros2_study/install/my_first_package_msgs/share/my_first_package_msgs/action/DisTurtle.action
[1.150s] -- Up-to-date: /home/ksm/ros2_study/install/my_first_package_msgs/share/ament_index/resource_index/package_run_dependencies/my_first_package_msgs
[1.150s] -- Up-to-date: /home/ksm/ros2_study/install/my_first_package_msgs/share/ament_index/resource_index/parent_prefix_path/my_first_package_msgs
[1.150s] -- Up-to-date: /home/ksm/ros2_study/install/my_first_package_msgs/share/my_first_package_msgs/environment/ament_prefix_path.sh
[1.151s] -- Up-to-date: /home/ksm/ros2_study/install/my_first_package_msgs/share/my_first_package_msgs/environment/ament_prefix_path.dsv
[1.151s] -- Up-to-date: /home/ksm/ros2_study/install/my_first_package_msgs/share/my_first_package_msgs/environment/path.sh
[1.151s] -- Up-to-date: /home/ksm/ros2_study/install/my_first_package_msgs/share/my_first_package_msgs/environment/path.dsv
[1.151s] -- Up-to-date: /home/ksm/ros2_study/install/my_first_package_msgs/share/my_first_package_msgs/local_setup.bash
[1.151s] -- Up-to-date: /home/ksm/ros2_study/install/my_first_package_msgs/share/my_first_package_msgs/local_setup.sh
[1.151s] -- Up-to-date: /home/ksm/ros2_study/install/my_first_package_msgs/share/my_first_package_msgs/local_setup.zsh
[1.151s] -- Up-to-date: /home/ksm/ros2_study/install/my_first_package_msgs/share/my_first_package_msgs/local_setup.dsv
[1.152s] -- Installing: /home/ksm/ros2_study/install/my_first_package_msgs/share/my_first_package_msgs/package.dsv
[1.152s] -- Up-to-date: /home/ksm/ros2_study/install/my_first_package_msgs/share/ament_index/resource_index/packages/my_first_package_msgs
[1.152s] -- Up-to-date: /home/ksm/ros2_study/install/my_first_package_msgs/share/my_first_package_msgs/cmake/export_my_first_package_msgs__rosidl_generator_cExport.cmake
[1.152s] -- Up-to-date: /home/ksm/ros2_study/install/my_first_package_msgs/share/my_first_package_msgs/cmake/export_my_first_package_msgs__rosidl_generator_cExport-noconfig.cmake
[1.153s] -- Up-to-date: /home/ksm/ros2_study/install/my_first_package_msgs/share/my_first_package_msgs/cmake/export_my_first_package_msgs__rosidl_typesupport_fastrtps_cExport.cmake
[1.153s] -- Up-to-date: /home/ksm/ros2_study/install/my_first_package_msgs/share/my_first_package_msgs/cmake/export_my_first_package_msgs__rosidl_typesupport_fastrtps_cExport-noconfig.cmake
[1.153s] -- Up-to-date: /home/ksm/ros2_study/install/my_first_package_msgs/share/my_first_package_msgs/cmake/my_first_package_msgs__rosidl_typesupport_introspection_cExport.cmake
[1.154s] -- Up-to-date: /home/ksm/ros2_study/install/my_first_package_msgs/share/my_first_package_msgs/cmake/my_first_package_msgs__rosidl_typesupport_introspection_cExport-noconfig.cmake
[1.154s] -- Up-to-date: /home/ksm/ros2_study/install/my_first_package_msgs/share/my_first_package_msgs/cmake/my_first_package_msgs__rosidl_typesupport_cExport.cmake
[1.154s] -- Up-to-date: /home/ksm/ros2_study/install/my_first_package_msgs/share/my_first_package_msgs/cmake/my_first_package_msgs__rosidl_typesupport_cExport-noconfig.cmake
[1.154s] -- Up-to-date: /home/ksm/ros2_study/install/my_first_package_msgs/share/my_first_package_msgs/cmake/export_my_first_package_msgs__rosidl_generator_cppExport.cmake
[1.155s] -- Up-to-date: /home/ksm/ros2_study/install/my_first_package_msgs/share/my_first_package_msgs/cmake/export_my_first_package_msgs__rosidl_typesupport_fastrtps_cppExport.cmake
[1.155s] -- Up-to-date: /home/ksm/ros2_study/install/my_first_package_msgs/share/my_first_package_msgs/cmake/export_my_first_package_msgs__rosidl_typesupport_fastrtps_cppExport-noconfig.cmake
[1.156s] -- Up-to-date: /home/ksm/ros2_study/install/my_first_package_msgs/share/my_first_package_msgs/cmake/my_first_package_msgs__rosidl_typesupport_introspection_cppExport.cmake
[1.156s] -- Up-to-date: /home/ksm/ros2_study/install/my_first_package_msgs/share/my_first_package_msgs/cmake/my_first_package_msgs__rosidl_typesupport_introspection_cppExport-noconfig.cmake
[1.156s] -- Up-to-date: /home/ksm/ros2_study/install/my_first_package_msgs/share/my_first_package_msgs/cmake/my_first_package_msgs__rosidl_typesupport_cppExport.cmake
[1.157s] -- Up-to-date: /home/ksm/ros2_study/install/my_first_package_msgs/share/my_first_package_msgs/cmake/my_first_package_msgs__rosidl_typesupport_cppExport-noconfig.cmake
[1.157s] -- Up-to-date: /home/ksm/ros2_study/install/my_first_package_msgs/share/my_first_package_msgs/cmake/export_my_first_package_msgs__rosidl_generator_pyExport.cmake
[1.157s] -- Up-to-date: /home/ksm/ros2_study/install/my_first_package_msgs/share/my_first_package_msgs/cmake/export_my_first_package_msgs__rosidl_generator_pyExport-noconfig.cmake
[1.158s] -- Up-to-date: /home/ksm/ros2_study/install/my_first_package_msgs/share/my_first_package_msgs/cmake/rosidl_cmake-extras.cmake
[1.158s] -- Up-to-date: /home/ksm/ros2_study/install/my_first_package_msgs/share/my_first_package_msgs/cmake/ament_cmake_export_dependencies-extras.cmake
[1.158s] -- Up-to-date: /home/ksm/ros2_study/install/my_first_package_msgs/share/my_first_package_msgs/cmake/ament_cmake_export_include_directories-extras.cmake
[1.158s] -- Up-to-date: /home/ksm/ros2_study/install/my_first_package_msgs/share/my_first_package_msgs/cmake/ament_cmake_export_libraries-extras.cmake
[1.158s] -- Up-to-date: /home/ksm/ros2_study/install/my_first_package_msgs/share/my_first_package_msgs/cmake/ament_cmake_export_targets-extras.cmake
[1.158s] -- Up-to-date: /home/ksm/ros2_study/install/my_first_package_msgs/share/my_first_package_msgs/cmake/rosidl_cmake_export_typesupport_targets-extras.cmake
[1.158s] -- Up-to-date: /home/ksm/ros2_study/install/my_first_package_msgs/share/my_first_package_msgs/cmake/rosidl_cmake_export_typesupport_libraries-extras.cmake
[1.158s] -- Up-to-date: /home/ksm/ros2_study/install/my_first_package_msgs/share/my_first_package_msgs/cmake/my_first_package_msgsConfig.cmake
[1.158s] -- Up-to-date: /home/ksm/ros2_study/install/my_first_package_msgs/share/my_first_package_msgs/cmake/my_first_package_msgsConfig-version.cmake
[1.159s] -- Up-to-date: /home/ksm/ros2_study/install/my_first_package_msgs/share/my_first_package_msgs/package.xml
[1.162s] Invoked command in '/home/ksm/ros2_study/build/my_first_package_msgs' returned '0': CMAKE_PREFIX_PATH=${CMAKE_PREFIX_PATH}:/home/ksm/ros2_study/install/my_first_package:/opt/ros/humble /usr/bin/cmake --install /home/ksm/ros2_study/build/my_first_package_msgs
