[0.778s] Invoking command in '/home/ksm/ros2_study/src/my_first_package': PYTHONPATH=/home/ksm/ros2_study/build/my_first_package/prefix_override:/usr/lib/python3/dist-packages/colcon_core/task/python/colcon_distutils_commands:/home/ksm/ros2_study/install/my_first_package/lib/python3.10/site-packages:${PYTHONPATH} /usr/bin/python3 -W ignore:setup.py install is deprecated setup.py egg_info --egg-base ../../build/my_first_package build --build-base /home/ksm/ros2_study/build/my_first_package/build install --record /home/ksm/ros2_study/build/my_first_package/install.log --single-version-externally-managed install_data
[1.007s] running egg_info
[1.008s] writing ../../build/my_first_package/my_first_package.egg-info/PKG-INFO
[1.008s] writing dependency_links to ../../build/my_first_package/my_first_package.egg-info/dependency_links.txt
[1.009s] writing entry points to ../../build/my_first_package/my_first_package.egg-info/entry_points.txt
[1.009s] writing requirements to ../../build/my_first_package/my_first_package.egg-info/requires.txt
[1.009s] writing top-level names to ../../build/my_first_package/my_first_package.egg-info/top_level.txt
[1.010s] reading manifest file '../../build/my_first_package/my_first_package.egg-info/SOURCES.txt'
[1.011s] writing manifest file '../../build/my_first_package/my_first_package.egg-info/SOURCES.txt'
[1.012s] running build
[1.012s] running build_py
[1.012s] copying my_first_package/turtle_cmd_and_pose.py -> /home/ksm/ros2_study/build/my_first_package/build/lib/my_first_package
[1.012s] running install
[1.012s] running install_lib
[1.013s] copying /home/ksm/ros2_study/build/my_first_package/build/lib/my_first_package/turtle_cmd_and_pose.py -> /home/ksm/ros2_study/install/my_first_package/lib/python3.10/site-packages/my_first_package
[1.014s] byte-compiling /home/ksm/ros2_study/install/my_first_package/lib/python3.10/site-packages/my_first_package/turtle_cmd_and_pose.py to turtle_cmd_and_pose.cpython-310.pyc
[1.014s] running install_data
[1.014s] running install_egg_info
[1.016s] removing '/home/ksm/ros2_study/install/my_first_package/lib/python3.10/site-packages/my_first_package-0.0.0-py3.10.egg-info' (and everything under it)
[1.016s] Copying ../../build/my_first_package/my_first_package.egg-info to /home/ksm/ros2_study/install/my_first_package/lib/python3.10/site-packages/my_first_package-0.0.0-py3.10.egg-info
[1.017s] running install_scripts
[1.037s] Installing my_first_node script to /home/ksm/ros2_study/install/my_first_package/lib/my_first_package
[1.037s] Installing my_publisher script to /home/ksm/ros2_study/install/my_first_package/lib/my_first_package
[1.037s] Installing my_subscriber script to /home/ksm/ros2_study/install/my_first_package/lib/my_first_package
[1.037s] Installing turtle_cmd_and_pose script to /home/ksm/ros2_study/install/my_first_package/lib/my_first_package
[1.037s] writing list of installed files to '/home/ksm/ros2_study/build/my_first_package/install.log'
[1.064s] Invoked command in '/home/ksm/ros2_study/src/my_first_package' returned '0': PYTHONPATH=/home/ksm/ros2_study/build/my_first_package/prefix_override:/usr/lib/python3/dist-packages/colcon_core/task/python/colcon_distutils_commands:/home/ksm/ros2_study/install/my_first_package/lib/python3.10/site-packages:${PYTHONPATH} /usr/bin/python3 -W ignore:setup.py install is deprecated setup.py egg_info --egg-base ../../build/my_first_package build --build-base /home/ksm/ros2_study/build/my_first_package/build install --record /home/ksm/ros2_study/build/my_first_package/install.log --single-version-externally-managed install_data
