[0.258s] Invoking command in '/home/ksm/ros2_study/build/my_first_package_msgs': CMAKE_PREFIX_PATH=${CMAKE_PREFIX_PATH}:/home/ksm/ros2_study/install/my_first_package:/opt/ros/humble /usr/bin/cmake --build /home/ksm/ros2_study/build/my_first_package_msgs -- -j12 -l12
[0.293s] -- Found ament_cmake: 1.3.10 (/opt/ros/humble/share/ament_cmake/cmake)
[0.431s] -- Found rosidl_default_generators: 1.2.0 (/opt/ros/humble/share/rosidl_default_generators/cmake)
[0.435s] -- Using all available rosidl_typesupport_c: rosidl_typesupport_fastrtps_c;rosidl_typesupport_introspection_c
[0.439s] -- Found rosidl_adapter: 3.1.5 (/opt/ros/humble/share/rosidl_adapter/cmake)
[0.566s] -- Using all available rosidl_typesupport_cpp: rosidl_typesupport_fastrtps_cpp;rosidl_typesupport_introspection_cpp
[0.967s] -- Found ament_cmake_ros: 0.10.0 (/opt/ros/humble/share/ament_cmake_ros/cmake)
[1.164s] -- Using all available rosidl_typesupport_c: rosidl_typesupport_fastrtps_c;rosidl_typesupport_introspection_c
[1.452s] -- Using all available rosidl_typesupport_cpp: rosidl_typesupport_fastrtps_cpp;rosidl_typesupport_introspection_cpp
[1.472s] -- Found python_cmake_module: 0.10.0 (/opt/ros/humble/share/python_cmake_module/cmake)
[1.493s] -- Using PYTHON_EXECUTABLE: /usr/bin/python3
[1.493s] -- Using PYTHON_INCLUDE_DIRS: /usr/include/python3.10
[1.493s] -- Using PYTHON_LIBRARIES: /usr/lib/x86_64-linux-gnu/libpython3.10.so
[1.516s] -- Found ament_lint_auto: 0.12.11 (/opt/ros/humble/share/ament_lint_auto/cmake)
[1.541s] -- Added test 'lint_cmake' to check CMake code style
[1.543s] -- Added test 'xmllint' to check XML markup files
[1.547s] -- Configuring done
[1.601s] -- Generating done
[1.605s] -- Build files have been written to: /home/ksm/ros2_study/build/my_first_package_msgs
[1.629s] [  2%] [34m[1mGenerating C code for ROS interfaces[0m
[1.639s] [  4%] [34m[1mGenerating C++ code for ROS interfaces[0m
[1.656s] [  4%] Built target ament_cmake_python_copy_my_first_package_msgs
[1.895s] running egg_info
[1.896s] writing my_first_package_msgs.egg-info/PKG-INFO
[1.896s] writing dependency_links to my_first_package_msgs.egg-info/dependency_links.txt
[1.896s] writing top-level names to my_first_package_msgs.egg-info/top_level.txt
[1.899s] reading manifest file 'my_first_package_msgs.egg-info/SOURCES.txt'
[1.900s] writing manifest file 'my_first_package_msgs.egg-info/SOURCES.txt'
[1.925s] [  4%] Built target ament_cmake_python_build_my_first_package_msgs_egg
[2.223s] [35m[1mConsolidate compiler generated dependencies of target my_first_package_msgs__rosidl_generator_c[0m
[2.227s] [  4%] Built target my_first_package_msgs__cpp
[2.234s] [  6%] [32mBuilding C object CMakeFiles/my_first_package_msgs__rosidl_generator_c.dir/rosidl_generator_c/my_first_package_msgs/msg/detail/cmd_and_pose_vel__functions.c.o[0m
[2.234s] [ 10%] [32mBuilding C object CMakeFiles/my_first_package_msgs__rosidl_generator_c.dir/rosidl_generator_c/my_first_package_msgs/srv/detail/multi_spawn__functions.c.o[0m
[2.234s] [ 10%] [32mBuilding C object CMakeFiles/my_first_package_msgs__rosidl_generator_c.dir/rosidl_generator_c/my_first_package_msgs/action/detail/dis_turtle__functions.c.o[0m
[2.237s] [ 14%] [34m[1mGenerating C++ type support for eProsima Fast-RTPS[0m
[2.237s] [ 14%] [34m[1mGenerating C++ type support dispatch for ROS interfaces[0m
[2.237s] [ 17%] [34m[1mGenerating C++ introspection for ROS interfaces[0m
[2.419s] [ 19%] [32m[1mLinking C shared library libmy_first_package_msgs__rosidl_generator_c.so[0m
[2.502s] [ 19%] Built target my_first_package_msgs__rosidl_generator_c
[2.510s] [ 21%] [34m[1mGenerating C introspection for ROS interfaces[0m
[2.512s] [ 25%] [34m[1mGenerating C type support for eProsima Fast-RTPS[0m
[2.512s] [ 25%] [34m[1mGenerating C type support dispatch for ROS interfaces[0m
[2.645s] [35m[1mConsolidate compiler generated dependencies of target my_first_package_msgs__rosidl_typesupport_cpp[0m
[2.658s] [ 29%] [32mBuilding CXX object CMakeFiles/my_first_package_msgs__rosidl_typesupport_cpp.dir/rosidl_typesupport_cpp/my_first_package_msgs/srv/multi_spawn__type_support.cpp.o[0m
[2.658s] [ 29%] [32mBuilding CXX object CMakeFiles/my_first_package_msgs__rosidl_typesupport_cpp.dir/rosidl_typesupport_cpp/my_first_package_msgs/action/dis_turtle__type_support.cpp.o[0m
[2.658s] [ 31%] [32mBuilding CXX object CMakeFiles/my_first_package_msgs__rosidl_typesupport_cpp.dir/rosidl_typesupport_cpp/my_first_package_msgs/msg/cmd_and_pose_vel__type_support.cpp.o[0m
[2.785s] [35m[1mConsolidate compiler generated dependencies of target my_first_package_msgs__rosidl_typesupport_introspection_cpp[0m
[2.798s] [ 38%] [32mBuilding CXX object CMakeFiles/my_first_package_msgs__rosidl_typesupport_introspection_cpp.dir/rosidl_typesupport_introspection_cpp/my_first_package_msgs/msg/detail/cmd_and_pose_vel__type_support.cpp.o[0m
[2.798s] [ 38%] [32mBuilding CXX object CMakeFiles/my_first_package_msgs__rosidl_typesupport_introspection_cpp.dir/rosidl_typesupport_introspection_cpp/my_first_package_msgs/action/detail/dis_turtle__type_support.cpp.o[0m
[2.798s] [ 38%] [32mBuilding CXX object CMakeFiles/my_first_package_msgs__rosidl_typesupport_introspection_cpp.dir/rosidl_typesupport_introspection_cpp/my_first_package_msgs/srv/detail/multi_spawn__type_support.cpp.o[0m
[2.895s] [35m[1mConsolidate compiler generated dependencies of target my_first_package_msgs__rosidl_typesupport_fastrtps_cpp[0m
[2.913s] [ 40%] [32mBuilding CXX object CMakeFiles/my_first_package_msgs__rosidl_typesupport_fastrtps_cpp.dir/rosidl_typesupport_fastrtps_cpp/my_first_package_msgs/srv/detail/dds_fastrtps/multi_spawn__type_support.cpp.o[0m
[2.914s] [ 42%] [32mBuilding CXX object CMakeFiles/my_first_package_msgs__rosidl_typesupport_fastrtps_cpp.dir/rosidl_typesupport_fastrtps_cpp/my_first_package_msgs/msg/detail/dds_fastrtps/cmd_and_pose_vel__type_support.cpp.o[0m
[2.918s] [ 44%] [32mBuilding CXX object CMakeFiles/my_first_package_msgs__rosidl_typesupport_fastrtps_cpp.dir/rosidl_typesupport_fastrtps_cpp/my_first_package_msgs/action/detail/dds_fastrtps/dis_turtle__type_support.cpp.o[0m
[3.122s] [35m[1mConsolidate compiler generated dependencies of target my_first_package_msgs__rosidl_typesupport_c[0m
[3.137s] [ 46%] [32mBuilding CXX object CMakeFiles/my_first_package_msgs__rosidl_typesupport_c.dir/rosidl_typesupport_c/my_first_package_msgs/msg/cmd_and_pose_vel__type_support.cpp.o[0m
[3.234s] [ 48%] [32mBuilding CXX object CMakeFiles/my_first_package_msgs__rosidl_typesupport_c.dir/rosidl_typesupport_c/my_first_package_msgs/srv/multi_spawn__type_support.cpp.o[0m
[3.288s] [ 51%] [32mBuilding CXX object CMakeFiles/my_first_package_msgs__rosidl_typesupport_c.dir/rosidl_typesupport_c/my_first_package_msgs/action/dis_turtle__type_support.cpp.o[0m
[3.315s] [35m[1mConsolidate compiler generated dependencies of target my_first_package_msgs__rosidl_typesupport_introspection_c[0m
[3.339s] [ 53%] [32mBuilding C object CMakeFiles/my_first_package_msgs__rosidl_typesupport_introspection_c.dir/rosidl_typesupport_introspection_c/my_first_package_msgs/msg/detail/cmd_and_pose_vel__type_support.c.o[0m
[3.385s] [ 55%] [32m[1mLinking CXX shared library libmy_first_package_msgs__rosidl_typesupport_c.so[0m
[3.386s] [35m[1mConsolidate compiler generated dependencies of target my_first_package_msgs__rosidl_typesupport_fastrtps_c[0m
[3.393s] [ 57%] [32mBuilding C object CMakeFiles/my_first_package_msgs__rosidl_typesupport_introspection_c.dir/rosidl_typesupport_introspection_c/my_first_package_msgs/srv/detail/multi_spawn__type_support.c.o[0m
[3.395s] [ 59%] [32mBuilding C object CMakeFiles/my_first_package_msgs__rosidl_typesupport_introspection_c.dir/rosidl_typesupport_introspection_c/my_first_package_msgs/action/detail/dis_turtle__type_support.c.o[0m
[3.405s] [ 61%] [32mBuilding CXX object CMakeFiles/my_first_package_msgs__rosidl_typesupport_fastrtps_c.dir/rosidl_typesupport_fastrtps_c/my_first_package_msgs/msg/detail/cmd_and_pose_vel__type_support_c.cpp.o[0m
[3.406s] [ 63%] [32mBuilding CXX object CMakeFiles/my_first_package_msgs__rosidl_typesupport_fastrtps_c.dir/rosidl_typesupport_fastrtps_c/my_first_package_msgs/srv/detail/multi_spawn__type_support_c.cpp.o[0m
[3.454s] [ 65%] [32mBuilding CXX object CMakeFiles/my_first_package_msgs__rosidl_typesupport_fastrtps_c.dir/rosidl_typesupport_fastrtps_c/my_first_package_msgs/action/detail/dis_turtle__type_support_c.cpp.o[0m
[3.471s] [ 68%] [32m[1mLinking C shared library libmy_first_package_msgs__rosidl_typesupport_introspection_c.so[0m
[3.564s] [ 68%] Built target my_first_package_msgs__rosidl_typesupport_c
[3.593s] [ 68%] Built target my_first_package_msgs__rosidl_typesupport_introspection_c
[3.682s] [ 70%] [32m[1mLinking CXX shared library libmy_first_package_msgs__rosidl_typesupport_cpp.so[0m
[3.803s] [ 70%] Built target my_first_package_msgs__rosidl_typesupport_cpp
[3.866s] [ 72%] [32m[1mLinking CXX shared library libmy_first_package_msgs__rosidl_typesupport_fastrtps_cpp.so[0m
[3.877s] [ 74%] [32m[1mLinking CXX shared library libmy_first_package_msgs__rosidl_typesupport_introspection_cpp.so[0m
[4.047s] [ 76%] [32m[1mLinking CXX shared library libmy_first_package_msgs__rosidl_typesupport_fastrtps_c.so[0m
[4.065s] [ 76%] Built target my_first_package_msgs__rosidl_typesupport_fastrtps_cpp
[4.086s] [ 76%] Built target my_first_package_msgs__rosidl_typesupport_introspection_cpp
[4.197s] [ 76%] Built target my_first_package_msgs__rosidl_typesupport_fastrtps_c
[4.214s] [ 76%] Built target my_first_package_msgs
[4.236s] [ 78%] [34m[1mGenerating Python code for ROS interfaces[0m
[5.197s] [ 78%] Built target my_first_package_msgs__py
[5.206s] [35m[1mConsolidate compiler generated dependencies of target my_first_package_msgs__rosidl_generator_py[0m
[5.217s] [ 80%] [32mBuilding C object CMakeFiles/my_first_package_msgs__rosidl_generator_py.dir/rosidl_generator_py/my_first_package_msgs/action/_dis_turtle_s.c.o[0m
[5.218s] [ 82%] [32mBuilding C object CMakeFiles/my_first_package_msgs__rosidl_generator_py.dir/rosidl_generator_py/my_first_package_msgs/msg/_cmd_and_pose_vel_s.c.o[0m
[5.218s] [ 85%] [32mBuilding C object CMakeFiles/my_first_package_msgs__rosidl_generator_py.dir/rosidl_generator_py/my_first_package_msgs/srv/_multi_spawn_s.c.o[0m
[5.388s] [ 87%] [32m[1mLinking C shared library rosidl_generator_py/my_first_package_msgs/libmy_first_package_msgs__rosidl_generator_py.so[0m
[5.463s] [ 87%] Built target my_first_package_msgs__rosidl_generator_py
[5.472s] [35m[1mConsolidate compiler generated dependencies of target my_first_package_msgs__rosidl_typesupport_c__pyext[0m
[5.472s] [35m[1mConsolidate compiler generated dependencies of target my_first_package_msgs__rosidl_typesupport_fastrtps_c__pyext[0m
[5.472s] [35m[1mConsolidate compiler generated dependencies of target my_first_package_msgs__rosidl_typesupport_introspection_c__pyext[0m
[5.483s] [ 93%] [32mBuilding C object CMakeFiles/my_first_package_msgs__rosidl_typesupport_c__pyext.dir/rosidl_generator_py/my_first_package_msgs/_my_first_package_msgs_s.ep.rosidl_typesupport_c.c.o[0m
[5.484s] [ 93%] [32mBuilding C object CMakeFiles/my_first_package_msgs__rosidl_typesupport_introspection_c__pyext.dir/rosidl_generator_py/my_first_package_msgs/_my_first_package_msgs_s.ep.rosidl_typesupport_introspection_c.c.o[0m
[5.484s] [ 93%] [32mBuilding C object CMakeFiles/my_first_package_msgs__rosidl_typesupport_fastrtps_c__pyext.dir/rosidl_generator_py/my_first_package_msgs/_my_first_package_msgs_s.ep.rosidl_typesupport_fastrtps_c.c.o[0m
[5.609s] [ 97%] [32m[1mLinking C shared library rosidl_generator_py/my_first_package_msgs/my_first_package_msgs_s__rosidl_typesupport_fastrtps_c.cpython-310-x86_64-linux-gnu.so[0m
[5.610s] [ 97%] [32m[1mLinking C shared library rosidl_generator_py/my_first_package_msgs/my_first_package_msgs_s__rosidl_typesupport_introspection_c.cpython-310-x86_64-linux-gnu.so[0m
[5.613s] [100%] [32m[1mLinking C shared library rosidl_generator_py/my_first_package_msgs/my_first_package_msgs_s__rosidl_typesupport_c.cpython-310-x86_64-linux-gnu.so[0m
[5.678s] [100%] Built target my_first_package_msgs__rosidl_typesupport_introspection_c__pyext
[5.684s] [100%] Built target my_first_package_msgs__rosidl_typesupport_fastrtps_c__pyext
[5.692s] [100%] Built target my_first_package_msgs__rosidl_typesupport_c__pyext
[5.703s] Invoked command in '/home/ksm/ros2_study/build/my_first_package_msgs' returned '0': CMAKE_PREFIX_PATH=${CMAKE_PREFIX_PATH}:/home/ksm/ros2_study/install/my_first_package:/opt/ros/humble /usr/bin/cmake --build /home/ksm/ros2_study/build/my_first_package_msgs -- -j12 -l12
[5.783s] Invoking command in '/home/ksm/ros2_study/build/my_first_package_msgs': CMAKE_PREFIX_PATH=${CMAKE_PREFIX_PATH}:/home/ksm/ros2_study/install/my_first_package:/opt/ros/humble /usr/bin/cmake --install /home/ksm/ros2_study/build/my_first_package_msgs
[5.790s] -- Install configuration: ""
[5.790s] -- Installing: /home/ksm/ros2_study/install/my_first_package_msgs/share/ament_index/resource_index/rosidl_interfaces/my_first_package_msgs
[5.791s] -- Up-to-date: /home/ksm/ros2_study/install/my_first_package_msgs/include/my_first_package_msgs/my_first_package_msgs
[5.791s] -- Up-to-date: /home/ksm/ros2_study/install/my_first_package_msgs/include/my_first_package_msgs/my_first_package_msgs/msg
[5.791s] -- Up-to-date: /home/ksm/ros2_study/install/my_first_package_msgs/include/my_first_package_msgs/my_first_package_msgs/msg/detail
[5.791s] -- Installing: /home/ksm/ros2_study/install/my_first_package_msgs/include/my_first_package_msgs/my_first_package_msgs/msg/detail/cmd_and_pose_vel__functions.c
[5.791s] -- Installing: /home/ksm/ros2_study/install/my_first_package_msgs/include/my_first_package_msgs/my_first_package_msgs/msg/detail/cmd_and_pose_vel__functions.h
[5.792s] -- Installing: /home/ksm/ros2_study/install/my_first_package_msgs/include/my_first_package_msgs/my_first_package_msgs/msg/detail/cmd_and_pose_vel__struct.h
[5.792s] -- Installing: /home/ksm/ros2_study/install/my_first_package_msgs/include/my_first_package_msgs/my_first_package_msgs/msg/detail/cmd_and_pose_vel__type_support.h
[5.792s] -- Up-to-date: /home/ksm/ros2_study/install/my_first_package_msgs/include/my_first_package_msgs/my_first_package_msgs/msg/rosidl_generator_c__visibility_control.h
[5.792s] -- Installing: /home/ksm/ros2_study/install/my_first_package_msgs/include/my_first_package_msgs/my_first_package_msgs/msg/cmd_and_pose_vel.h
[5.792s] -- Up-to-date: /home/ksm/ros2_study/install/my_first_package_msgs/include/my_first_package_msgs/my_first_package_msgs/srv
[5.792s] -- Up-to-date: /home/ksm/ros2_study/install/my_first_package_msgs/include/my_first_package_msgs/my_first_package_msgs/srv/detail
[5.793s] -- Installing: /home/ksm/ros2_study/install/my_first_package_msgs/include/my_first_package_msgs/my_first_package_msgs/srv/detail/multi_spawn__type_support.h
[5.793s] -- Installing: /home/ksm/ros2_study/install/my_first_package_msgs/include/my_first_package_msgs/my_first_package_msgs/srv/detail/multi_spawn__functions.c
[5.793s] -- Installing: /home/ksm/ros2_study/install/my_first_package_msgs/include/my_first_package_msgs/my_first_package_msgs/srv/detail/multi_spawn__functions.h
[5.793s] -- Installing: /home/ksm/ros2_study/install/my_first_package_msgs/include/my_first_package_msgs/my_first_package_msgs/srv/detail/multi_spawn__struct.h
[5.793s] -- Installing: /home/ksm/ros2_study/install/my_first_package_msgs/include/my_first_package_msgs/my_first_package_msgs/srv/multi_spawn.h
[5.794s] -- Installing: /home/ksm/ros2_study/install/my_first_package_msgs/include/my_first_package_msgs/my_first_package_msgs/action
[5.794s] -- Installing: /home/ksm/ros2_study/install/my_first_package_msgs/include/my_first_package_msgs/my_first_package_msgs/action/detail
[5.794s] -- Installing: /home/ksm/ros2_study/install/my_first_package_msgs/include/my_first_package_msgs/my_first_package_msgs/action/detail/dis_turtle__functions.h
[5.795s] -- Installing: /home/ksm/ros2_study/install/my_first_package_msgs/include/my_first_package_msgs/my_first_package_msgs/action/detail/dis_turtle__struct.h
[5.795s] -- Installing: /home/ksm/ros2_study/install/my_first_package_msgs/include/my_first_package_msgs/my_first_package_msgs/action/detail/dis_turtle__type_support.h
[5.795s] -- Installing: /home/ksm/ros2_study/install/my_first_package_msgs/include/my_first_package_msgs/my_first_package_msgs/action/detail/dis_turtle__functions.c
[5.795s] -- Installing: /home/ksm/ros2_study/install/my_first_package_msgs/include/my_first_package_msgs/my_first_package_msgs/action/dis_turtle.h
[5.795s] -- Up-to-date: /home/ksm/ros2_study/install/my_first_package_msgs/share/my_first_package_msgs/environment/library_path.sh
[5.795s] -- Installing: /home/ksm/ros2_study/install/my_first_package_msgs/share/my_first_package_msgs/environment/library_path.dsv
[5.796s] -- Installing: /home/ksm/ros2_study/install/my_first_package_msgs/lib/libmy_first_package_msgs__rosidl_generator_c.so
[5.797s] -- Set runtime path of "/home/ksm/ros2_study/install/my_first_package_msgs/lib/libmy_first_package_msgs__rosidl_generator_c.so" to ""
[5.797s] -- Up-to-date: /home/ksm/ros2_study/install/my_first_package_msgs/include/my_first_package_msgs/my_first_package_msgs
[5.797s] -- Up-to-date: /home/ksm/ros2_study/install/my_first_package_msgs/include/my_first_package_msgs/my_first_package_msgs/msg
[5.797s] -- Up-to-date: /home/ksm/ros2_study/install/my_first_package_msgs/include/my_first_package_msgs/my_first_package_msgs/msg/detail
[5.797s] -- Installing: /home/ksm/ros2_study/install/my_first_package_msgs/include/my_first_package_msgs/my_first_package_msgs/msg/detail/cmd_and_pose_vel__rosidl_typesupport_fastrtps_c.h
[5.797s] -- Up-to-date: /home/ksm/ros2_study/install/my_first_package_msgs/include/my_first_package_msgs/my_first_package_msgs/msg/rosidl_typesupport_fastrtps_c__visibility_control.h
[5.797s] -- Up-to-date: /home/ksm/ros2_study/install/my_first_package_msgs/include/my_first_package_msgs/my_first_package_msgs/srv
[5.798s] -- Up-to-date: /home/ksm/ros2_study/install/my_first_package_msgs/include/my_first_package_msgs/my_first_package_msgs/srv/detail
[5.798s] -- Installing: /home/ksm/ros2_study/install/my_first_package_msgs/include/my_first_package_msgs/my_first_package_msgs/srv/detail/multi_spawn__rosidl_typesupport_fastrtps_c.h
[5.798s] -- Up-to-date: /home/ksm/ros2_study/install/my_first_package_msgs/include/my_first_package_msgs/my_first_package_msgs/action
[5.798s] -- Up-to-date: /home/ksm/ros2_study/install/my_first_package_msgs/include/my_first_package_msgs/my_first_package_msgs/action/detail
[5.798s] -- Installing: /home/ksm/ros2_study/install/my_first_package_msgs/include/my_first_package_msgs/my_first_package_msgs/action/detail/dis_turtle__rosidl_typesupport_fastrtps_c.h
[5.798s] -- Installing: /home/ksm/ros2_study/install/my_first_package_msgs/lib/libmy_first_package_msgs__rosidl_typesupport_fastrtps_c.so
[5.799s] -- Set runtime path of "/home/ksm/ros2_study/install/my_first_package_msgs/lib/libmy_first_package_msgs__rosidl_typesupport_fastrtps_c.so" to ""
[5.799s] -- Up-to-date: /home/ksm/ros2_study/install/my_first_package_msgs/include/my_first_package_msgs/my_first_package_msgs
[5.799s] -- Up-to-date: /home/ksm/ros2_study/install/my_first_package_msgs/include/my_first_package_msgs/my_first_package_msgs/msg
[5.799s] -- Up-to-date: /home/ksm/ros2_study/install/my_first_package_msgs/include/my_first_package_msgs/my_first_package_msgs/msg/detail
[5.800s] -- Installing: /home/ksm/ros2_study/install/my_first_package_msgs/include/my_first_package_msgs/my_first_package_msgs/msg/detail/cmd_and_pose_vel__type_support.c
[5.800s] -- Installing: /home/ksm/ros2_study/install/my_first_package_msgs/include/my_first_package_msgs/my_first_package_msgs/msg/detail/cmd_and_pose_vel__rosidl_typesupport_introspection_c.h
[5.800s] -- Up-to-date: /home/ksm/ros2_study/install/my_first_package_msgs/include/my_first_package_msgs/my_first_package_msgs/msg/rosidl_typesupport_introspection_c__visibility_control.h
[5.800s] -- Up-to-date: /home/ksm/ros2_study/install/my_first_package_msgs/include/my_first_package_msgs/my_first_package_msgs/srv
[5.800s] -- Up-to-date: /home/ksm/ros2_study/install/my_first_package_msgs/include/my_first_package_msgs/my_first_package_msgs/srv/detail
[5.801s] -- Installing: /home/ksm/ros2_study/install/my_first_package_msgs/include/my_first_package_msgs/my_first_package_msgs/srv/detail/multi_spawn__rosidl_typesupport_introspection_c.h
[5.801s] -- Installing: /home/ksm/ros2_study/install/my_first_package_msgs/include/my_first_package_msgs/my_first_package_msgs/srv/detail/multi_spawn__type_support.c
[5.801s] -- Up-to-date: /home/ksm/ros2_study/install/my_first_package_msgs/include/my_first_package_msgs/my_first_package_msgs/action
[5.801s] -- Up-to-date: /home/ksm/ros2_study/install/my_first_package_msgs/include/my_first_package_msgs/my_first_package_msgs/action/detail
[5.801s] -- Installing: /home/ksm/ros2_study/install/my_first_package_msgs/include/my_first_package_msgs/my_first_package_msgs/action/detail/dis_turtle__rosidl_typesupport_introspection_c.h
[5.801s] -- Installing: /home/ksm/ros2_study/install/my_first_package_msgs/include/my_first_package_msgs/my_first_package_msgs/action/detail/dis_turtle__type_support.c
[5.801s] -- Installing: /home/ksm/ros2_study/install/my_first_package_msgs/lib/libmy_first_package_msgs__rosidl_typesupport_introspection_c.so
[5.802s] -- Set runtime path of "/home/ksm/ros2_study/install/my_first_package_msgs/lib/libmy_first_package_msgs__rosidl_typesupport_introspection_c.so" to ""
[5.802s] -- Installing: /home/ksm/ros2_study/install/my_first_package_msgs/lib/libmy_first_package_msgs__rosidl_typesupport_c.so
[5.803s] -- Set runtime path of "/home/ksm/ros2_study/install/my_first_package_msgs/lib/libmy_first_package_msgs__rosidl_typesupport_c.so" to ""
[5.803s] -- Up-to-date: /home/ksm/ros2_study/install/my_first_package_msgs/include/my_first_package_msgs/my_first_package_msgs
[5.803s] -- Up-to-date: /home/ksm/ros2_study/install/my_first_package_msgs/include/my_first_package_msgs/my_first_package_msgs/msg
[5.803s] -- Up-to-date: /home/ksm/ros2_study/install/my_first_package_msgs/include/my_first_package_msgs/my_first_package_msgs/msg/detail
[5.803s] -- Installing: /home/ksm/ros2_study/install/my_first_package_msgs/include/my_first_package_msgs/my_first_package_msgs/msg/detail/cmd_and_pose_vel__builder.hpp
[5.804s] -- Installing: /home/ksm/ros2_study/install/my_first_package_msgs/include/my_first_package_msgs/my_first_package_msgs/msg/detail/cmd_and_pose_vel__struct.hpp
[5.804s] -- Installing: /home/ksm/ros2_study/install/my_first_package_msgs/include/my_first_package_msgs/my_first_package_msgs/msg/detail/cmd_and_pose_vel__traits.hpp
[5.804s] -- Installing: /home/ksm/ros2_study/install/my_first_package_msgs/include/my_first_package_msgs/my_first_package_msgs/msg/cmd_and_pose_vel.hpp
[5.804s] -- Up-to-date: /home/ksm/ros2_study/install/my_first_package_msgs/include/my_first_package_msgs/my_first_package_msgs/srv
[5.804s] -- Up-to-date: /home/ksm/ros2_study/install/my_first_package_msgs/include/my_first_package_msgs/my_first_package_msgs/srv/detail
[5.804s] -- Installing: /home/ksm/ros2_study/install/my_first_package_msgs/include/my_first_package_msgs/my_first_package_msgs/srv/detail/multi_spawn__struct.hpp
[5.804s] -- Installing: /home/ksm/ros2_study/install/my_first_package_msgs/include/my_first_package_msgs/my_first_package_msgs/srv/detail/multi_spawn__traits.hpp
[5.805s] -- Installing: /home/ksm/ros2_study/install/my_first_package_msgs/include/my_first_package_msgs/my_first_package_msgs/srv/detail/multi_spawn__builder.hpp
[5.805s] -- Installing: /home/ksm/ros2_study/install/my_first_package_msgs/include/my_first_package_msgs/my_first_package_msgs/srv/multi_spawn.hpp
[5.805s] -- Up-to-date: /home/ksm/ros2_study/install/my_first_package_msgs/include/my_first_package_msgs/my_first_package_msgs/action
[5.805s] -- Up-to-date: /home/ksm/ros2_study/install/my_first_package_msgs/include/my_first_package_msgs/my_first_package_msgs/action/detail
[5.806s] -- Installing: /home/ksm/ros2_study/install/my_first_package_msgs/include/my_first_package_msgs/my_first_package_msgs/action/detail/dis_turtle__struct.hpp
[5.806s] -- Installing: /home/ksm/ros2_study/install/my_first_package_msgs/include/my_first_package_msgs/my_first_package_msgs/action/detail/dis_turtle__builder.hpp
[5.806s] -- Installing: /home/ksm/ros2_study/install/my_first_package_msgs/include/my_first_package_msgs/my_first_package_msgs/action/detail/dis_turtle__traits.hpp
[5.806s] -- Installing: /home/ksm/ros2_study/install/my_first_package_msgs/include/my_first_package_msgs/my_first_package_msgs/action/dis_turtle.hpp
[5.806s] -- Up-to-date: /home/ksm/ros2_study/install/my_first_package_msgs/include/my_first_package_msgs/my_first_package_msgs
[5.806s] -- Up-to-date: /home/ksm/ros2_study/install/my_first_package_msgs/include/my_first_package_msgs/my_first_package_msgs/msg
[5.807s] -- Up-to-date: /home/ksm/ros2_study/install/my_first_package_msgs/include/my_first_package_msgs/my_first_package_msgs/msg/detail
[5.807s] -- Up-to-date: /home/ksm/ros2_study/install/my_first_package_msgs/include/my_first_package_msgs/my_first_package_msgs/msg/detail/dds_fastrtps
[5.807s] -- Installing: /home/ksm/ros2_study/install/my_first_package_msgs/include/my_first_package_msgs/my_first_package_msgs/msg/detail/cmd_and_pose_vel__rosidl_typesupport_fastrtps_cpp.hpp
[5.807s] -- Up-to-date: /home/ksm/ros2_study/install/my_first_package_msgs/include/my_first_package_msgs/my_first_package_msgs/msg/rosidl_typesupport_fastrtps_cpp__visibility_control.h
[5.807s] -- Up-to-date: /home/ksm/ros2_study/install/my_first_package_msgs/include/my_first_package_msgs/my_first_package_msgs/srv
[5.807s] -- Up-to-date: /home/ksm/ros2_study/install/my_first_package_msgs/include/my_first_package_msgs/my_first_package_msgs/srv/detail
[5.807s] -- Up-to-date: /home/ksm/ros2_study/install/my_first_package_msgs/include/my_first_package_msgs/my_first_package_msgs/srv/detail/dds_fastrtps
[5.808s] -- Installing: /home/ksm/ros2_study/install/my_first_package_msgs/include/my_first_package_msgs/my_first_package_msgs/srv/detail/multi_spawn__rosidl_typesupport_fastrtps_cpp.hpp
[5.808s] -- Up-to-date: /home/ksm/ros2_study/install/my_first_package_msgs/include/my_first_package_msgs/my_first_package_msgs/action
[5.808s] -- Up-to-date: /home/ksm/ros2_study/install/my_first_package_msgs/include/my_first_package_msgs/my_first_package_msgs/action/detail
[5.808s] -- Installing: /home/ksm/ros2_study/install/my_first_package_msgs/include/my_first_package_msgs/my_first_package_msgs/action/detail/dds_fastrtps
[5.808s] -- Installing: /home/ksm/ros2_study/install/my_first_package_msgs/include/my_first_package_msgs/my_first_package_msgs/action/detail/dis_turtle__rosidl_typesupport_fastrtps_cpp.hpp
[5.809s] -- Installing: /home/ksm/ros2_study/install/my_first_package_msgs/lib/libmy_first_package_msgs__rosidl_typesupport_fastrtps_cpp.so
[5.809s] -- Set runtime path of "/home/ksm/ros2_study/install/my_first_package_msgs/lib/libmy_first_package_msgs__rosidl_typesupport_fastrtps_cpp.so" to ""
[5.809s] -- Up-to-date: /home/ksm/ros2_study/install/my_first_package_msgs/include/my_first_package_msgs/my_first_package_msgs
[5.809s] -- Up-to-date: /home/ksm/ros2_study/install/my_first_package_msgs/include/my_first_package_msgs/my_first_package_msgs/msg
[5.809s] -- Up-to-date: /home/ksm/ros2_study/install/my_first_package_msgs/include/my_first_package_msgs/my_first_package_msgs/msg/detail
[5.810s] -- Installing: /home/ksm/ros2_study/install/my_first_package_msgs/include/my_first_package_msgs/my_first_package_msgs/msg/detail/cmd_and_pose_vel__type_support.cpp
[5.810s] -- Installing: /home/ksm/ros2_study/install/my_first_package_msgs/include/my_first_package_msgs/my_first_package_msgs/msg/detail/cmd_and_pose_vel__rosidl_typesupport_introspection_cpp.hpp
[5.810s] -- Up-to-date: /home/ksm/ros2_study/install/my_first_package_msgs/include/my_first_package_msgs/my_first_package_msgs/srv
[5.810s] -- Up-to-date: /home/ksm/ros2_study/install/my_first_package_msgs/include/my_first_package_msgs/my_first_package_msgs/srv/detail
[5.811s] -- Installing: /home/ksm/ros2_study/install/my_first_package_msgs/include/my_first_package_msgs/my_first_package_msgs/srv/detail/multi_spawn__type_support.cpp
[5.811s] -- Installing: /home/ksm/ros2_study/install/my_first_package_msgs/include/my_first_package_msgs/my_first_package_msgs/srv/detail/multi_spawn__rosidl_typesupport_introspection_cpp.hpp
[5.811s] -- Up-to-date: /home/ksm/ros2_study/install/my_first_package_msgs/include/my_first_package_msgs/my_first_package_msgs/action
[5.811s] -- Up-to-date: /home/ksm/ros2_study/install/my_first_package_msgs/include/my_first_package_msgs/my_first_package_msgs/action/detail
[5.811s] -- Installing: /home/ksm/ros2_study/install/my_first_package_msgs/include/my_first_package_msgs/my_first_package_msgs/action/detail/dis_turtle__type_support.cpp
[5.811s] -- Installing: /home/ksm/ros2_study/install/my_first_package_msgs/include/my_first_package_msgs/my_first_package_msgs/action/detail/dis_turtle__rosidl_typesupport_introspection_cpp.hpp
[5.812s] -- Installing: /home/ksm/ros2_study/install/my_first_package_msgs/lib/libmy_first_package_msgs__rosidl_typesupport_introspection_cpp.so
[5.813s] -- Set runtime path of "/home/ksm/ros2_study/install/my_first_package_msgs/lib/libmy_first_package_msgs__rosidl_typesupport_introspection_cpp.so" to ""
[5.813s] -- Installing: /home/ksm/ros2_study/install/my_first_package_msgs/lib/libmy_first_package_msgs__rosidl_typesupport_cpp.so
[5.814s] -- Set runtime path of "/home/ksm/ros2_study/install/my_first_package_msgs/lib/libmy_first_package_msgs__rosidl_typesupport_cpp.so" to ""
[5.814s] -- Up-to-date: /home/ksm/ros2_study/install/my_first_package_msgs/share/my_first_package_msgs/environment/pythonpath.sh
[5.814s] -- Installing: /home/ksm/ros2_study/install/my_first_package_msgs/share/my_first_package_msgs/environment/pythonpath.dsv
[5.814s] -- Up-to-date: /home/ksm/ros2_study/install/my_first_package_msgs/local/lib/python3.10/dist-packages/my_first_package_msgs-0.0.0-py3.10.egg-info
[5.815s] -- Installing: /home/ksm/ros2_study/install/my_first_package_msgs/local/lib/python3.10/dist-packages/my_first_package_msgs-0.0.0-py3.10.egg-info/SOURCES.txt
[5.815s] -- Installing: /home/ksm/ros2_study/install/my_first_package_msgs/local/lib/python3.10/dist-packages/my_first_package_msgs-0.0.0-py3.10.egg-info/dependency_links.txt
[5.815s] -- Installing: /home/ksm/ros2_study/install/my_first_package_msgs/local/lib/python3.10/dist-packages/my_first_package_msgs-0.0.0-py3.10.egg-info/top_level.txt
[5.815s] -- Installing: /home/ksm/ros2_study/install/my_first_package_msgs/local/lib/python3.10/dist-packages/my_first_package_msgs-0.0.0-py3.10.egg-info/PKG-INFO
[5.815s] -- Up-to-date: /home/ksm/ros2_study/install/my_first_package_msgs/local/lib/python3.10/dist-packages/my_first_package_msgs
[5.815s] -- Up-to-date: /home/ksm/ros2_study/install/my_first_package_msgs/local/lib/python3.10/dist-packages/my_first_package_msgs/msg
[5.816s] -- Installing: /home/ksm/ros2_study/install/my_first_package_msgs/local/lib/python3.10/dist-packages/my_first_package_msgs/msg/_cmd_and_pose_vel_s.c
[5.816s] -- Installing: /home/ksm/ros2_study/install/my_first_package_msgs/local/lib/python3.10/dist-packages/my_first_package_msgs/msg/__init__.py
[5.816s] -- Installing: /home/ksm/ros2_study/install/my_first_package_msgs/local/lib/python3.10/dist-packages/my_first_package_msgs/msg/_cmd_and_pose_vel.py
[5.816s] -- Installing: /home/ksm/ros2_study/install/my_first_package_msgs/local/lib/python3.10/dist-packages/my_first_package_msgs/_my_first_package_msgs_s.ep.rosidl_typesupport_c.c
[5.816s] -- Installing: /home/ksm/ros2_study/install/my_first_package_msgs/local/lib/python3.10/dist-packages/my_first_package_msgs/libmy_first_package_msgs__rosidl_generator_py.so
[5.816s] -- Installing: /home/ksm/ros2_study/install/my_first_package_msgs/local/lib/python3.10/dist-packages/my_first_package_msgs/__init__.py
[5.816s] -- Up-to-date: /home/ksm/ros2_study/install/my_first_package_msgs/local/lib/python3.10/dist-packages/my_first_package_msgs/srv
[5.817s] -- Installing: /home/ksm/ros2_study/install/my_first_package_msgs/local/lib/python3.10/dist-packages/my_first_package_msgs/srv/_multi_spawn.py
[5.817s] -- Installing: /home/ksm/ros2_study/install/my_first_package_msgs/local/lib/python3.10/dist-packages/my_first_package_msgs/srv/__init__.py
[5.817s] -- Installing: /home/ksm/ros2_study/install/my_first_package_msgs/local/lib/python3.10/dist-packages/my_first_package_msgs/srv/_multi_spawn_s.c
[5.817s] -- Installing: /home/ksm/ros2_study/install/my_first_package_msgs/local/lib/python3.10/dist-packages/my_first_package_msgs/my_first_package_msgs_s__rosidl_typesupport_introspection_c.cpython-310-x86_64-linux-gnu.so
[5.817s] -- Installing: /home/ksm/ros2_study/install/my_first_package_msgs/local/lib/python3.10/dist-packages/my_first_package_msgs/_my_first_package_msgs_s.ep.rosidl_typesupport_fastrtps_c.c
[5.817s] -- Installing: /home/ksm/ros2_study/install/my_first_package_msgs/local/lib/python3.10/dist-packages/my_first_package_msgs/_my_first_package_msgs_s.ep.rosidl_typesupport_introspection_c.c
[5.818s] -- Installing: /home/ksm/ros2_study/install/my_first_package_msgs/local/lib/python3.10/dist-packages/my_first_package_msgs/my_first_package_msgs_s__rosidl_typesupport_c.cpython-310-x86_64-linux-gnu.so
[5.818s] -- Installing: /home/ksm/ros2_study/install/my_first_package_msgs/local/lib/python3.10/dist-packages/my_first_package_msgs/action
[5.818s] -- Installing: /home/ksm/ros2_study/install/my_first_package_msgs/local/lib/python3.10/dist-packages/my_first_package_msgs/action/__init__.py
[5.818s] -- Installing: /home/ksm/ros2_study/install/my_first_package_msgs/local/lib/python3.10/dist-packages/my_first_package_msgs/action/_dis_turtle_s.c
[5.818s] -- Installing: /home/ksm/ros2_study/install/my_first_package_msgs/local/lib/python3.10/dist-packages/my_first_package_msgs/action/_dis_turtle.py
[5.818s] -- Installing: /home/ksm/ros2_study/install/my_first_package_msgs/local/lib/python3.10/dist-packages/my_first_package_msgs/my_first_package_msgs_s__rosidl_typesupport_fastrtps_c.cpython-310-x86_64-linux-gnu.so
[5.863s] Listing '/home/ksm/ros2_study/install/my_first_package_msgs/local/lib/python3.10/dist-packages/my_first_package_msgs'...
[5.863s] Compiling '/home/ksm/ros2_study/install/my_first_package_msgs/local/lib/python3.10/dist-packages/my_first_package_msgs/__init__.py'...
[5.864s] Listing '/home/ksm/ros2_study/install/my_first_package_msgs/local/lib/python3.10/dist-packages/my_first_package_msgs/action'...
[5.864s] Compiling '/home/ksm/ros2_study/install/my_first_package_msgs/local/lib/python3.10/dist-packages/my_first_package_msgs/action/__init__.py'...
[5.864s] Compiling '/home/ksm/ros2_study/install/my_first_package_msgs/local/lib/python3.10/dist-packages/my_first_package_msgs/action/_dis_turtle.py'...
[5.864s] Listing '/home/ksm/ros2_study/install/my_first_package_msgs/local/lib/python3.10/dist-packages/my_first_package_msgs/msg'...
[5.864s] Compiling '/home/ksm/ros2_study/install/my_first_package_msgs/local/lib/python3.10/dist-packages/my_first_package_msgs/msg/__init__.py'...
[5.864s] Compiling '/home/ksm/ros2_study/install/my_first_package_msgs/local/lib/python3.10/dist-packages/my_first_package_msgs/msg/_cmd_and_pose_vel.py'...
[5.864s] Listing '/home/ksm/ros2_study/install/my_first_package_msgs/local/lib/python3.10/dist-packages/my_first_package_msgs/srv'...
[5.864s] Compiling '/home/ksm/ros2_study/install/my_first_package_msgs/local/lib/python3.10/dist-packages/my_first_package_msgs/srv/__init__.py'...
[5.864s] Compiling '/home/ksm/ros2_study/install/my_first_package_msgs/local/lib/python3.10/dist-packages/my_first_package_msgs/srv/_multi_spawn.py'...
[5.870s] -- Installing: /home/ksm/ros2_study/install/my_first_package_msgs/local/lib/python3.10/dist-packages/my_first_package_msgs/my_first_package_msgs_s__rosidl_typesupport_fastrtps_c.cpython-310-x86_64-linux-gnu.so
[5.870s] -- Set runtime path of "/home/ksm/ros2_study/install/my_first_package_msgs/local/lib/python3.10/dist-packages/my_first_package_msgs/my_first_package_msgs_s__rosidl_typesupport_fastrtps_c.cpython-310-x86_64-linux-gnu.so" to ""
[5.870s] -- Installing: /home/ksm/ros2_study/install/my_first_package_msgs/local/lib/python3.10/dist-packages/my_first_package_msgs/my_first_package_msgs_s__rosidl_typesupport_introspection_c.cpython-310-x86_64-linux-gnu.so
[5.870s] -- Set runtime path of "/home/ksm/ros2_study/install/my_first_package_msgs/local/lib/python3.10/dist-packages/my_first_package_msgs/my_first_package_msgs_s__rosidl_typesupport_introspection_c.cpython-310-x86_64-linux-gnu.so" to ""
[5.870s] -- Installing: /home/ksm/ros2_study/install/my_first_package_msgs/local/lib/python3.10/dist-packages/my_first_package_msgs/my_first_package_msgs_s__rosidl_typesupport_c.cpython-310-x86_64-linux-gnu.so
[5.870s] -- Set runtime path of "/home/ksm/ros2_study/install/my_first_package_msgs/local/lib/python3.10/dist-packages/my_first_package_msgs/my_first_package_msgs_s__rosidl_typesupport_c.cpython-310-x86_64-linux-gnu.so" to ""
[5.871s] -- Installing: /home/ksm/ros2_study/install/my_first_package_msgs/lib/libmy_first_package_msgs__rosidl_generator_py.so
[5.871s] -- Set runtime path of "/home/ksm/ros2_study/install/my_first_package_msgs/lib/libmy_first_package_msgs__rosidl_generator_py.so" to ""
[5.872s] -- Up-to-date: /home/ksm/ros2_study/install/my_first_package_msgs/share/my_first_package_msgs/msg/CmdAndPoseVel.idl
[5.872s] -- Up-to-date: /home/ksm/ros2_study/install/my_first_package_msgs/share/my_first_package_msgs/srv/MultiSpawn.idl
[5.872s] -- Installing: /home/ksm/ros2_study/install/my_first_package_msgs/share/my_first_package_msgs/action/DisTurtle.idl
[5.872s] -- Up-to-date: /home/ksm/ros2_study/install/my_first_package_msgs/share/my_first_package_msgs/msg/CmdAndPoseVel.msg
[5.873s] -- Up-to-date: /home/ksm/ros2_study/install/my_first_package_msgs/share/my_first_package_msgs/srv/MultiSpawn.srv
[5.873s] -- Up-to-date: /home/ksm/ros2_study/install/my_first_package_msgs/share/my_first_package_msgs/srv/MultiSpawn_Request.msg
[5.873s] -- Up-to-date: /home/ksm/ros2_study/install/my_first_package_msgs/share/my_first_package_msgs/srv/MultiSpawn_Response.msg
[5.873s] -- Installing: /home/ksm/ros2_study/install/my_first_package_msgs/share/my_first_package_msgs/action/DisTurtle.action
[5.873s] -- Installing: /home/ksm/ros2_study/install/my_first_package_msgs/share/ament_index/resource_index/package_run_dependencies/my_first_package_msgs
[5.873s] -- Up-to-date: /home/ksm/ros2_study/install/my_first_package_msgs/share/ament_index/resource_index/parent_prefix_path/my_first_package_msgs
[5.873s] -- Up-to-date: /home/ksm/ros2_study/install/my_first_package_msgs/share/my_first_package_msgs/environment/ament_prefix_path.sh
[5.873s] -- Installing: /home/ksm/ros2_study/install/my_first_package_msgs/share/my_first_package_msgs/environment/ament_prefix_path.dsv
[5.874s] -- Up-to-date: /home/ksm/ros2_study/install/my_first_package_msgs/share/my_first_package_msgs/environment/path.sh
[5.874s] -- Installing: /home/ksm/ros2_study/install/my_first_package_msgs/share/my_first_package_msgs/environment/path.dsv
[5.874s] -- Up-to-date: /home/ksm/ros2_study/install/my_first_package_msgs/share/my_first_package_msgs/local_setup.bash
[5.874s] -- Up-to-date: /home/ksm/ros2_study/install/my_first_package_msgs/share/my_first_package_msgs/local_setup.sh
[5.874s] -- Up-to-date: /home/ksm/ros2_study/install/my_first_package_msgs/share/my_first_package_msgs/local_setup.zsh
[5.874s] -- Installing: /home/ksm/ros2_study/install/my_first_package_msgs/share/my_first_package_msgs/local_setup.dsv
[5.875s] -- Installing: /home/ksm/ros2_study/install/my_first_package_msgs/share/my_first_package_msgs/package.dsv
[5.875s] -- Up-to-date: /home/ksm/ros2_study/install/my_first_package_msgs/share/ament_index/resource_index/packages/my_first_package_msgs
[5.875s] -- Old export file "/home/ksm/ros2_study/install/my_first_package_msgs/share/my_first_package_msgs/cmake/export_my_first_package_msgs__rosidl_generator_cExport.cmake" will be replaced.  Removing files [/home/ksm/ros2_study/install/my_first_package_msgs/share/my_first_package_msgs/cmake/export_my_first_package_msgs__rosidl_generator_cExport-noconfig.cmake].
[5.875s] -- Installing: /home/ksm/ros2_study/install/my_first_package_msgs/share/my_first_package_msgs/cmake/export_my_first_package_msgs__rosidl_generator_cExport.cmake
[5.875s] -- Installing: /home/ksm/ros2_study/install/my_first_package_msgs/share/my_first_package_msgs/cmake/export_my_first_package_msgs__rosidl_generator_cExport-noconfig.cmake
[5.875s] -- Old export file "/home/ksm/ros2_study/install/my_first_package_msgs/share/my_first_package_msgs/cmake/export_my_first_package_msgs__rosidl_typesupport_fastrtps_cExport.cmake" will be replaced.  Removing files [/home/ksm/ros2_study/install/my_first_package_msgs/share/my_first_package_msgs/cmake/export_my_first_package_msgs__rosidl_typesupport_fastrtps_cExport-noconfig.cmake].
[5.875s] -- Installing: /home/ksm/ros2_study/install/my_first_package_msgs/share/my_first_package_msgs/cmake/export_my_first_package_msgs__rosidl_typesupport_fastrtps_cExport.cmake
[5.876s] -- Installing: /home/ksm/ros2_study/install/my_first_package_msgs/share/my_first_package_msgs/cmake/export_my_first_package_msgs__rosidl_typesupport_fastrtps_cExport-noconfig.cmake
[5.876s] -- Old export file "/home/ksm/ros2_study/install/my_first_package_msgs/share/my_first_package_msgs/cmake/my_first_package_msgs__rosidl_typesupport_introspection_cExport.cmake" will be replaced.  Removing files [/home/ksm/ros2_study/install/my_first_package_msgs/share/my_first_package_msgs/cmake/my_first_package_msgs__rosidl_typesupport_introspection_cExport-noconfig.cmake].
[5.876s] -- Installing: /home/ksm/ros2_study/install/my_first_package_msgs/share/my_first_package_msgs/cmake/my_first_package_msgs__rosidl_typesupport_introspection_cExport.cmake
[5.876s] -- Installing: /home/ksm/ros2_study/install/my_first_package_msgs/share/my_first_package_msgs/cmake/my_first_package_msgs__rosidl_typesupport_introspection_cExport-noconfig.cmake
[5.876s] -- Old export file "/home/ksm/ros2_study/install/my_first_package_msgs/share/my_first_package_msgs/cmake/my_first_package_msgs__rosidl_typesupport_cExport.cmake" will be replaced.  Removing files [/home/ksm/ros2_study/install/my_first_package_msgs/share/my_first_package_msgs/cmake/my_first_package_msgs__rosidl_typesupport_cExport-noconfig.cmake].
[5.876s] -- Installing: /home/ksm/ros2_study/install/my_first_package_msgs/share/my_first_package_msgs/cmake/my_first_package_msgs__rosidl_typesupport_cExport.cmake
[5.876s] -- Installing: /home/ksm/ros2_study/install/my_first_package_msgs/share/my_first_package_msgs/cmake/my_first_package_msgs__rosidl_typesupport_cExport-noconfig.cmake
[5.877s] -- Installing: /home/ksm/ros2_study/install/my_first_package_msgs/share/my_first_package_msgs/cmake/export_my_first_package_msgs__rosidl_generator_cppExport.cmake
[5.877s] -- Old export file "/home/ksm/ros2_study/install/my_first_package_msgs/share/my_first_package_msgs/cmake/export_my_first_package_msgs__rosidl_typesupport_fastrtps_cppExport.cmake" will be replaced.  Removing files [/home/ksm/ros2_study/install/my_first_package_msgs/share/my_first_package_msgs/cmake/export_my_first_package_msgs__rosidl_typesupport_fastrtps_cppExport-noconfig.cmake].
[5.877s] -- Installing: /home/ksm/ros2_study/install/my_first_package_msgs/share/my_first_package_msgs/cmake/export_my_first_package_msgs__rosidl_typesupport_fastrtps_cppExport.cmake
[5.877s] -- Installing: /home/ksm/ros2_study/install/my_first_package_msgs/share/my_first_package_msgs/cmake/export_my_first_package_msgs__rosidl_typesupport_fastrtps_cppExport-noconfig.cmake
[5.877s] -- Old export file "/home/ksm/ros2_study/install/my_first_package_msgs/share/my_first_package_msgs/cmake/my_first_package_msgs__rosidl_typesupport_introspection_cppExport.cmake" will be replaced.  Removing files [/home/ksm/ros2_study/install/my_first_package_msgs/share/my_first_package_msgs/cmake/my_first_package_msgs__rosidl_typesupport_introspection_cppExport-noconfig.cmake].
[5.877s] -- Installing: /home/ksm/ros2_study/install/my_first_package_msgs/share/my_first_package_msgs/cmake/my_first_package_msgs__rosidl_typesupport_introspection_cppExport.cmake
[5.878s] -- Installing: /home/ksm/ros2_study/install/my_first_package_msgs/share/my_first_package_msgs/cmake/my_first_package_msgs__rosidl_typesupport_introspection_cppExport-noconfig.cmake
[5.878s] -- Old export file "/home/ksm/ros2_study/install/my_first_package_msgs/share/my_first_package_msgs/cmake/my_first_package_msgs__rosidl_typesupport_cppExport.cmake" will be replaced.  Removing files [/home/ksm/ros2_study/install/my_first_package_msgs/share/my_first_package_msgs/cmake/my_first_package_msgs__rosidl_typesupport_cppExport-noconfig.cmake].
[5.878s] -- Installing: /home/ksm/ros2_study/install/my_first_package_msgs/share/my_first_package_msgs/cmake/my_first_package_msgs__rosidl_typesupport_cppExport.cmake
[5.878s] -- Installing: /home/ksm/ros2_study/install/my_first_package_msgs/share/my_first_package_msgs/cmake/my_first_package_msgs__rosidl_typesupport_cppExport-noconfig.cmake
[5.878s] -- Old export file "/home/ksm/ros2_study/install/my_first_package_msgs/share/my_first_package_msgs/cmake/export_my_first_package_msgs__rosidl_generator_pyExport.cmake" will be replaced.  Removing files [/home/ksm/ros2_study/install/my_first_package_msgs/share/my_first_package_msgs/cmake/export_my_first_package_msgs__rosidl_generator_pyExport-noconfig.cmake].
[5.879s] -- Installing: /home/ksm/ros2_study/install/my_first_package_msgs/share/my_first_package_msgs/cmake/export_my_first_package_msgs__rosidl_generator_pyExport.cmake
[5.879s] -- Installing: /home/ksm/ros2_study/install/my_first_package_msgs/share/my_first_package_msgs/cmake/export_my_first_package_msgs__rosidl_generator_pyExport-noconfig.cmake
[5.879s] -- Installing: /home/ksm/ros2_study/install/my_first_package_msgs/share/my_first_package_msgs/cmake/rosidl_cmake-extras.cmake
[5.879s] -- Installing: /home/ksm/ros2_study/install/my_first_package_msgs/share/my_first_package_msgs/cmake/ament_cmake_export_dependencies-extras.cmake
[5.879s] -- Up-to-date: /home/ksm/ros2_study/install/my_first_package_msgs/share/my_first_package_msgs/cmake/ament_cmake_export_include_directories-extras.cmake
[5.879s] -- Up-to-date: /home/ksm/ros2_study/install/my_first_package_msgs/share/my_first_package_msgs/cmake/ament_cmake_export_libraries-extras.cmake
[5.879s] -- Up-to-date: /home/ksm/ros2_study/install/my_first_package_msgs/share/my_first_package_msgs/cmake/ament_cmake_export_targets-extras.cmake
[5.879s] -- Up-to-date: /home/ksm/ros2_study/install/my_first_package_msgs/share/my_first_package_msgs/cmake/rosidl_cmake_export_typesupport_targets-extras.cmake
[5.879s] -- Up-to-date: /home/ksm/ros2_study/install/my_first_package_msgs/share/my_first_package_msgs/cmake/rosidl_cmake_export_typesupport_libraries-extras.cmake
[5.880s] -- Installing: /home/ksm/ros2_study/install/my_first_package_msgs/share/my_first_package_msgs/cmake/my_first_package_msgsConfig.cmake
[5.880s] -- Up-to-date: /home/ksm/ros2_study/install/my_first_package_msgs/share/my_first_package_msgs/cmake/my_first_package_msgsConfig-version.cmake
[5.880s] -- Installing: /home/ksm/ros2_study/install/my_first_package_msgs/share/my_first_package_msgs/package.xml
[5.882s] Invoked command in '/home/ksm/ros2_study/build/my_first_package_msgs' returned '0': CMAKE_PREFIX_PATH=${CMAKE_PREFIX_PATH}:/home/ksm/ros2_study/install/my_first_package:/opt/ros/humble /usr/bin/cmake --install /home/ksm/ros2_study/build/my_first_package_msgs
