[0.720s] Invoking command in '/home/ksm/ros2_study/src/my_first_package': PYTHONPATH=/home/ksm/ros2_study/build/my_first_package/prefix_override:/usr/lib/python3/dist-packages/colcon_core/task/python/colcon_distutils_commands:/home/ksm/ros2_study/install/my_first_package/lib/python3.10/site-packages:${PYTHONPATH} /usr/bin/python3 -W ignore:setup.py install is deprecated setup.py egg_info --egg-base ../../build/my_first_package build --build-base /home/ksm/ros2_study/build/my_first_package/build install --record /home/ksm/ros2_study/build/my_first_package/install.log --single-version-externally-managed install_data
[0.935s] running egg_info
[0.935s] writing ../../build/my_first_package/my_first_package.egg-info/PKG-INFO
[0.937s] writing dependency_links to ../../build/my_first_package/my_first_package.egg-info/dependency_links.txt
[0.937s] writing entry points to ../../build/my_first_package/my_first_package.egg-info/entry_points.txt
[0.938s] writing requirements to ../../build/my_first_package/my_first_package.egg-info/requires.txt
[0.938s] writing top-level names to ../../build/my_first_package/my_first_package.egg-info/top_level.txt
[0.940s] reading manifest file '../../build/my_first_package/my_first_package.egg-info/SOURCES.txt'
[0.941s] writing manifest file '../../build/my_first_package/my_first_package.egg-info/SOURCES.txt'
[0.941s] running build
[0.941s] running build_py
[0.941s] copying my_first_package/my_subscriber.py -> /home/ksm/ros2_study/build/my_first_package/build/lib/my_first_package
[0.941s] running install
[0.942s] running install_lib
[0.943s] copying /home/ksm/ros2_study/build/my_first_package/build/lib/my_first_package/my_subscriber.py -> /home/ksm/ros2_study/install/my_first_package/lib/python3.10/site-packages/my_first_package
[0.943s] byte-compiling /home/ksm/ros2_study/install/my_first_package/lib/python3.10/site-packages/my_first_package/my_subscriber.py to my_subscriber.cpython-310.pyc
[0.944s] running install_data
[0.944s] running install_egg_info
[0.946s] removing '/home/ksm/ros2_study/install/my_first_package/lib/python3.10/site-packages/my_first_package-0.0.0-py3.10.egg-info' (and everything under it)
[0.946s] Copying ../../build/my_first_package/my_first_package.egg-info to /home/ksm/ros2_study/install/my_first_package/lib/python3.10/site-packages/my_first_package-0.0.0-py3.10.egg-info
[0.947s] running install_scripts
[0.966s] Installing my_first_node script to /home/ksm/ros2_study/install/my_first_package/lib/my_first_package
[0.966s] Installing my_subscriber script to /home/ksm/ros2_study/install/my_first_package/lib/my_first_package
[0.966s] writing list of installed files to '/home/ksm/ros2_study/build/my_first_package/install.log'
[0.989s] Invoked command in '/home/ksm/ros2_study/src/my_first_package' returned '0': PYTHONPATH=/home/ksm/ros2_study/build/my_first_package/prefix_override:/usr/lib/python3/dist-packages/colcon_core/task/python/colcon_distutils_commands:/home/ksm/ros2_study/install/my_first_package/lib/python3.10/site-packages:${PYTHONPATH} /usr/bin/python3 -W ignore:setup.py install is deprecated setup.py egg_info --egg-base ../../build/my_first_package build --build-base /home/ksm/ros2_study/build/my_first_package/build install --record /home/ksm/ros2_study/build/my_first_package/install.log --single-version-externally-managed install_data
