[0.256s] Invoking command in '/home/ksm/ros2_study/build/my_first_package_msgs': CMAKE_PREFIX_PATH=${CMAKE_PREFIX_PATH}:/home/ksm/ros2_study/install/my_first_package:/opt/ros/humble /usr/bin/cmake --build /home/ksm/ros2_study/build/my_first_package_msgs -- -j12 -l12
[0.294s] [  2%] Built target my_first_package_msgs__cpp
[0.294s] [ 12%] Built target my_first_package_msgs__rosidl_generator_c
[0.306s] [ 12%] Built target ament_cmake_python_copy_my_first_package_msgs
[0.315s] [ 34%] Built target my_first_package_msgs__rosidl_typesupport_fastrtps_cpp
[0.316s] [ 34%] Built target my_first_package_msgs__rosidl_typesupport_cpp
[0.317s] [ 44%] Built target my_first_package_msgs__rosidl_typesupport_introspection_cpp
[0.327s] [ 55%] Built target my_first_package_msgs__rosidl_typesupport_c
[0.328s] [ 65%] Built target my_first_package_msgs__rosidl_typesupport_introspection_c
[0.330s] [ 76%] Built target my_first_package_msgs__rosidl_typesupport_fastrtps_c
[0.351s] [ 76%] Built target my_first_package_msgs
[0.370s] [ 78%] Built target my_first_package_msgs__py
[0.393s] [ 87%] Built target my_first_package_msgs__rosidl_generator_py
[0.413s] [ 93%] Built target my_first_package_msgs__rosidl_typesupport_introspection_c__pyext
[0.413s] [ 97%] Built target my_first_package_msgs__rosidl_typesupport_fastrtps_c__pyext
[0.413s] [100%] Built target my_first_package_msgs__rosidl_typesupport_c__pyext
[0.570s] running egg_info
[0.571s] writing my_first_package_msgs.egg-info/PKG-INFO
[0.571s] writing dependency_links to my_first_package_msgs.egg-info/dependency_links.txt
[0.571s] writing top-level names to my_first_package_msgs.egg-info/top_level.txt
[0.574s] reading manifest file 'my_first_package_msgs.egg-info/SOURCES.txt'
[0.574s] writing manifest file 'my_first_package_msgs.egg-info/SOURCES.txt'
[0.601s] [100%] Built target ament_cmake_python_build_my_first_package_msgs_egg
[0.611s] Invoked command in '/home/ksm/ros2_study/build/my_first_package_msgs' returned '0': CMAKE_PREFIX_PATH=${CMAKE_PREFIX_PATH}:/home/ksm/ros2_study/install/my_first_package:/opt/ros/humble /usr/bin/cmake --build /home/ksm/ros2_study/build/my_first_package_msgs -- -j12 -l12
[0.691s] Invoking command in '/home/ksm/ros2_study/build/my_first_package_msgs': CMAKE_PREFIX_PATH=${CMAKE_PREFIX_PATH}:/home/ksm/ros2_study/install/my_first_package:/opt/ros/humble /usr/bin/cmake --install /home/ksm/ros2_study/build/my_first_package_msgs
[0.697s] -- Install configuration: ""
[0.698s] -- Up-to-date: /home/ksm/ros2_study/install/my_first_package_msgs/share/ament_index/resource_index/rosidl_interfaces/my_first_package_msgs
[0.699s] -- Up-to-date: /home/ksm/ros2_study/install/my_first_package_msgs/include/my_first_package_msgs/my_first_package_msgs
[0.699s] -- Up-to-date: /home/ksm/ros2_study/install/my_first_package_msgs/include/my_first_package_msgs/my_first_package_msgs/msg
[0.699s] -- Up-to-date: /home/ksm/ros2_study/install/my_first_package_msgs/include/my_first_package_msgs/my_first_package_msgs/msg/detail
[0.699s] -- Up-to-date: /home/ksm/ros2_study/install/my_first_package_msgs/include/my_first_package_msgs/my_first_package_msgs/msg/detail/cmd_and_pose_vel__functions.c
[0.699s] -- Up-to-date: /home/ksm/ros2_study/install/my_first_package_msgs/include/my_first_package_msgs/my_first_package_msgs/msg/detail/cmd_and_pose_vel__functions.h
[0.700s] -- Up-to-date: /home/ksm/ros2_study/install/my_first_package_msgs/include/my_first_package_msgs/my_first_package_msgs/msg/detail/cmd_and_pose_vel__struct.h
[0.700s] -- Up-to-date: /home/ksm/ros2_study/install/my_first_package_msgs/include/my_first_package_msgs/my_first_package_msgs/msg/detail/cmd_and_pose_vel__type_support.h
[0.701s] -- Up-to-date: /home/ksm/ros2_study/install/my_first_package_msgs/include/my_first_package_msgs/my_first_package_msgs/msg/rosidl_generator_c__visibility_control.h
[0.701s] -- Up-to-date: /home/ksm/ros2_study/install/my_first_package_msgs/include/my_first_package_msgs/my_first_package_msgs/msg/cmd_and_pose_vel.h
[0.702s] -- Up-to-date: /home/ksm/ros2_study/install/my_first_package_msgs/include/my_first_package_msgs/my_first_package_msgs/srv
[0.702s] -- Up-to-date: /home/ksm/ros2_study/install/my_first_package_msgs/include/my_first_package_msgs/my_first_package_msgs/srv/detail
[0.702s] -- Up-to-date: /home/ksm/ros2_study/install/my_first_package_msgs/include/my_first_package_msgs/my_first_package_msgs/srv/detail/multi_spawn__type_support.h
[0.702s] -- Up-to-date: /home/ksm/ros2_study/install/my_first_package_msgs/include/my_first_package_msgs/my_first_package_msgs/srv/detail/multi_spawn__functions.c
[0.702s] -- Up-to-date: /home/ksm/ros2_study/install/my_first_package_msgs/include/my_first_package_msgs/my_first_package_msgs/srv/detail/multi_spawn__functions.h
[0.703s] -- Up-to-date: /home/ksm/ros2_study/install/my_first_package_msgs/include/my_first_package_msgs/my_first_package_msgs/srv/detail/multi_spawn__struct.h
[0.703s] -- Up-to-date: /home/ksm/ros2_study/install/my_first_package_msgs/include/my_first_package_msgs/my_first_package_msgs/srv/multi_spawn.h
[0.703s] -- Up-to-date: /home/ksm/ros2_study/install/my_first_package_msgs/include/my_first_package_msgs/my_first_package_msgs/action
[0.703s] -- Up-to-date: /home/ksm/ros2_study/install/my_first_package_msgs/include/my_first_package_msgs/my_first_package_msgs/action/detail
[0.703s] -- Up-to-date: /home/ksm/ros2_study/install/my_first_package_msgs/include/my_first_package_msgs/my_first_package_msgs/action/detail/dis_turtle__functions.h
[0.703s] -- Up-to-date: /home/ksm/ros2_study/install/my_first_package_msgs/include/my_first_package_msgs/my_first_package_msgs/action/detail/dis_turtle__struct.h
[0.704s] -- Up-to-date: /home/ksm/ros2_study/install/my_first_package_msgs/include/my_first_package_msgs/my_first_package_msgs/action/detail/dis_turtle__type_support.h
[0.704s] -- Up-to-date: /home/ksm/ros2_study/install/my_first_package_msgs/include/my_first_package_msgs/my_first_package_msgs/action/detail/dis_turtle__functions.c
[0.704s] -- Up-to-date: /home/ksm/ros2_study/install/my_first_package_msgs/include/my_first_package_msgs/my_first_package_msgs/action/dis_turtle.h
[0.705s] -- Up-to-date: /home/ksm/ros2_study/install/my_first_package_msgs/share/my_first_package_msgs/environment/library_path.sh
[0.705s] -- Up-to-date: /home/ksm/ros2_study/install/my_first_package_msgs/share/my_first_package_msgs/environment/library_path.dsv
[0.705s] -- Up-to-date: /home/ksm/ros2_study/install/my_first_package_msgs/lib/libmy_first_package_msgs__rosidl_generator_c.so
[0.705s] -- Up-to-date: /home/ksm/ros2_study/install/my_first_package_msgs/include/my_first_package_msgs/my_first_package_msgs
[0.705s] -- Up-to-date: /home/ksm/ros2_study/install/my_first_package_msgs/include/my_first_package_msgs/my_first_package_msgs/msg
[0.705s] -- Up-to-date: /home/ksm/ros2_study/install/my_first_package_msgs/include/my_first_package_msgs/my_first_package_msgs/msg/detail
[0.705s] -- Up-to-date: /home/ksm/ros2_study/install/my_first_package_msgs/include/my_first_package_msgs/my_first_package_msgs/msg/detail/cmd_and_pose_vel__rosidl_typesupport_fastrtps_c.h
[0.705s] -- Up-to-date: /home/ksm/ros2_study/install/my_first_package_msgs/include/my_first_package_msgs/my_first_package_msgs/msg/rosidl_typesupport_fastrtps_c__visibility_control.h
[0.705s] -- Up-to-date: /home/ksm/ros2_study/install/my_first_package_msgs/include/my_first_package_msgs/my_first_package_msgs/srv
[0.705s] -- Up-to-date: /home/ksm/ros2_study/install/my_first_package_msgs/include/my_first_package_msgs/my_first_package_msgs/srv/detail
[0.706s] -- Up-to-date: /home/ksm/ros2_study/install/my_first_package_msgs/include/my_first_package_msgs/my_first_package_msgs/srv/detail/multi_spawn__rosidl_typesupport_fastrtps_c.h
[0.706s] -- Up-to-date: /home/ksm/ros2_study/install/my_first_package_msgs/include/my_first_package_msgs/my_first_package_msgs/action
[0.706s] -- Up-to-date: /home/ksm/ros2_study/install/my_first_package_msgs/include/my_first_package_msgs/my_first_package_msgs/action/detail
[0.706s] -- Up-to-date: /home/ksm/ros2_study/install/my_first_package_msgs/include/my_first_package_msgs/my_first_package_msgs/action/detail/dis_turtle__rosidl_typesupport_fastrtps_c.h
[0.706s] -- Up-to-date: /home/ksm/ros2_study/install/my_first_package_msgs/lib/libmy_first_package_msgs__rosidl_typesupport_fastrtps_c.so
[0.706s] -- Up-to-date: /home/ksm/ros2_study/install/my_first_package_msgs/include/my_first_package_msgs/my_first_package_msgs
[0.706s] -- Up-to-date: /home/ksm/ros2_study/install/my_first_package_msgs/include/my_first_package_msgs/my_first_package_msgs/msg
[0.706s] -- Up-to-date: /home/ksm/ros2_study/install/my_first_package_msgs/include/my_first_package_msgs/my_first_package_msgs/msg/detail
[0.706s] -- Up-to-date: /home/ksm/ros2_study/install/my_first_package_msgs/include/my_first_package_msgs/my_first_package_msgs/msg/detail/cmd_and_pose_vel__type_support.c
[0.706s] -- Up-to-date: /home/ksm/ros2_study/install/my_first_package_msgs/include/my_first_package_msgs/my_first_package_msgs/msg/detail/cmd_and_pose_vel__rosidl_typesupport_introspection_c.h
[0.706s] -- Up-to-date: /home/ksm/ros2_study/install/my_first_package_msgs/include/my_first_package_msgs/my_first_package_msgs/msg/rosidl_typesupport_introspection_c__visibility_control.h
[0.706s] -- Up-to-date: /home/ksm/ros2_study/install/my_first_package_msgs/include/my_first_package_msgs/my_first_package_msgs/srv
[0.707s] -- Up-to-date: /home/ksm/ros2_study/install/my_first_package_msgs/include/my_first_package_msgs/my_first_package_msgs/srv/detail
[0.707s] -- Up-to-date: /home/ksm/ros2_study/install/my_first_package_msgs/include/my_first_package_msgs/my_first_package_msgs/srv/detail/multi_spawn__rosidl_typesupport_introspection_c.h
[0.707s] -- Up-to-date: /home/ksm/ros2_study/install/my_first_package_msgs/include/my_first_package_msgs/my_first_package_msgs/srv/detail/multi_spawn__type_support.c
[0.707s] -- Up-to-date: /home/ksm/ros2_study/install/my_first_package_msgs/include/my_first_package_msgs/my_first_package_msgs/action
[0.707s] -- Up-to-date: /home/ksm/ros2_study/install/my_first_package_msgs/include/my_first_package_msgs/my_first_package_msgs/action/detail
[0.707s] -- Up-to-date: /home/ksm/ros2_study/install/my_first_package_msgs/include/my_first_package_msgs/my_first_package_msgs/action/detail/dis_turtle__rosidl_typesupport_introspection_c.h
[0.707s] -- Up-to-date: /home/ksm/ros2_study/install/my_first_package_msgs/include/my_first_package_msgs/my_first_package_msgs/action/detail/dis_turtle__type_support.c
[0.707s] -- Up-to-date: /home/ksm/ros2_study/install/my_first_package_msgs/lib/libmy_first_package_msgs__rosidl_typesupport_introspection_c.so
[0.707s] -- Up-to-date: /home/ksm/ros2_study/install/my_first_package_msgs/lib/libmy_first_package_msgs__rosidl_typesupport_c.so
[0.707s] -- Up-to-date: /home/ksm/ros2_study/install/my_first_package_msgs/include/my_first_package_msgs/my_first_package_msgs
[0.707s] -- Up-to-date: /home/ksm/ros2_study/install/my_first_package_msgs/include/my_first_package_msgs/my_first_package_msgs/msg
[0.708s] -- Up-to-date: /home/ksm/ros2_study/install/my_first_package_msgs/include/my_first_package_msgs/my_first_package_msgs/msg/detail
[0.708s] -- Up-to-date: /home/ksm/ros2_study/install/my_first_package_msgs/include/my_first_package_msgs/my_first_package_msgs/msg/detail/cmd_and_pose_vel__builder.hpp
[0.708s] -- Up-to-date: /home/ksm/ros2_study/install/my_first_package_msgs/include/my_first_package_msgs/my_first_package_msgs/msg/detail/cmd_and_pose_vel__struct.hpp
[0.708s] -- Up-to-date: /home/ksm/ros2_study/install/my_first_package_msgs/include/my_first_package_msgs/my_first_package_msgs/msg/detail/cmd_and_pose_vel__traits.hpp
[0.708s] -- Up-to-date: /home/ksm/ros2_study/install/my_first_package_msgs/include/my_first_package_msgs/my_first_package_msgs/msg/cmd_and_pose_vel.hpp
[0.708s] -- Up-to-date: /home/ksm/ros2_study/install/my_first_package_msgs/include/my_first_package_msgs/my_first_package_msgs/srv
[0.708s] -- Up-to-date: /home/ksm/ros2_study/install/my_first_package_msgs/include/my_first_package_msgs/my_first_package_msgs/srv/detail
[0.708s] -- Up-to-date: /home/ksm/ros2_study/install/my_first_package_msgs/include/my_first_package_msgs/my_first_package_msgs/srv/detail/multi_spawn__struct.hpp
[0.708s] -- Up-to-date: /home/ksm/ros2_study/install/my_first_package_msgs/include/my_first_package_msgs/my_first_package_msgs/srv/detail/multi_spawn__traits.hpp
[0.708s] -- Up-to-date: /home/ksm/ros2_study/install/my_first_package_msgs/include/my_first_package_msgs/my_first_package_msgs/srv/detail/multi_spawn__builder.hpp
[0.708s] -- Up-to-date: /home/ksm/ros2_study/install/my_first_package_msgs/include/my_first_package_msgs/my_first_package_msgs/srv/multi_spawn.hpp
[0.709s] -- Up-to-date: /home/ksm/ros2_study/install/my_first_package_msgs/include/my_first_package_msgs/my_first_package_msgs/action
[0.709s] -- Up-to-date: /home/ksm/ros2_study/install/my_first_package_msgs/include/my_first_package_msgs/my_first_package_msgs/action/detail
[0.709s] -- Up-to-date: /home/ksm/ros2_study/install/my_first_package_msgs/include/my_first_package_msgs/my_first_package_msgs/action/detail/dis_turtle__struct.hpp
[0.709s] -- Up-to-date: /home/ksm/ros2_study/install/my_first_package_msgs/include/my_first_package_msgs/my_first_package_msgs/action/detail/dis_turtle__builder.hpp
[0.709s] -- Up-to-date: /home/ksm/ros2_study/install/my_first_package_msgs/include/my_first_package_msgs/my_first_package_msgs/action/detail/dis_turtle__traits.hpp
[0.709s] -- Up-to-date: /home/ksm/ros2_study/install/my_first_package_msgs/include/my_first_package_msgs/my_first_package_msgs/action/dis_turtle.hpp
[0.709s] -- Up-to-date: /home/ksm/ros2_study/install/my_first_package_msgs/include/my_first_package_msgs/my_first_package_msgs
[0.709s] -- Up-to-date: /home/ksm/ros2_study/install/my_first_package_msgs/include/my_first_package_msgs/my_first_package_msgs/msg
[0.709s] -- Up-to-date: /home/ksm/ros2_study/install/my_first_package_msgs/include/my_first_package_msgs/my_first_package_msgs/msg/detail
[0.709s] -- Up-to-date: /home/ksm/ros2_study/install/my_first_package_msgs/include/my_first_package_msgs/my_first_package_msgs/msg/detail/dds_fastrtps
[0.709s] -- Up-to-date: /home/ksm/ros2_study/install/my_first_package_msgs/include/my_first_package_msgs/my_first_package_msgs/msg/detail/cmd_and_pose_vel__rosidl_typesupport_fastrtps_cpp.hpp
[0.709s] -- Up-to-date: /home/ksm/ros2_study/install/my_first_package_msgs/include/my_first_package_msgs/my_first_package_msgs/msg/rosidl_typesupport_fastrtps_cpp__visibility_control.h
[0.710s] -- Up-to-date: /home/ksm/ros2_study/install/my_first_package_msgs/include/my_first_package_msgs/my_first_package_msgs/srv
[0.710s] -- Up-to-date: /home/ksm/ros2_study/install/my_first_package_msgs/include/my_first_package_msgs/my_first_package_msgs/srv/detail
[0.710s] -- Up-to-date: /home/ksm/ros2_study/install/my_first_package_msgs/include/my_first_package_msgs/my_first_package_msgs/srv/detail/dds_fastrtps
[0.710s] -- Up-to-date: /home/ksm/ros2_study/install/my_first_package_msgs/include/my_first_package_msgs/my_first_package_msgs/srv/detail/multi_spawn__rosidl_typesupport_fastrtps_cpp.hpp
[0.710s] -- Up-to-date: /home/ksm/ros2_study/install/my_first_package_msgs/include/my_first_package_msgs/my_first_package_msgs/action
[0.710s] -- Up-to-date: /home/ksm/ros2_study/install/my_first_package_msgs/include/my_first_package_msgs/my_first_package_msgs/action/detail
[0.710s] -- Up-to-date: /home/ksm/ros2_study/install/my_first_package_msgs/include/my_first_package_msgs/my_first_package_msgs/action/detail/dds_fastrtps
[0.710s] -- Up-to-date: /home/ksm/ros2_study/install/my_first_package_msgs/include/my_first_package_msgs/my_first_package_msgs/action/detail/dis_turtle__rosidl_typesupport_fastrtps_cpp.hpp
[0.710s] -- Up-to-date: /home/ksm/ros2_study/install/my_first_package_msgs/lib/libmy_first_package_msgs__rosidl_typesupport_fastrtps_cpp.so
[0.710s] -- Up-to-date: /home/ksm/ros2_study/install/my_first_package_msgs/include/my_first_package_msgs/my_first_package_msgs
[0.710s] -- Up-to-date: /home/ksm/ros2_study/install/my_first_package_msgs/include/my_first_package_msgs/my_first_package_msgs/msg
[0.710s] -- Up-to-date: /home/ksm/ros2_study/install/my_first_package_msgs/include/my_first_package_msgs/my_first_package_msgs/msg/detail
[0.711s] -- Up-to-date: /home/ksm/ros2_study/install/my_first_package_msgs/include/my_first_package_msgs/my_first_package_msgs/msg/detail/cmd_and_pose_vel__type_support.cpp
[0.711s] -- Up-to-date: /home/ksm/ros2_study/install/my_first_package_msgs/include/my_first_package_msgs/my_first_package_msgs/msg/detail/cmd_and_pose_vel__rosidl_typesupport_introspection_cpp.hpp
[0.711s] -- Up-to-date: /home/ksm/ros2_study/install/my_first_package_msgs/include/my_first_package_msgs/my_first_package_msgs/srv
[0.711s] -- Up-to-date: /home/ksm/ros2_study/install/my_first_package_msgs/include/my_first_package_msgs/my_first_package_msgs/srv/detail
[0.711s] -- Up-to-date: /home/ksm/ros2_study/install/my_first_package_msgs/include/my_first_package_msgs/my_first_package_msgs/srv/detail/multi_spawn__type_support.cpp
[0.711s] -- Up-to-date: /home/ksm/ros2_study/install/my_first_package_msgs/include/my_first_package_msgs/my_first_package_msgs/srv/detail/multi_spawn__rosidl_typesupport_introspection_cpp.hpp
[0.711s] -- Up-to-date: /home/ksm/ros2_study/install/my_first_package_msgs/include/my_first_package_msgs/my_first_package_msgs/action
[0.711s] -- Up-to-date: /home/ksm/ros2_study/install/my_first_package_msgs/include/my_first_package_msgs/my_first_package_msgs/action/detail
[0.711s] -- Up-to-date: /home/ksm/ros2_study/install/my_first_package_msgs/include/my_first_package_msgs/my_first_package_msgs/action/detail/dis_turtle__type_support.cpp
[0.711s] -- Up-to-date: /home/ksm/ros2_study/install/my_first_package_msgs/include/my_first_package_msgs/my_first_package_msgs/action/detail/dis_turtle__rosidl_typesupport_introspection_cpp.hpp
[0.711s] -- Up-to-date: /home/ksm/ros2_study/install/my_first_package_msgs/lib/libmy_first_package_msgs__rosidl_typesupport_introspection_cpp.so
[0.711s] -- Up-to-date: /home/ksm/ros2_study/install/my_first_package_msgs/lib/libmy_first_package_msgs__rosidl_typesupport_cpp.so
[0.712s] -- Up-to-date: /home/ksm/ros2_study/install/my_first_package_msgs/share/my_first_package_msgs/environment/pythonpath.sh
[0.712s] -- Up-to-date: /home/ksm/ros2_study/install/my_first_package_msgs/share/my_first_package_msgs/environment/pythonpath.dsv
[0.712s] -- Up-to-date: /home/ksm/ros2_study/install/my_first_package_msgs/local/lib/python3.10/dist-packages/my_first_package_msgs-0.0.0-py3.10.egg-info
[0.712s] -- Installing: /home/ksm/ros2_study/install/my_first_package_msgs/local/lib/python3.10/dist-packages/my_first_package_msgs-0.0.0-py3.10.egg-info/SOURCES.txt
[0.712s] -- Installing: /home/ksm/ros2_study/install/my_first_package_msgs/local/lib/python3.10/dist-packages/my_first_package_msgs-0.0.0-py3.10.egg-info/dependency_links.txt
[0.712s] -- Installing: /home/ksm/ros2_study/install/my_first_package_msgs/local/lib/python3.10/dist-packages/my_first_package_msgs-0.0.0-py3.10.egg-info/top_level.txt
[0.712s] -- Installing: /home/ksm/ros2_study/install/my_first_package_msgs/local/lib/python3.10/dist-packages/my_first_package_msgs-0.0.0-py3.10.egg-info/PKG-INFO
[0.712s] -- Up-to-date: /home/ksm/ros2_study/install/my_first_package_msgs/local/lib/python3.10/dist-packages/my_first_package_msgs
[0.712s] -- Up-to-date: /home/ksm/ros2_study/install/my_first_package_msgs/local/lib/python3.10/dist-packages/my_first_package_msgs/msg
[0.712s] -- Up-to-date: /home/ksm/ros2_study/install/my_first_package_msgs/local/lib/python3.10/dist-packages/my_first_package_msgs/msg/_cmd_and_pose_vel_s.c
[0.712s] -- Up-to-date: /home/ksm/ros2_study/install/my_first_package_msgs/local/lib/python3.10/dist-packages/my_first_package_msgs/msg/__init__.py
[0.712s] -- Up-to-date: /home/ksm/ros2_study/install/my_first_package_msgs/local/lib/python3.10/dist-packages/my_first_package_msgs/msg/_cmd_and_pose_vel.py
[0.712s] -- Up-to-date: /home/ksm/ros2_study/install/my_first_package_msgs/local/lib/python3.10/dist-packages/my_first_package_msgs/_my_first_package_msgs_s.ep.rosidl_typesupport_c.c
[0.712s] -- Up-to-date: /home/ksm/ros2_study/install/my_first_package_msgs/local/lib/python3.10/dist-packages/my_first_package_msgs/libmy_first_package_msgs__rosidl_generator_py.so
[0.712s] -- Up-to-date: /home/ksm/ros2_study/install/my_first_package_msgs/local/lib/python3.10/dist-packages/my_first_package_msgs/__init__.py
[0.712s] -- Up-to-date: /home/ksm/ros2_study/install/my_first_package_msgs/local/lib/python3.10/dist-packages/my_first_package_msgs/srv
[0.712s] -- Up-to-date: /home/ksm/ros2_study/install/my_first_package_msgs/local/lib/python3.10/dist-packages/my_first_package_msgs/srv/_multi_spawn.py
[0.712s] -- Up-to-date: /home/ksm/ros2_study/install/my_first_package_msgs/local/lib/python3.10/dist-packages/my_first_package_msgs/srv/__init__.py
[0.713s] -- Up-to-date: /home/ksm/ros2_study/install/my_first_package_msgs/local/lib/python3.10/dist-packages/my_first_package_msgs/srv/_multi_spawn_s.c
[0.713s] -- Up-to-date: /home/ksm/ros2_study/install/my_first_package_msgs/local/lib/python3.10/dist-packages/my_first_package_msgs/my_first_package_msgs_s__rosidl_typesupport_introspection_c.cpython-310-x86_64-linux-gnu.so
[0.713s] -- Up-to-date: /home/ksm/ros2_study/install/my_first_package_msgs/local/lib/python3.10/dist-packages/my_first_package_msgs/_my_first_package_msgs_s.ep.rosidl_typesupport_fastrtps_c.c
[0.713s] -- Up-to-date: /home/ksm/ros2_study/install/my_first_package_msgs/local/lib/python3.10/dist-packages/my_first_package_msgs/_my_first_package_msgs_s.ep.rosidl_typesupport_introspection_c.c
[0.713s] -- Up-to-date: /home/ksm/ros2_study/install/my_first_package_msgs/local/lib/python3.10/dist-packages/my_first_package_msgs/my_first_package_msgs_s__rosidl_typesupport_c.cpython-310-x86_64-linux-gnu.so
[0.713s] -- Up-to-date: /home/ksm/ros2_study/install/my_first_package_msgs/local/lib/python3.10/dist-packages/my_first_package_msgs/action
[0.713s] -- Up-to-date: /home/ksm/ros2_study/install/my_first_package_msgs/local/lib/python3.10/dist-packages/my_first_package_msgs/action/__init__.py
[0.713s] -- Up-to-date: /home/ksm/ros2_study/install/my_first_package_msgs/local/lib/python3.10/dist-packages/my_first_package_msgs/action/_dis_turtle_s.c
[0.713s] -- Up-to-date: /home/ksm/ros2_study/install/my_first_package_msgs/local/lib/python3.10/dist-packages/my_first_package_msgs/action/_dis_turtle.py
[0.713s] -- Up-to-date: /home/ksm/ros2_study/install/my_first_package_msgs/local/lib/python3.10/dist-packages/my_first_package_msgs/my_first_package_msgs_s__rosidl_typesupport_fastrtps_c.cpython-310-x86_64-linux-gnu.so
[0.734s] Listing '/home/ksm/ros2_study/install/my_first_package_msgs/local/lib/python3.10/dist-packages/my_first_package_msgs'...
[0.734s] Listing '/home/ksm/ros2_study/install/my_first_package_msgs/local/lib/python3.10/dist-packages/my_first_package_msgs/action'...
[0.735s] Listing '/home/ksm/ros2_study/install/my_first_package_msgs/local/lib/python3.10/dist-packages/my_first_package_msgs/msg'...
[0.735s] Listing '/home/ksm/ros2_study/install/my_first_package_msgs/local/lib/python3.10/dist-packages/my_first_package_msgs/srv'...
[0.739s] -- Up-to-date: /home/ksm/ros2_study/install/my_first_package_msgs/local/lib/python3.10/dist-packages/my_first_package_msgs/my_first_package_msgs_s__rosidl_typesupport_fastrtps_c.cpython-310-x86_64-linux-gnu.so
[0.739s] -- Up-to-date: /home/ksm/ros2_study/install/my_first_package_msgs/local/lib/python3.10/dist-packages/my_first_package_msgs/my_first_package_msgs_s__rosidl_typesupport_introspection_c.cpython-310-x86_64-linux-gnu.so
[0.740s] -- Up-to-date: /home/ksm/ros2_study/install/my_first_package_msgs/local/lib/python3.10/dist-packages/my_first_package_msgs/my_first_package_msgs_s__rosidl_typesupport_c.cpython-310-x86_64-linux-gnu.so
[0.740s] -- Up-to-date: /home/ksm/ros2_study/install/my_first_package_msgs/lib/libmy_first_package_msgs__rosidl_generator_py.so
[0.740s] -- Up-to-date: /home/ksm/ros2_study/install/my_first_package_msgs/share/my_first_package_msgs/msg/CmdAndPoseVel.idl
[0.740s] -- Up-to-date: /home/ksm/ros2_study/install/my_first_package_msgs/share/my_first_package_msgs/srv/MultiSpawn.idl
[0.741s] -- Up-to-date: /home/ksm/ros2_study/install/my_first_package_msgs/share/my_first_package_msgs/action/DisTurtle.idl
[0.741s] -- Up-to-date: /home/ksm/ros2_study/install/my_first_package_msgs/share/my_first_package_msgs/msg/CmdAndPoseVel.msg
[0.741s] -- Up-to-date: /home/ksm/ros2_study/install/my_first_package_msgs/share/my_first_package_msgs/srv/MultiSpawn.srv
[0.741s] -- Up-to-date: /home/ksm/ros2_study/install/my_first_package_msgs/share/my_first_package_msgs/srv/MultiSpawn_Request.msg
[0.741s] -- Up-to-date: /home/ksm/ros2_study/install/my_first_package_msgs/share/my_first_package_msgs/srv/MultiSpawn_Response.msg
[0.742s] -- Up-to-date: /home/ksm/ros2_study/install/my_first_package_msgs/share/my_first_package_msgs/action/DisTurtle.action
[0.742s] -- Up-to-date: /home/ksm/ros2_study/install/my_first_package_msgs/share/ament_index/resource_index/package_run_dependencies/my_first_package_msgs
[0.742s] -- Up-to-date: /home/ksm/ros2_study/install/my_first_package_msgs/share/ament_index/resource_index/parent_prefix_path/my_first_package_msgs
[0.742s] -- Up-to-date: /home/ksm/ros2_study/install/my_first_package_msgs/share/my_first_package_msgs/environment/ament_prefix_path.sh
[0.742s] -- Up-to-date: /home/ksm/ros2_study/install/my_first_package_msgs/share/my_first_package_msgs/environment/ament_prefix_path.dsv
[0.743s] -- Up-to-date: /home/ksm/ros2_study/install/my_first_package_msgs/share/my_first_package_msgs/environment/path.sh
[0.743s] -- Up-to-date: /home/ksm/ros2_study/install/my_first_package_msgs/share/my_first_package_msgs/environment/path.dsv
[0.743s] -- Up-to-date: /home/ksm/ros2_study/install/my_first_package_msgs/share/my_first_package_msgs/local_setup.bash
[0.743s] -- Up-to-date: /home/ksm/ros2_study/install/my_first_package_msgs/share/my_first_package_msgs/local_setup.sh
[0.743s] -- Up-to-date: /home/ksm/ros2_study/install/my_first_package_msgs/share/my_first_package_msgs/local_setup.zsh
[0.743s] -- Up-to-date: /home/ksm/ros2_study/install/my_first_package_msgs/share/my_first_package_msgs/local_setup.dsv
[0.743s] -- Installing: /home/ksm/ros2_study/install/my_first_package_msgs/share/my_first_package_msgs/package.dsv
[0.743s] -- Up-to-date: /home/ksm/ros2_study/install/my_first_package_msgs/share/ament_index/resource_index/packages/my_first_package_msgs
[0.744s] -- Up-to-date: /home/ksm/ros2_study/install/my_first_package_msgs/share/my_first_package_msgs/cmake/export_my_first_package_msgs__rosidl_generator_cExport.cmake
[0.744s] -- Up-to-date: /home/ksm/ros2_study/install/my_first_package_msgs/share/my_first_package_msgs/cmake/export_my_first_package_msgs__rosidl_generator_cExport-noconfig.cmake
[0.744s] -- Up-to-date: /home/ksm/ros2_study/install/my_first_package_msgs/share/my_first_package_msgs/cmake/export_my_first_package_msgs__rosidl_typesupport_fastrtps_cExport.cmake
[0.744s] -- Up-to-date: /home/ksm/ros2_study/install/my_first_package_msgs/share/my_first_package_msgs/cmake/export_my_first_package_msgs__rosidl_typesupport_fastrtps_cExport-noconfig.cmake
[0.744s] -- Up-to-date: /home/ksm/ros2_study/install/my_first_package_msgs/share/my_first_package_msgs/cmake/my_first_package_msgs__rosidl_typesupport_introspection_cExport.cmake
[0.744s] -- Up-to-date: /home/ksm/ros2_study/install/my_first_package_msgs/share/my_first_package_msgs/cmake/my_first_package_msgs__rosidl_typesupport_introspection_cExport-noconfig.cmake
[0.744s] -- Up-to-date: /home/ksm/ros2_study/install/my_first_package_msgs/share/my_first_package_msgs/cmake/my_first_package_msgs__rosidl_typesupport_cExport.cmake
[0.744s] -- Up-to-date: /home/ksm/ros2_study/install/my_first_package_msgs/share/my_first_package_msgs/cmake/my_first_package_msgs__rosidl_typesupport_cExport-noconfig.cmake
[0.744s] -- Up-to-date: /home/ksm/ros2_study/install/my_first_package_msgs/share/my_first_package_msgs/cmake/export_my_first_package_msgs__rosidl_generator_cppExport.cmake
[0.744s] -- Up-to-date: /home/ksm/ros2_study/install/my_first_package_msgs/share/my_first_package_msgs/cmake/export_my_first_package_msgs__rosidl_typesupport_fastrtps_cppExport.cmake
[0.744s] -- Up-to-date: /home/ksm/ros2_study/install/my_first_package_msgs/share/my_first_package_msgs/cmake/export_my_first_package_msgs__rosidl_typesupport_fastrtps_cppExport-noconfig.cmake
[0.744s] -- Up-to-date: /home/ksm/ros2_study/install/my_first_package_msgs/share/my_first_package_msgs/cmake/my_first_package_msgs__rosidl_typesupport_introspection_cppExport.cmake
[0.744s] -- Up-to-date: /home/ksm/ros2_study/install/my_first_package_msgs/share/my_first_package_msgs/cmake/my_first_package_msgs__rosidl_typesupport_introspection_cppExport-noconfig.cmake
[0.744s] -- Up-to-date: /home/ksm/ros2_study/install/my_first_package_msgs/share/my_first_package_msgs/cmake/my_first_package_msgs__rosidl_typesupport_cppExport.cmake
[0.745s] -- Up-to-date: /home/ksm/ros2_study/install/my_first_package_msgs/share/my_first_package_msgs/cmake/my_first_package_msgs__rosidl_typesupport_cppExport-noconfig.cmake
[0.745s] -- Up-to-date: /home/ksm/ros2_study/install/my_first_package_msgs/share/my_first_package_msgs/cmake/export_my_first_package_msgs__rosidl_generator_pyExport.cmake
[0.745s] -- Up-to-date: /home/ksm/ros2_study/install/my_first_package_msgs/share/my_first_package_msgs/cmake/export_my_first_package_msgs__rosidl_generator_pyExport-noconfig.cmake
[0.745s] -- Up-to-date: /home/ksm/ros2_study/install/my_first_package_msgs/share/my_first_package_msgs/cmake/rosidl_cmake-extras.cmake
[0.745s] -- Up-to-date: /home/ksm/ros2_study/install/my_first_package_msgs/share/my_first_package_msgs/cmake/ament_cmake_export_dependencies-extras.cmake
[0.746s] -- Up-to-date: /home/ksm/ros2_study/install/my_first_package_msgs/share/my_first_package_msgs/cmake/ament_cmake_export_include_directories-extras.cmake
[0.746s] -- Up-to-date: /home/ksm/ros2_study/install/my_first_package_msgs/share/my_first_package_msgs/cmake/ament_cmake_export_libraries-extras.cmake
[0.746s] -- Up-to-date: /home/ksm/ros2_study/install/my_first_package_msgs/share/my_first_package_msgs/cmake/ament_cmake_export_targets-extras.cmake
[0.746s] -- Up-to-date: /home/ksm/ros2_study/install/my_first_package_msgs/share/my_first_package_msgs/cmake/rosidl_cmake_export_typesupport_targets-extras.cmake
[0.746s] -- Up-to-date: /home/ksm/ros2_study/install/my_first_package_msgs/share/my_first_package_msgs/cmake/rosidl_cmake_export_typesupport_libraries-extras.cmake
[0.747s] -- Up-to-date: /home/ksm/ros2_study/install/my_first_package_msgs/share/my_first_package_msgs/cmake/my_first_package_msgsConfig.cmake
[0.747s] -- Up-to-date: /home/ksm/ros2_study/install/my_first_package_msgs/share/my_first_package_msgs/cmake/my_first_package_msgsConfig-version.cmake
[0.747s] -- Up-to-date: /home/ksm/ros2_study/install/my_first_package_msgs/share/my_first_package_msgs/package.xml
[0.749s] Invoked command in '/home/ksm/ros2_study/build/my_first_package_msgs' returned '0': CMAKE_PREFIX_PATH=${CMAKE_PREFIX_PATH}:/home/ksm/ros2_study/install/my_first_package:/opt/ros/humble /usr/bin/cmake --install /home/ksm/ros2_study/build/my_first_package_msgs
