[0.632s] Invoking command in '/home/ksm/ros2_study/src/my_first_package': PYTHONPATH=/home/ksm/ros2_study/build/my_first_package/prefix_override:/usr/lib/python3/dist-packages/colcon_core/task/python/colcon_distutils_commands:/home/ksm/ros2_study/install/my_first_package/lib/python3.10/site-packages:${PYTHONPATH} /usr/bin/python3 -W ignore:setup.py install is deprecated setup.py egg_info --egg-base ../../build/my_first_package build --build-base /home/ksm/ros2_study/build/my_first_package/build install --record /home/ksm/ros2_study/build/my_first_package/install.log --single-version-externally-managed install_data
[0.870s] running egg_info
[0.871s] writing ../../build/my_first_package/my_first_package.egg-info/PKG-INFO
[0.871s] writing dependency_links to ../../build/my_first_package/my_first_package.egg-info/dependency_links.txt
[0.871s] writing entry points to ../../build/my_first_package/my_first_package.egg-info/entry_points.txt
[0.871s] writing requirements to ../../build/my_first_package/my_first_package.egg-info/requires.txt
[0.872s] writing top-level names to ../../build/my_first_package/my_first_package.egg-info/top_level.txt
[0.874s] reading manifest file '../../build/my_first_package/my_first_package.egg-info/SOURCES.txt'
[0.875s] writing manifest file '../../build/my_first_package/my_first_package.egg-info/SOURCES.txt'
[0.875s] running build
[0.875s] running build_py
[0.876s] copying my_first_package/move_turtle.py -> /home/ksm/ros2_study/build/my_first_package/build/lib/my_first_package
[0.876s] running install
[0.877s] running install_lib
[0.877s] copying /home/ksm/ros2_study/build/my_first_package/build/lib/my_first_package/move_turtle.py -> /home/ksm/ros2_study/install/my_first_package/lib/python3.10/site-packages/my_first_package
[0.878s] byte-compiling /home/ksm/ros2_study/install/my_first_package/lib/python3.10/site-packages/my_first_package/move_turtle.py to move_turtle.cpython-310.pyc
[0.879s] running install_data
[0.879s] running install_egg_info
[0.881s] removing '/home/ksm/ros2_study/install/my_first_package/lib/python3.10/site-packages/my_first_package-0.0.0-py3.10.egg-info' (and everything under it)
[0.882s] Copying ../../build/my_first_package/my_first_package.egg-info to /home/ksm/ros2_study/install/my_first_package/lib/python3.10/site-packages/my_first_package-0.0.0-py3.10.egg-info
[0.882s] running install_scripts
[0.901s] Installing dist_turtle_action_serverr script to /home/ksm/ros2_study/install/my_first_package/lib/my_first_package
[0.901s] Installing move_turtle_action_server script to /home/ksm/ros2_study/install/my_first_package/lib/my_first_package
[0.901s] Installing my_first_node script to /home/ksm/ros2_study/install/my_first_package/lib/my_first_package
[0.901s] Installing my_publisher script to /home/ksm/ros2_study/install/my_first_package/lib/my_first_package
[0.902s] Installing my_service_server script to /home/ksm/ros2_study/install/my_first_package/lib/my_first_package
[0.902s] Installing my_subscriber script to /home/ksm/ros2_study/install/my_first_package/lib/my_first_package
[0.902s] Installing n_spawn_server script to /home/ksm/ros2_study/install/my_first_package/lib/my_first_package
[0.902s] Installing turtle_cmd_and_pose script to /home/ksm/ros2_study/install/my_first_package/lib/my_first_package
[0.902s] writing list of installed files to '/home/ksm/ros2_study/build/my_first_package/install.log'
[0.928s] Invoked command in '/home/ksm/ros2_study/src/my_first_package' returned '0': PYTHONPATH=/home/ksm/ros2_study/build/my_first_package/prefix_override:/usr/lib/python3/dist-packages/colcon_core/task/python/colcon_distutils_commands:/home/ksm/ros2_study/install/my_first_package/lib/python3.10/site-packages:${PYTHONPATH} /usr/bin/python3 -W ignore:setup.py install is deprecated setup.py egg_info --egg-base ../../build/my_first_package build --build-base /home/ksm/ros2_study/build/my_first_package/build install --record /home/ksm/ros2_study/build/my_first_package/install.log --single-version-externally-managed install_data
