[0.257s] Invoking command in '/home/ksm/ros2_study/build/my_first_package_msgs': CMAKE_PREFIX_PATH=/home/ksm/ros2_study/install/my_first_package:/opt/ros/humble /usr/bin/cmake /home/ksm/ros2_study/src/my_first_package_msgs -DCMAKE_INSTALL_PREFIX=/home/ksm/ros2_study/install/my_first_package_msgs
[0.474s] -- The C compiler identification is GNU 11.4.0
[0.790s] -- The CXX compiler identification is GNU 11.4.0
[1.005s] -- Detecting C compiler ABI info
[1.114s] -- Detecting C compiler ABI info - done
[1.121s] -- Check for working C compiler: /usr/bin/cc - skipped
[1.121s] -- Detecting C compile features
[1.122s] -- Detecting C compile features - done
[1.126s] -- Detecting CXX compiler ABI info
[1.232s] -- Detecting CXX compiler ABI info - done
[1.239s] -- Check for working CXX compiler: /usr/bin/c++ - skipped
[1.239s] -- Detecting CXX compile features
[1.240s] -- Detecting CXX compile features - done
[1.252s] -- Found ament_cmake: 1.3.10 (/opt/ros/humble/share/ament_cmake/cmake)
[1.394s] -- Found Python3: /usr/bin/python3 (found version "3.10.12") found components: Interpreter 
[1.500s] -- Found rosidl_default_generators: 1.2.0 (/opt/ros/humble/share/rosidl_default_generators/cmake)
[1.507s] -- Using all available rosidl_typesupport_c: rosidl_typesupport_fastrtps_c;rosidl_typesupport_introspection_c
[1.516s] -- Found rosidl_adapter: 3.1.5 (/opt/ros/humble/share/rosidl_adapter/cmake)
[1.651s] -- Using all available rosidl_typesupport_cpp: rosidl_typesupport_fastrtps_cpp;rosidl_typesupport_introspection_cpp
[1.913s] -- Found ament_cmake_ros: 0.10.0 (/opt/ros/humble/share/ament_cmake_ros/cmake)
[2.078s] -- Using all available rosidl_typesupport_c: rosidl_typesupport_fastrtps_c;rosidl_typesupport_introspection_c
[2.289s] -- Using all available rosidl_typesupport_cpp: rosidl_typesupport_fastrtps_cpp;rosidl_typesupport_introspection_cpp
[2.370s] -- Found PythonInterp: /usr/bin/python3 (found suitable version "3.10.12", minimum required is "3.6") 
[2.372s] -- Found python_cmake_module: 0.10.0 (/opt/ros/humble/share/python_cmake_module/cmake)
[2.599s] -- Found PythonLibs: /usr/lib/x86_64-linux-gnu/libpython3.10.so (found suitable version "3.10.12", minimum required is "3.5") 
[2.599s] -- Using PYTHON_EXECUTABLE: /usr/bin/python3
[2.599s] -- Using PYTHON_INCLUDE_DIRS: /usr/include/python3.10
[2.599s] -- Using PYTHON_LIBRARIES: /usr/lib/x86_64-linux-gnu/libpython3.10.so
[2.616s] -- Found PythonExtra: .so  
[2.671s] -- Found ament_lint_auto: 0.12.11 (/opt/ros/humble/share/ament_lint_auto/cmake)
[2.701s] -- Added test 'lint_cmake' to check CMake code style
[2.703s] -- Added test 'xmllint' to check XML markup files
[2.706s] -- Configuring done
[2.738s] -- Generating done
[2.741s] -- Build files have been written to: /home/ksm/ros2_study/build/my_first_package_msgs
[2.747s] Invoked command in '/home/ksm/ros2_study/build/my_first_package_msgs' returned '0': CMAKE_PREFIX_PATH=/home/ksm/ros2_study/install/my_first_package:/opt/ros/humble /usr/bin/cmake /home/ksm/ros2_study/src/my_first_package_msgs -DCMAKE_INSTALL_PREFIX=/home/ksm/ros2_study/install/my_first_package_msgs
[2.749s] Invoking command in '/home/ksm/ros2_study/build/my_first_package_msgs': CMAKE_PREFIX_PATH=/home/ksm/ros2_study/install/my_first_package:/opt/ros/humble /usr/bin/cmake --build /home/ksm/ros2_study/build/my_first_package_msgs -- -j12 -l12
[2.776s] [  3%] [34m[1mGenerating C code for ROS interfaces[0m
[2.783s] [  6%] [34m[1mGenerating C++ code for ROS interfaces[0m
[2.790s] [  6%] Built target ament_cmake_python_copy_my_first_package_msgs
[3.028s] [  6%] Built target my_first_package_msgs__cpp
[3.039s] [ 16%] [34m[1mGenerating C++ type support dispatch for ROS interfaces[0m
[3.039s] [ 16%] [34m[1mGenerating C++ type support for eProsima Fast-RTPS[0m
[3.039s] [ 16%] [34m[1mGenerating C++ introspection for ROS interfaces[0m
[3.048s] running egg_info
[3.049s] creating my_first_package_msgs.egg-info
[3.049s] writing my_first_package_msgs.egg-info/PKG-INFO
[3.050s] writing dependency_links to my_first_package_msgs.egg-info/dependency_links.txt
[3.050s] writing top-level names to my_first_package_msgs.egg-info/top_level.txt
[3.050s] writing manifest file 'my_first_package_msgs.egg-info/SOURCES.txt'
[3.053s] reading manifest file 'my_first_package_msgs.egg-info/SOURCES.txt'
[3.054s] writing manifest file 'my_first_package_msgs.egg-info/SOURCES.txt'
[3.057s] [ 19%] [32mBuilding C object CMakeFiles/my_first_package_msgs__rosidl_generator_c.dir/rosidl_generator_c/my_first_package_msgs/msg/detail/cmd_and_pose_vel__functions.c.o[0m
[3.097s] [ 19%] Built target ament_cmake_python_build_my_first_package_msgs_egg
[3.137s] [ 22%] [32m[1mLinking C shared library libmy_first_package_msgs__rosidl_generator_c.so[0m
[3.223s] [ 22%] Built target my_first_package_msgs__rosidl_generator_c
[3.234s] [ 25%] [34m[1mGenerating C type support dispatch for ROS interfaces[0m
[3.234s] [ 29%] [34m[1mGenerating C introspection for ROS interfaces[0m
[3.234s] [ 32%] [34m[1mGenerating C type support for eProsima Fast-RTPS[0m
[3.357s] [ 35%] [32mBuilding CXX object CMakeFiles/my_first_package_msgs__rosidl_typesupport_cpp.dir/rosidl_typesupport_cpp/my_first_package_msgs/msg/cmd_and_pose_vel__type_support.cpp.o[0m
[3.389s] [ 41%] [32mBuilding CXX object CMakeFiles/my_first_package_msgs__rosidl_typesupport_fastrtps_cpp.dir/rosidl_typesupport_fastrtps_cpp/my_first_package_msgs/msg/detail/dds_fastrtps/cmd_and_pose_vel__type_support.cpp.o[0m
[3.389s] [ 41%] [32mBuilding CXX object CMakeFiles/my_first_package_msgs__rosidl_typesupport_introspection_cpp.dir/rosidl_typesupport_introspection_cpp/my_first_package_msgs/msg/detail/cmd_and_pose_vel__type_support.cpp.o[0m
[3.533s] [ 45%] [32mBuilding CXX object CMakeFiles/my_first_package_msgs__rosidl_typesupport_c.dir/rosidl_typesupport_c/my_first_package_msgs/msg/cmd_and_pose_vel__type_support.cpp.o[0m
[3.569s] [ 48%] [32m[1mLinking CXX shared library libmy_first_package_msgs__rosidl_typesupport_c.so[0m
[3.579s] [ 51%] [32mBuilding C object CMakeFiles/my_first_package_msgs__rosidl_typesupport_introspection_c.dir/rosidl_typesupport_introspection_c/my_first_package_msgs/msg/detail/cmd_and_pose_vel__type_support.c.o[0m
[3.590s] [ 54%] [32mBuilding CXX object CMakeFiles/my_first_package_msgs__rosidl_typesupport_fastrtps_c.dir/rosidl_typesupport_fastrtps_c/my_first_package_msgs/msg/detail/cmd_and_pose_vel__type_support_c.cpp.o[0m
[3.616s] [ 58%] [32m[1mLinking C shared library libmy_first_package_msgs__rosidl_typesupport_introspection_c.so[0m
[3.673s] [ 58%] Built target my_first_package_msgs__rosidl_typesupport_c
[3.698s] [ 58%] Built target my_first_package_msgs__rosidl_typesupport_introspection_c
[3.738s] [ 61%] [32m[1mLinking CXX shared library libmy_first_package_msgs__rosidl_typesupport_cpp.so[0m
[3.824s] [ 61%] Built target my_first_package_msgs__rosidl_typesupport_cpp
[3.871s] [ 67%] [32m[1mLinking CXX shared library libmy_first_package_msgs__rosidl_typesupport_introspection_cpp.so[0m
[3.871s] [ 67%] [32m[1mLinking CXX shared library libmy_first_package_msgs__rosidl_typesupport_fastrtps_cpp.so[0m
[3.938s] [ 67%] Built target my_first_package_msgs__rosidl_typesupport_introspection_cpp
[3.952s] [ 70%] [32m[1mLinking CXX shared library libmy_first_package_msgs__rosidl_typesupport_fastrtps_c.so[0m
[3.976s] [ 70%] Built target my_first_package_msgs__rosidl_typesupport_fastrtps_cpp
[4.052s] [ 70%] Built target my_first_package_msgs__rosidl_typesupport_fastrtps_c
[4.066s] [ 70%] Built target my_first_package_msgs
[4.080s] [ 74%] [34m[1mGenerating Python code for ROS interfaces[0m
[4.357s] [ 74%] Built target my_first_package_msgs__py
[4.371s] [ 77%] [32mBuilding C object CMakeFiles/my_first_package_msgs__rosidl_generator_py.dir/rosidl_generator_py/my_first_package_msgs/msg/_cmd_and_pose_vel_s.c.o[0m
[4.495s] [ 80%] [32m[1mLinking C shared library rosidl_generator_py/my_first_package_msgs/libmy_first_package_msgs__rosidl_generator_py.so[0m
[4.565s] [ 80%] Built target my_first_package_msgs__rosidl_generator_py
[4.581s] [ 87%] [32mBuilding C object CMakeFiles/my_first_package_msgs__rosidl_typesupport_c__pyext.dir/rosidl_generator_py/my_first_package_msgs/_my_first_package_msgs_s.ep.rosidl_typesupport_c.c.o[0m
[4.581s] [ 87%] [32mBuilding C object CMakeFiles/my_first_package_msgs__rosidl_typesupport_introspection_c__pyext.dir/rosidl_generator_py/my_first_package_msgs/_my_first_package_msgs_s.ep.rosidl_typesupport_introspection_c.c.o[0m
[4.581s] [ 90%] [32mBuilding C object CMakeFiles/my_first_package_msgs__rosidl_typesupport_fastrtps_c__pyext.dir/rosidl_generator_py/my_first_package_msgs/_my_first_package_msgs_s.ep.rosidl_typesupport_fastrtps_c.c.o[0m
[4.659s] [ 93%] [32m[1mLinking C shared library rosidl_generator_py/my_first_package_msgs/my_first_package_msgs_s__rosidl_typesupport_fastrtps_c.cpython-310-x86_64-linux-gnu.so[0m
[4.665s] [100%] [32m[1mLinking C shared library rosidl_generator_py/my_first_package_msgs/my_first_package_msgs_s__rosidl_typesupport_c.cpython-310-x86_64-linux-gnu.so[0m
[4.665s] [100%] [32m[1mLinking C shared library rosidl_generator_py/my_first_package_msgs/my_first_package_msgs_s__rosidl_typesupport_introspection_c.cpython-310-x86_64-linux-gnu.so[0m
[4.721s] [100%] Built target my_first_package_msgs__rosidl_typesupport_c__pyext
[4.721s] [100%] Built target my_first_package_msgs__rosidl_typesupport_fastrtps_c__pyext
[4.721s] [100%] Built target my_first_package_msgs__rosidl_typesupport_introspection_c__pyext
[4.731s] Invoked command in '/home/ksm/ros2_study/build/my_first_package_msgs' returned '0': CMAKE_PREFIX_PATH=/home/ksm/ros2_study/install/my_first_package:/opt/ros/humble /usr/bin/cmake --build /home/ksm/ros2_study/build/my_first_package_msgs -- -j12 -l12
[4.777s] Invoking command in '/home/ksm/ros2_study/build/my_first_package_msgs': CMAKE_PREFIX_PATH=/home/ksm/ros2_study/install/my_first_package:/opt/ros/humble /usr/bin/cmake --install /home/ksm/ros2_study/build/my_first_package_msgs
[4.783s] -- Install configuration: ""
[4.784s] -- Installing: /home/ksm/ros2_study/install/my_first_package_msgs/share/ament_index/resource_index/rosidl_interfaces/my_first_package_msgs
[4.784s] -- Installing: /home/ksm/ros2_study/install/my_first_package_msgs/include/my_first_package_msgs/my_first_package_msgs
[4.784s] -- Installing: /home/ksm/ros2_study/install/my_first_package_msgs/include/my_first_package_msgs/my_first_package_msgs/msg
[4.784s] -- Installing: /home/ksm/ros2_study/install/my_first_package_msgs/include/my_first_package_msgs/my_first_package_msgs/msg/detail
[4.785s] -- Installing: /home/ksm/ros2_study/install/my_first_package_msgs/include/my_first_package_msgs/my_first_package_msgs/msg/detail/cmd_and_pose_vel__functions.c
[4.785s] -- Installing: /home/ksm/ros2_study/install/my_first_package_msgs/include/my_first_package_msgs/my_first_package_msgs/msg/detail/cmd_and_pose_vel__functions.h
[4.785s] -- Installing: /home/ksm/ros2_study/install/my_first_package_msgs/include/my_first_package_msgs/my_first_package_msgs/msg/detail/cmd_and_pose_vel__struct.h
[4.785s] -- Installing: /home/ksm/ros2_study/install/my_first_package_msgs/include/my_first_package_msgs/my_first_package_msgs/msg/detail/cmd_and_pose_vel__type_support.h
[4.785s] -- Installing: /home/ksm/ros2_study/install/my_first_package_msgs/include/my_first_package_msgs/my_first_package_msgs/msg/rosidl_generator_c__visibility_control.h
[4.786s] -- Installing: /home/ksm/ros2_study/install/my_first_package_msgs/include/my_first_package_msgs/my_first_package_msgs/msg/cmd_and_pose_vel.h
[4.786s] -- Installing: /home/ksm/ros2_study/install/my_first_package_msgs/share/my_first_package_msgs/environment/library_path.sh
[4.786s] -- Installing: /home/ksm/ros2_study/install/my_first_package_msgs/share/my_first_package_msgs/environment/library_path.dsv
[4.786s] -- Installing: /home/ksm/ros2_study/install/my_first_package_msgs/lib/libmy_first_package_msgs__rosidl_generator_c.so
[4.786s] -- Set runtime path of "/home/ksm/ros2_study/install/my_first_package_msgs/lib/libmy_first_package_msgs__rosidl_generator_c.so" to ""
[4.786s] -- Up-to-date: /home/ksm/ros2_study/install/my_first_package_msgs/include/my_first_package_msgs/my_first_package_msgs
[4.787s] -- Up-to-date: /home/ksm/ros2_study/install/my_first_package_msgs/include/my_first_package_msgs/my_first_package_msgs/msg
[4.787s] -- Up-to-date: /home/ksm/ros2_study/install/my_first_package_msgs/include/my_first_package_msgs/my_first_package_msgs/msg/detail
[4.787s] -- Installing: /home/ksm/ros2_study/install/my_first_package_msgs/include/my_first_package_msgs/my_first_package_msgs/msg/detail/cmd_and_pose_vel__rosidl_typesupport_fastrtps_c.h
[4.787s] -- Installing: /home/ksm/ros2_study/install/my_first_package_msgs/include/my_first_package_msgs/my_first_package_msgs/msg/rosidl_typesupport_fastrtps_c__visibility_control.h
[4.787s] -- Installing: /home/ksm/ros2_study/install/my_first_package_msgs/lib/libmy_first_package_msgs__rosidl_typesupport_fastrtps_c.so
[4.788s] -- Set runtime path of "/home/ksm/ros2_study/install/my_first_package_msgs/lib/libmy_first_package_msgs__rosidl_typesupport_fastrtps_c.so" to ""
[4.788s] -- Up-to-date: /home/ksm/ros2_study/install/my_first_package_msgs/include/my_first_package_msgs/my_first_package_msgs
[4.788s] -- Up-to-date: /home/ksm/ros2_study/install/my_first_package_msgs/include/my_first_package_msgs/my_first_package_msgs/msg
[4.788s] -- Up-to-date: /home/ksm/ros2_study/install/my_first_package_msgs/include/my_first_package_msgs/my_first_package_msgs/msg/detail
[4.788s] -- Installing: /home/ksm/ros2_study/install/my_first_package_msgs/include/my_first_package_msgs/my_first_package_msgs/msg/detail/cmd_and_pose_vel__type_support.c
[4.789s] -- Installing: /home/ksm/ros2_study/install/my_first_package_msgs/include/my_first_package_msgs/my_first_package_msgs/msg/detail/cmd_and_pose_vel__rosidl_typesupport_introspection_c.h
[4.789s] -- Installing: /home/ksm/ros2_study/install/my_first_package_msgs/include/my_first_package_msgs/my_first_package_msgs/msg/rosidl_typesupport_introspection_c__visibility_control.h
[4.789s] -- Installing: /home/ksm/ros2_study/install/my_first_package_msgs/lib/libmy_first_package_msgs__rosidl_typesupport_introspection_c.so
[4.789s] -- Set runtime path of "/home/ksm/ros2_study/install/my_first_package_msgs/lib/libmy_first_package_msgs__rosidl_typesupport_introspection_c.so" to ""
[4.789s] -- Installing: /home/ksm/ros2_study/install/my_first_package_msgs/lib/libmy_first_package_msgs__rosidl_typesupport_c.so
[4.790s] -- Set runtime path of "/home/ksm/ros2_study/install/my_first_package_msgs/lib/libmy_first_package_msgs__rosidl_typesupport_c.so" to ""
[4.790s] -- Up-to-date: /home/ksm/ros2_study/install/my_first_package_msgs/include/my_first_package_msgs/my_first_package_msgs
[4.790s] -- Up-to-date: /home/ksm/ros2_study/install/my_first_package_msgs/include/my_first_package_msgs/my_first_package_msgs/msg
[4.790s] -- Up-to-date: /home/ksm/ros2_study/install/my_first_package_msgs/include/my_first_package_msgs/my_first_package_msgs/msg/detail
[4.790s] -- Installing: /home/ksm/ros2_study/install/my_first_package_msgs/include/my_first_package_msgs/my_first_package_msgs/msg/detail/cmd_and_pose_vel__builder.hpp
[4.790s] -- Installing: /home/ksm/ros2_study/install/my_first_package_msgs/include/my_first_package_msgs/my_first_package_msgs/msg/detail/cmd_and_pose_vel__struct.hpp
[4.790s] -- Installing: /home/ksm/ros2_study/install/my_first_package_msgs/include/my_first_package_msgs/my_first_package_msgs/msg/detail/cmd_and_pose_vel__traits.hpp
[4.791s] -- Installing: /home/ksm/ros2_study/install/my_first_package_msgs/include/my_first_package_msgs/my_first_package_msgs/msg/cmd_and_pose_vel.hpp
[4.791s] -- Up-to-date: /home/ksm/ros2_study/install/my_first_package_msgs/include/my_first_package_msgs/my_first_package_msgs
[4.791s] -- Up-to-date: /home/ksm/ros2_study/install/my_first_package_msgs/include/my_first_package_msgs/my_first_package_msgs/msg
[4.791s] -- Up-to-date: /home/ksm/ros2_study/install/my_first_package_msgs/include/my_first_package_msgs/my_first_package_msgs/msg/detail
[4.791s] -- Installing: /home/ksm/ros2_study/install/my_first_package_msgs/include/my_first_package_msgs/my_first_package_msgs/msg/detail/dds_fastrtps
[4.791s] -- Installing: /home/ksm/ros2_study/install/my_first_package_msgs/include/my_first_package_msgs/my_first_package_msgs/msg/detail/cmd_and_pose_vel__rosidl_typesupport_fastrtps_cpp.hpp
[4.791s] -- Installing: /home/ksm/ros2_study/install/my_first_package_msgs/include/my_first_package_msgs/my_first_package_msgs/msg/rosidl_typesupport_fastrtps_cpp__visibility_control.h
[4.792s] -- Installing: /home/ksm/ros2_study/install/my_first_package_msgs/lib/libmy_first_package_msgs__rosidl_typesupport_fastrtps_cpp.so
[4.792s] -- Set runtime path of "/home/ksm/ros2_study/install/my_first_package_msgs/lib/libmy_first_package_msgs__rosidl_typesupport_fastrtps_cpp.so" to ""
[4.792s] -- Up-to-date: /home/ksm/ros2_study/install/my_first_package_msgs/include/my_first_package_msgs/my_first_package_msgs
[4.792s] -- Up-to-date: /home/ksm/ros2_study/install/my_first_package_msgs/include/my_first_package_msgs/my_first_package_msgs/msg
[4.792s] -- Up-to-date: /home/ksm/ros2_study/install/my_first_package_msgs/include/my_first_package_msgs/my_first_package_msgs/msg/detail
[4.792s] -- Installing: /home/ksm/ros2_study/install/my_first_package_msgs/include/my_first_package_msgs/my_first_package_msgs/msg/detail/cmd_and_pose_vel__type_support.cpp
[4.793s] -- Installing: /home/ksm/ros2_study/install/my_first_package_msgs/include/my_first_package_msgs/my_first_package_msgs/msg/detail/cmd_and_pose_vel__rosidl_typesupport_introspection_cpp.hpp
[4.793s] -- Installing: /home/ksm/ros2_study/install/my_first_package_msgs/lib/libmy_first_package_msgs__rosidl_typesupport_introspection_cpp.so
[4.793s] -- Set runtime path of "/home/ksm/ros2_study/install/my_first_package_msgs/lib/libmy_first_package_msgs__rosidl_typesupport_introspection_cpp.so" to ""
[4.793s] -- Installing: /home/ksm/ros2_study/install/my_first_package_msgs/lib/libmy_first_package_msgs__rosidl_typesupport_cpp.so
[4.793s] -- Set runtime path of "/home/ksm/ros2_study/install/my_first_package_msgs/lib/libmy_first_package_msgs__rosidl_typesupport_cpp.so" to ""
[4.793s] -- Installing: /home/ksm/ros2_study/install/my_first_package_msgs/share/my_first_package_msgs/environment/pythonpath.sh
[4.793s] -- Installing: /home/ksm/ros2_study/install/my_first_package_msgs/share/my_first_package_msgs/environment/pythonpath.dsv
[4.794s] -- Installing: /home/ksm/ros2_study/install/my_first_package_msgs/local/lib/python3.10/dist-packages/my_first_package_msgs-0.0.0-py3.10.egg-info
[4.794s] -- Installing: /home/ksm/ros2_study/install/my_first_package_msgs/local/lib/python3.10/dist-packages/my_first_package_msgs-0.0.0-py3.10.egg-info/SOURCES.txt
[4.794s] -- Installing: /home/ksm/ros2_study/install/my_first_package_msgs/local/lib/python3.10/dist-packages/my_first_package_msgs-0.0.0-py3.10.egg-info/dependency_links.txt
[4.794s] -- Installing: /home/ksm/ros2_study/install/my_first_package_msgs/local/lib/python3.10/dist-packages/my_first_package_msgs-0.0.0-py3.10.egg-info/top_level.txt
[4.794s] -- Installing: /home/ksm/ros2_study/install/my_first_package_msgs/local/lib/python3.10/dist-packages/my_first_package_msgs-0.0.0-py3.10.egg-info/PKG-INFO
[4.794s] -- Installing: /home/ksm/ros2_study/install/my_first_package_msgs/local/lib/python3.10/dist-packages/my_first_package_msgs
[4.794s] -- Installing: /home/ksm/ros2_study/install/my_first_package_msgs/local/lib/python3.10/dist-packages/my_first_package_msgs/msg
[4.794s] -- Installing: /home/ksm/ros2_study/install/my_first_package_msgs/local/lib/python3.10/dist-packages/my_first_package_msgs/msg/_cmd_and_pose_vel_s.c
[4.794s] -- Installing: /home/ksm/ros2_study/install/my_first_package_msgs/local/lib/python3.10/dist-packages/my_first_package_msgs/msg/__init__.py
[4.794s] -- Installing: /home/ksm/ros2_study/install/my_first_package_msgs/local/lib/python3.10/dist-packages/my_first_package_msgs/msg/_cmd_and_pose_vel.py
[4.795s] -- Installing: /home/ksm/ros2_study/install/my_first_package_msgs/local/lib/python3.10/dist-packages/my_first_package_msgs/_my_first_package_msgs_s.ep.rosidl_typesupport_c.c
[4.795s] -- Installing: /home/ksm/ros2_study/install/my_first_package_msgs/local/lib/python3.10/dist-packages/my_first_package_msgs/libmy_first_package_msgs__rosidl_generator_py.so
[4.795s] -- Installing: /home/ksm/ros2_study/install/my_first_package_msgs/local/lib/python3.10/dist-packages/my_first_package_msgs/__init__.py
[4.795s] -- Installing: /home/ksm/ros2_study/install/my_first_package_msgs/local/lib/python3.10/dist-packages/my_first_package_msgs/my_first_package_msgs_s__rosidl_typesupport_introspection_c.cpython-310-x86_64-linux-gnu.so
[4.795s] -- Installing: /home/ksm/ros2_study/install/my_first_package_msgs/local/lib/python3.10/dist-packages/my_first_package_msgs/_my_first_package_msgs_s.ep.rosidl_typesupport_fastrtps_c.c
[4.795s] -- Installing: /home/ksm/ros2_study/install/my_first_package_msgs/local/lib/python3.10/dist-packages/my_first_package_msgs/_my_first_package_msgs_s.ep.rosidl_typesupport_introspection_c.c
[4.795s] -- Installing: /home/ksm/ros2_study/install/my_first_package_msgs/local/lib/python3.10/dist-packages/my_first_package_msgs/my_first_package_msgs_s__rosidl_typesupport_c.cpython-310-x86_64-linux-gnu.so
[4.795s] -- Installing: /home/ksm/ros2_study/install/my_first_package_msgs/local/lib/python3.10/dist-packages/my_first_package_msgs/my_first_package_msgs_s__rosidl_typesupport_fastrtps_c.cpython-310-x86_64-linux-gnu.so
[4.824s] Listing '/home/ksm/ros2_study/install/my_first_package_msgs/local/lib/python3.10/dist-packages/my_first_package_msgs'...
[4.824s] Compiling '/home/ksm/ros2_study/install/my_first_package_msgs/local/lib/python3.10/dist-packages/my_first_package_msgs/__init__.py'...
[4.824s] Listing '/home/ksm/ros2_study/install/my_first_package_msgs/local/lib/python3.10/dist-packages/my_first_package_msgs/msg'...
[4.825s] Compiling '/home/ksm/ros2_study/install/my_first_package_msgs/local/lib/python3.10/dist-packages/my_first_package_msgs/msg/__init__.py'...
[4.825s] Compiling '/home/ksm/ros2_study/install/my_first_package_msgs/local/lib/python3.10/dist-packages/my_first_package_msgs/msg/_cmd_and_pose_vel.py'...
[4.829s] -- Installing: /home/ksm/ros2_study/install/my_first_package_msgs/local/lib/python3.10/dist-packages/my_first_package_msgs/my_first_package_msgs_s__rosidl_typesupport_fastrtps_c.cpython-310-x86_64-linux-gnu.so
[4.829s] -- Set runtime path of "/home/ksm/ros2_study/install/my_first_package_msgs/local/lib/python3.10/dist-packages/my_first_package_msgs/my_first_package_msgs_s__rosidl_typesupport_fastrtps_c.cpython-310-x86_64-linux-gnu.so" to ""
[4.829s] -- Installing: /home/ksm/ros2_study/install/my_first_package_msgs/local/lib/python3.10/dist-packages/my_first_package_msgs/my_first_package_msgs_s__rosidl_typesupport_introspection_c.cpython-310-x86_64-linux-gnu.so
[4.829s] -- Set runtime path of "/home/ksm/ros2_study/install/my_first_package_msgs/local/lib/python3.10/dist-packages/my_first_package_msgs/my_first_package_msgs_s__rosidl_typesupport_introspection_c.cpython-310-x86_64-linux-gnu.so" to ""
[4.830s] -- Installing: /home/ksm/ros2_study/install/my_first_package_msgs/local/lib/python3.10/dist-packages/my_first_package_msgs/my_first_package_msgs_s__rosidl_typesupport_c.cpython-310-x86_64-linux-gnu.so
[4.830s] -- Set runtime path of "/home/ksm/ros2_study/install/my_first_package_msgs/local/lib/python3.10/dist-packages/my_first_package_msgs/my_first_package_msgs_s__rosidl_typesupport_c.cpython-310-x86_64-linux-gnu.so" to ""
[4.830s] -- Installing: /home/ksm/ros2_study/install/my_first_package_msgs/lib/libmy_first_package_msgs__rosidl_generator_py.so
[4.830s] -- Set runtime path of "/home/ksm/ros2_study/install/my_first_package_msgs/lib/libmy_first_package_msgs__rosidl_generator_py.so" to ""
[4.830s] -- Installing: /home/ksm/ros2_study/install/my_first_package_msgs/share/my_first_package_msgs/msg/CmdAndPoseVel.idl
[4.831s] -- Installing: /home/ksm/ros2_study/install/my_first_package_msgs/share/my_first_package_msgs/msg/CmdAndPoseVel.msg
[4.831s] -- Installing: /home/ksm/ros2_study/install/my_first_package_msgs/share/ament_index/resource_index/package_run_dependencies/my_first_package_msgs
[4.831s] -- Installing: /home/ksm/ros2_study/install/my_first_package_msgs/share/ament_index/resource_index/parent_prefix_path/my_first_package_msgs
[4.831s] -- Installing: /home/ksm/ros2_study/install/my_first_package_msgs/share/my_first_package_msgs/environment/ament_prefix_path.sh
[4.831s] -- Installing: /home/ksm/ros2_study/install/my_first_package_msgs/share/my_first_package_msgs/environment/ament_prefix_path.dsv
[4.831s] -- Installing: /home/ksm/ros2_study/install/my_first_package_msgs/share/my_first_package_msgs/environment/path.sh
[4.832s] -- Installing: /home/ksm/ros2_study/install/my_first_package_msgs/share/my_first_package_msgs/environment/path.dsv
[4.832s] -- Installing: /home/ksm/ros2_study/install/my_first_package_msgs/share/my_first_package_msgs/local_setup.bash
[4.832s] -- Installing: /home/ksm/ros2_study/install/my_first_package_msgs/share/my_first_package_msgs/local_setup.sh
[4.832s] -- Installing: /home/ksm/ros2_study/install/my_first_package_msgs/share/my_first_package_msgs/local_setup.zsh
[4.832s] -- Installing: /home/ksm/ros2_study/install/my_first_package_msgs/share/my_first_package_msgs/local_setup.dsv
[4.832s] -- Installing: /home/ksm/ros2_study/install/my_first_package_msgs/share/my_first_package_msgs/package.dsv
[4.832s] -- Installing: /home/ksm/ros2_study/install/my_first_package_msgs/share/ament_index/resource_index/packages/my_first_package_msgs
[4.833s] -- Installing: /home/ksm/ros2_study/install/my_first_package_msgs/share/my_first_package_msgs/cmake/export_my_first_package_msgs__rosidl_generator_cExport.cmake
[4.833s] -- Installing: /home/ksm/ros2_study/install/my_first_package_msgs/share/my_first_package_msgs/cmake/export_my_first_package_msgs__rosidl_generator_cExport-noconfig.cmake
[4.833s] -- Installing: /home/ksm/ros2_study/install/my_first_package_msgs/share/my_first_package_msgs/cmake/export_my_first_package_msgs__rosidl_typesupport_fastrtps_cExport.cmake
[4.833s] -- Installing: /home/ksm/ros2_study/install/my_first_package_msgs/share/my_first_package_msgs/cmake/export_my_first_package_msgs__rosidl_typesupport_fastrtps_cExport-noconfig.cmake
[4.833s] -- Installing: /home/ksm/ros2_study/install/my_first_package_msgs/share/my_first_package_msgs/cmake/my_first_package_msgs__rosidl_typesupport_introspection_cExport.cmake
[4.833s] -- Installing: /home/ksm/ros2_study/install/my_first_package_msgs/share/my_first_package_msgs/cmake/my_first_package_msgs__rosidl_typesupport_introspection_cExport-noconfig.cmake
[4.833s] -- Installing: /home/ksm/ros2_study/install/my_first_package_msgs/share/my_first_package_msgs/cmake/my_first_package_msgs__rosidl_typesupport_cExport.cmake
[4.833s] -- Installing: /home/ksm/ros2_study/install/my_first_package_msgs/share/my_first_package_msgs/cmake/my_first_package_msgs__rosidl_typesupport_cExport-noconfig.cmake
[4.834s] -- Installing: /home/ksm/ros2_study/install/my_first_package_msgs/share/my_first_package_msgs/cmake/export_my_first_package_msgs__rosidl_generator_cppExport.cmake
[4.834s] -- Installing: /home/ksm/ros2_study/install/my_first_package_msgs/share/my_first_package_msgs/cmake/export_my_first_package_msgs__rosidl_typesupport_fastrtps_cppExport.cmake
[4.834s] -- Installing: /home/ksm/ros2_study/install/my_first_package_msgs/share/my_first_package_msgs/cmake/export_my_first_package_msgs__rosidl_typesupport_fastrtps_cppExport-noconfig.cmake
[4.834s] -- Installing: /home/ksm/ros2_study/install/my_first_package_msgs/share/my_first_package_msgs/cmake/my_first_package_msgs__rosidl_typesupport_introspection_cppExport.cmake
[4.834s] -- Installing: /home/ksm/ros2_study/install/my_first_package_msgs/share/my_first_package_msgs/cmake/my_first_package_msgs__rosidl_typesupport_introspection_cppExport-noconfig.cmake
[4.834s] -- Installing: /home/ksm/ros2_study/install/my_first_package_msgs/share/my_first_package_msgs/cmake/my_first_package_msgs__rosidl_typesupport_cppExport.cmake
[4.835s] -- Installing: /home/ksm/ros2_study/install/my_first_package_msgs/share/my_first_package_msgs/cmake/my_first_package_msgs__rosidl_typesupport_cppExport-noconfig.cmake
[4.835s] -- Installing: /home/ksm/ros2_study/install/my_first_package_msgs/share/my_first_package_msgs/cmake/export_my_first_package_msgs__rosidl_generator_pyExport.cmake
[4.835s] -- Installing: /home/ksm/ros2_study/install/my_first_package_msgs/share/my_first_package_msgs/cmake/export_my_first_package_msgs__rosidl_generator_pyExport-noconfig.cmake
[4.835s] -- Installing: /home/ksm/ros2_study/install/my_first_package_msgs/share/my_first_package_msgs/cmake/rosidl_cmake-extras.cmake
[4.835s] -- Installing: /home/ksm/ros2_study/install/my_first_package_msgs/share/my_first_package_msgs/cmake/ament_cmake_export_include_directories-extras.cmake
[4.835s] -- Installing: /home/ksm/ros2_study/install/my_first_package_msgs/share/my_first_package_msgs/cmake/ament_cmake_export_libraries-extras.cmake
[4.836s] -- Installing: /home/ksm/ros2_study/install/my_first_package_msgs/share/my_first_package_msgs/cmake/ament_cmake_export_targets-extras.cmake
[4.836s] -- Installing: /home/ksm/ros2_study/install/my_first_package_msgs/share/my_first_package_msgs/cmake/rosidl_cmake_export_typesupport_targets-extras.cmake
[4.836s] -- Installing: /home/ksm/ros2_study/install/my_first_package_msgs/share/my_first_package_msgs/cmake/ament_cmake_export_dependencies-extras.cmake
[4.836s] -- Installing: /home/ksm/ros2_study/install/my_first_package_msgs/share/my_first_package_msgs/cmake/rosidl_cmake_export_typesupport_libraries-extras.cmake
[4.836s] -- Installing: /home/ksm/ros2_study/install/my_first_package_msgs/share/my_first_package_msgs/cmake/my_first_package_msgsConfig.cmake
[4.836s] -- Installing: /home/ksm/ros2_study/install/my_first_package_msgs/share/my_first_package_msgs/cmake/my_first_package_msgsConfig-version.cmake
[4.836s] -- Installing: /home/ksm/ros2_study/install/my_first_package_msgs/share/my_first_package_msgs/package.xml
[4.838s] Invoked command in '/home/ksm/ros2_study/build/my_first_package_msgs' returned '0': CMAKE_PREFIX_PATH=/home/ksm/ros2_study/install/my_first_package:/opt/ros/humble /usr/bin/cmake --install /home/ksm/ros2_study/build/my_first_package_msgs
